{"C:\\Users\\user\\OneDrive\\Desktop\\CRM\\backend\\login\\Auth.js": {"path":"C:\\Users\\user\\OneDrive\\Desktop\\CRM\\backend\\login\\Auth.js","statementMap":{"0":{"start":{"line":1,"column":16},"end":{"line":1,"column":34}},"1":{"start":{"line":2,"column":15},"end":{"line":2,"column":31}},"2":{"start":{"line":3,"column":15},"end":{"line":3,"column":34}},"3":{"start":{"line":4,"column":12},"end":{"line":4,"column":35}},"4":{"start":{"line":5,"column":13},"end":{"line":5,"column":38}},"5":{"start":{"line":6,"column":18},"end":{"line":6,"column":46}},"6":{"start":{"line":7,"column":17},"end":{"line":7,"column":50}},"7":{"start":{"line":10,"column":0},"end":{"line":13,"column":1}},"8":{"start":{"line":11,"column":2},"end":{"line":11,"column":80}},"9":{"start":{"line":12,"column":2},"end":{"line":12,"column":18}},"10":{"start":{"line":15,"column":19},"end":{"line":15,"column":41}},"11":{"start":{"line":16,"column":32},"end":{"line":16,"column":37}},"12":{"start":{"line":17,"column":33},"end":{"line":17,"column":37}},"13":{"start":{"line":19,"column":26},"end":{"line":19,"column":66}},"14":{"start":{"line":22,"column":0},"end":{"line":102,"column":3}},"15":{"start":{"line":27,"column":33},"end":{"line":27,"column":41}},"16":{"start":{"line":29,"column":2},"end":{"line":29,"column":53}},"17":{"start":{"line":31,"column":2},"end":{"line":101,"column":3}},"18":{"start":{"line":32,"column":17},"end":{"line":32,"column":49}},"19":{"start":{"line":35,"column":28},"end":{"line":35,"column":58}},"20":{"start":{"line":37,"column":4},"end":{"line":40,"column":5}},"21":{"start":{"line":39,"column":6},"end":{"line":39,"column":62}},"22":{"start":{"line":42,"column":20},"end":{"line":42,"column":69}},"23":{"start":{"line":44,"column":4},"end":{"line":47,"column":5}},"24":{"start":{"line":45,"column":6},"end":{"line":45,"column":68}},"25":{"start":{"line":46,"column":6},"end":{"line":46,"column":62}},"26":{"start":{"line":50,"column":24},"end":{"line":58,"column":5}},"27":{"start":{"line":61,"column":25},"end":{"line":69,"column":5}},"28":{"start":{"line":72,"column":4},"end":{"line":72,"column":37}},"29":{"start":{"line":73,"column":4},"end":{"line":73,"column":22}},"30":{"start":{"line":75,"column":4},"end":{"line":75,"column":47}},"31":{"start":{"line":78,"column":4},"end":{"line":78,"column":58}},"32":{"start":{"line":80,"column":4},"end":{"line":83,"column":5}},"33":{"start":{"line":81,"column":6},"end":{"line":81,"column":78}},"34":{"start":{"line":82,"column":6},"end":{"line":82,"column":83}},"35":{"start":{"line":85,"column":4},"end":{"line":97,"column":7}},"36":{"start":{"line":99,"column":4},"end":{"line":99,"column":39}},"37":{"start":{"line":100,"column":4},"end":{"line":100,"column":60}},"38":{"start":{"line":104,"column":0},"end":{"line":104,"column":null}}},"fnMap":{"0":{"name":"(anonymous_0)","decl":{"start":{"line":26,"column":3},"end":{"line":26,"column":8}},"loc":{"start":{"line":26,"column":23},"end":{"line":102,"column":1}},"line":26}},"branchMap":{"0":{"loc":{"start":{"line":10,"column":0},"end":{"line":13,"column":1}},"type":"if","locations":[{"start":{"line":10,"column":0},"end":{"line":13,"column":1}},{"start":{},"end":{}}],"line":10},"1":{"loc":{"start":{"line":37,"column":4},"end":{"line":40,"column":5}},"type":"if","locations":[{"start":{"line":37,"column":4},"end":{"line":40,"column":5}},{"start":{},"end":{}}],"line":37},"2":{"loc":{"start":{"line":37,"column":8},"end":{"line":37,"column":35}},"type":"binary-expr","locations":[{"start":{"line":37,"column":8},"end":{"line":37,"column":13}},{"start":{"line":37,"column":17},"end":{"line":37,"column":35}}],"line":37},"3":{"loc":{"start":{"line":44,"column":4},"end":{"line":47,"column":5}},"type":"if","locations":[{"start":{"line":44,"column":4},"end":{"line":47,"column":5}},{"start":{},"end":{}}],"line":44},"4":{"loc":{"start":{"line":80,"column":4},"end":{"line":83,"column":5}},"type":"if","locations":[{"start":{"line":80,"column":4},"end":{"line":83,"column":5}},{"start":{},"end":{}}],"line":80}},"s":{"0":0,"1":0,"2":0,"3":0,"4":0,"5":0,"6":0,"7":0,"8":0,"9":0,"10":0,"11":0,"12":0,"13":0,"14":0,"15":0,"16":0,"17":0,"18":0,"19":0,"20":0,"21":0,"22":0,"23":0,"24":0,"25":0,"26":0,"27":0,"28":0,"29":0,"30":0,"31":0,"32":0,"33":0,"34":0,"35":0,"36":0,"37":0,"38":0},"f":{"0":0},"b":{"0":[0,0],"1":[0,0],"2":[0,0],"3":[0,0],"4":[0,0]},"meta":{"lastBranch":5,"lastFunction":1,"lastStatement":39,"seen":{"s:1:16:1:34":0,"s:2:15:2:31":1,"s:3:15:3:34":2,"s:4:12:4:35":3,"s:5:13:5:38":4,"s:6:18:6:46":5,"s:7:17:7:50":6,"b:10:0:13:1:undefined:undefined:undefined:undefined":0,"s:10:0:13:1":7,"s:11:2:11:80":8,"s:12:2:12:18":9,"s:15:19:15:41":10,"s:16:32:16:37":11,"s:17:33:17:37":12,"s:19:26:19:66":13,"s:22:0:102:3":14,"f:26:3:26:8":0,"s:27:33:27:41":15,"s:29:2:29:53":16,"s:31:2:101:3":17,"s:32:17:32:49":18,"s:35:28:35:58":19,"b:37:4:40:5:undefined:undefined:undefined:undefined":1,"s:37:4:40:5":20,"b:37:8:37:13:37:17:37:35":2,"s:39:6:39:62":21,"s:42:20:42:69":22,"b:44:4:47:5:undefined:undefined:undefined:undefined":3,"s:44:4:47:5":23,"s:45:6:45:68":24,"s:46:6:46:62":25,"s:50:24:58:5":26,"s:61:25:69:5":27,"s:72:4:72:37":28,"s:73:4:73:22":29,"s:75:4:75:47":30,"s:78:4:78:58":31,"b:80:4:83:5:undefined:undefined:undefined:undefined":4,"s:80:4:83:5":32,"s:81:6:81:78":33,"s:82:6:82:83":34,"s:85:4:97:7":35,"s:99:4:99:39":36,"s:100:4:100:60":37,"s:104:0:104:Infinity":38}}}
,"C:\\Users\\user\\OneDrive\\Desktop\\CRM\\backend\\middleware\\auth.js": {"path":"C:\\Users\\user\\OneDrive\\Desktop\\CRM\\backend\\middleware\\auth.js","statementMap":{"0":{"start":{"line":1,"column":12},"end":{"line":1,"column":35}},"1":{"start":{"line":2,"column":13},"end":{"line":2,"column":38}},"2":{"start":{"line":4,"column":13},"end":{"line":42,"column":1}},"3":{"start":{"line":5,"column":2},"end":{"line":41,"column":null}},"4":{"start":{"line":7,"column":18},"end":{"line":7,"column":69}},"5":{"start":{"line":9,"column":4},"end":{"line":11,"column":null}},"6":{"start":{"line":10,"column":6},"end":{"line":10,"column":null}},"7":{"start":{"line":14,"column":4},"end":{"line":16,"column":null}},"8":{"start":{"line":15,"column":6},"end":{"line":15,"column":null}},"9":{"start":{"line":17,"column":20},"end":{"line":17,"column":61}},"10":{"start":{"line":20,"column":17},"end":{"line":20,"column":66}},"11":{"start":{"line":22,"column":4},"end":{"line":24,"column":null}},"12":{"start":{"line":23,"column":6},"end":{"line":23,"column":null}},"13":{"start":{"line":27,"column":4},"end":{"line":27,"column":null}},"14":{"start":{"line":28,"column":4},"end":{"line":28,"column":null}},"15":{"start":{"line":30,"column":4},"end":{"line":33,"column":null}},"16":{"start":{"line":31,"column":6},"end":{"line":31,"column":null}},"17":{"start":{"line":32,"column":6},"end":{"line":32,"column":null}},"18":{"start":{"line":34,"column":4},"end":{"line":37,"column":null}},"19":{"start":{"line":35,"column":6},"end":{"line":35,"column":null}},"20":{"start":{"line":36,"column":6},"end":{"line":36,"column":null}},"21":{"start":{"line":39,"column":4},"end":{"line":39,"column":null}},"22":{"start":{"line":40,"column":4},"end":{"line":40,"column":null}},"23":{"start":{"line":44,"column":0},"end":{"line":44,"column":null}}},"fnMap":{"0":{"name":"(anonymous_0)","decl":{"start":{"line":4,"column":13},"end":{"line":4,"column":18}},"loc":{"start":{"line":4,"column":39},"end":{"line":42,"column":1}},"line":4}},"branchMap":{"0":{"loc":{"start":{"line":9,"column":4},"end":{"line":11,"column":null}},"type":"if","locations":[{"start":{"line":9,"column":4},"end":{"line":11,"column":null}},{"start":{},"end":{}}],"line":9},"1":{"loc":{"start":{"line":14,"column":4},"end":{"line":16,"column":null}},"type":"if","locations":[{"start":{"line":14,"column":4},"end":{"line":16,"column":null}},{"start":{},"end":{}}],"line":14},"2":{"loc":{"start":{"line":20,"column":37},"end":{"line":20,"column":65}},"type":"binary-expr","locations":[{"start":{"line":20,"column":37},"end":{"line":20,"column":47}},{"start":{"line":20,"column":51},"end":{"line":20,"column":65}}],"line":20},"3":{"loc":{"start":{"line":22,"column":4},"end":{"line":24,"column":null}},"type":"if","locations":[{"start":{"line":22,"column":4},"end":{"line":24,"column":null}},{"start":{},"end":{}}],"line":22},"4":{"loc":{"start":{"line":30,"column":4},"end":{"line":33,"column":null}},"type":"if","locations":[{"start":{"line":30,"column":4},"end":{"line":33,"column":null}},{"start":{},"end":{}}],"line":30},"5":{"loc":{"start":{"line":34,"column":4},"end":{"line":37,"column":null}},"type":"if","locations":[{"start":{"line":34,"column":4},"end":{"line":37,"column":null}},{"start":{},"end":{}}],"line":34}},"s":{"0":0,"1":0,"2":0,"3":0,"4":0,"5":0,"6":0,"7":0,"8":0,"9":0,"10":0,"11":0,"12":0,"13":0,"14":0,"15":0,"16":0,"17":0,"18":0,"19":0,"20":0,"21":0,"22":0,"23":0},"f":{"0":0},"b":{"0":[0,0],"1":[0,0],"2":[0,0],"3":[0,0],"4":[0,0],"5":[0,0]},"meta":{"lastBranch":6,"lastFunction":1,"lastStatement":24,"seen":{"s:1:12:1:35":0,"s:2:13:2:38":1,"s:4:13:42:1":2,"f:4:13:4:18":0,"s:5:2:41:Infinity":3,"s:7:18:7:69":4,"b:9:4:11:Infinity:undefined:undefined:undefined:undefined":0,"s:9:4:11:Infinity":5,"s:10:6:10:Infinity":6,"b:14:4:16:Infinity:undefined:undefined:undefined:undefined":1,"s:14:4:16:Infinity":7,"s:15:6:15:Infinity":8,"s:17:20:17:61":9,"s:20:17:20:66":10,"b:20:37:20:47:20:51:20:65":2,"b:22:4:24:Infinity:undefined:undefined:undefined:undefined":3,"s:22:4:24:Infinity":11,"s:23:6:23:Infinity":12,"s:27:4:27:Infinity":13,"s:28:4:28:Infinity":14,"b:30:4:33:Infinity:undefined:undefined:undefined:undefined":4,"s:30:4:33:Infinity":15,"s:31:6:31:Infinity":16,"s:32:6:32:Infinity":17,"b:34:4:37:Infinity:undefined:undefined:undefined:undefined":5,"s:34:4:37:Infinity":18,"s:35:6:35:Infinity":19,"s:36:6:36:Infinity":20,"s:39:4:39:Infinity":21,"s:40:4:40:Infinity":22,"s:44:0:44:Infinity":23}}}
,"C:\\Users\\user\\OneDrive\\Desktop\\CRM\\backend\\middleware\\errorHandler.js": {"path":"C:\\Users\\user\\OneDrive\\Desktop\\CRM\\backend\\middleware\\errorHandler.js","statementMap":{"0":{"start":{"line":1,"column":21},"end":{"line":11,"column":null}},"1":{"start":{"line":2,"column":4},"end":{"line":2,"column":null}},"2":{"start":{"line":3,"column":4},"end":{"line":3,"column":null}},"3":{"start":{"line":5,"column":23},"end":{"line":5,"column":null}},"4":{"start":{"line":7,"column":4},"end":{"line":10,"column":null}},"5":{"start":{"line":13,"column":0},"end":{"line":13,"column":null}}},"fnMap":{"0":{"name":"(anonymous_0)","decl":{"start":{"line":1,"column":21},"end":{"line":1,"column":22}},"loc":{"start":{"line":1,"column":46},"end":{"line":11,"column":null}},"line":1}},"branchMap":{"0":{"loc":{"start":{"line":5,"column":23},"end":{"line":5,"column":null}},"type":"cond-expr","locations":[{"start":{"line":5,"column":48},"end":{"line":5,"column":54}},{"start":{"line":5,"column":54},"end":{"line":5,"column":null}}],"line":5},"1":{"loc":{"start":{"line":9,"column":15},"end":{"line":9,"column":null}},"type":"cond-expr","locations":[{"start":{"line":9,"column":55},"end":{"line":9,"column":62}},{"start":{"line":9,"column":62},"end":{"line":9,"column":null}}],"line":9}},"s":{"0":0,"1":0,"2":0,"3":0,"4":0,"5":0},"f":{"0":0},"b":{"0":[0,0],"1":[0,0]},"meta":{"lastBranch":2,"lastFunction":1,"lastStatement":6,"seen":{"s:1:21:11:Infinity":0,"f:1:21:1:22":0,"s:2:4:2:Infinity":1,"s:3:4:3:Infinity":2,"s:5:23:5:Infinity":3,"b:5:48:5:54:5:54:5:Infinity":0,"s:7:4:10:Infinity":4,"b:9:55:9:62:9:62:9:Infinity":1,"s:13:0:13:Infinity":5}}}
,"C:\\Users\\user\\OneDrive\\Desktop\\CRM\\backend\\middleware\\security.js": {"path":"C:\\Users\\user\\OneDrive\\Desktop\\CRM\\backend\\middleware\\security.js","statementMap":{"0":{"start":{"line":1,"column":18},"end":{"line":1,"column":47}},"1":{"start":{"line":2,"column":12},"end":{"line":2,"column":26}},"2":{"start":{"line":5,"column":26},"end":{"line":15,"column":1}},"3":{"start":{"line":6,"column":2},"end":{"line":14,"column":5}},"4":{"start":{"line":18,"column":22},"end":{"line":41,"column":1}},"5":{"start":{"line":20,"column":2},"end":{"line":24,"column":3}},"6":{"start":{"line":21,"column":4},"end":{"line":23,"column":5}},"7":{"start":{"line":22,"column":6},"end":{"line":22,"column":43}},"8":{"start":{"line":27,"column":2},"end":{"line":31,"column":3}},"9":{"start":{"line":28,"column":4},"end":{"line":30,"column":5}},"10":{"start":{"line":29,"column":6},"end":{"line":29,"column":41}},"11":{"start":{"line":34,"column":2},"end":{"line":38,"column":3}},"12":{"start":{"line":35,"column":4},"end":{"line":37,"column":5}},"13":{"start":{"line":36,"column":6},"end":{"line":36,"column":45}},"14":{"start":{"line":40,"column":2},"end":{"line":40,"column":9}},"15":{"start":{"line":44,"column":24},"end":{"line":50,"column":1}},"16":{"start":{"line":45,"column":2},"end":{"line":45,"column":53}},"17":{"start":{"line":46,"column":2},"end":{"line":46,"column":43}},"18":{"start":{"line":47,"column":2},"end":{"line":47,"column":53}},"19":{"start":{"line":48,"column":2},"end":{"line":48,"column":84}},"20":{"start":{"line":49,"column":2},"end":{"line":49,"column":9}},"21":{"start":{"line":52,"column":0},"end":{"line":56,"column":null}}},"fnMap":{"0":{"name":"(anonymous_0)","decl":{"start":{"line":5,"column":26},"end":{"line":5,"column":27}},"loc":{"start":{"line":5,"column":54},"end":{"line":15,"column":1}},"line":5},"1":{"name":"(anonymous_1)","decl":{"start":{"line":18,"column":22},"end":{"line":18,"column":23}},"loc":{"start":{"line":18,"column":42},"end":{"line":41,"column":1}},"line":18},"2":{"name":"(anonymous_2)","decl":{"start":{"line":44,"column":24},"end":{"line":44,"column":25}},"loc":{"start":{"line":44,"column":44},"end":{"line":50,"column":1}},"line":44}},"branchMap":{"0":{"loc":{"start":{"line":10,"column":13},"end":{"line":10,"column":67}},"type":"binary-expr","locations":[{"start":{"line":10,"column":13},"end":{"line":10,"column":20}},{"start":{"line":10,"column":24},"end":{"line":10,"column":67}}],"line":10},"1":{"loc":{"start":{"line":21,"column":4},"end":{"line":23,"column":5}},"type":"if","locations":[{"start":{"line":21,"column":4},"end":{"line":23,"column":5}},{"start":{},"end":{}}],"line":21},"2":{"loc":{"start":{"line":28,"column":4},"end":{"line":30,"column":5}},"type":"if","locations":[{"start":{"line":28,"column":4},"end":{"line":30,"column":5}},{"start":{},"end":{}}],"line":28},"3":{"loc":{"start":{"line":35,"column":4},"end":{"line":37,"column":5}},"type":"if","locations":[{"start":{"line":35,"column":4},"end":{"line":37,"column":5}},{"start":{},"end":{}}],"line":35}},"s":{"0":0,"1":0,"2":0,"3":0,"4":0,"5":0,"6":0,"7":0,"8":0,"9":0,"10":0,"11":0,"12":0,"13":0,"14":0,"15":0,"16":0,"17":0,"18":0,"19":0,"20":0,"21":0},"f":{"0":0,"1":0,"2":0},"b":{"0":[0,0],"1":[0,0],"2":[0,0],"3":[0,0]},"meta":{"lastBranch":4,"lastFunction":3,"lastStatement":22,"seen":{"s:1:18:1:47":0,"s:2:12:2:26":1,"s:5:26:15:1":2,"f:5:26:5:27":0,"s:6:2:14:5":3,"b:10:13:10:20:10:24:10:67":0,"s:18:22:41:1":4,"f:18:22:18:23":1,"s:20:2:24:3":5,"b:21:4:23:5:undefined:undefined:undefined:undefined":1,"s:21:4:23:5":6,"s:22:6:22:43":7,"s:27:2:31:3":8,"b:28:4:30:5:undefined:undefined:undefined:undefined":2,"s:28:4:30:5":9,"s:29:6:29:41":10,"s:34:2:38:3":11,"b:35:4:37:5:undefined:undefined:undefined:undefined":3,"s:35:4:37:5":12,"s:36:6:36:45":13,"s:40:2:40:9":14,"s:44:24:50:1":15,"f:44:24:44:25":2,"s:45:2:45:53":16,"s:46:2:46:43":17,"s:47:2:47:53":18,"s:48:2:48:84":19,"s:49:2:49:9":20,"s:52:0:56:Infinity":21}}}
,"C:\\Users\\user\\OneDrive\\Desktop\\CRM\\backend\\middleware\\validate.js": {"path":"C:\\Users\\user\\OneDrive\\Desktop\\CRM\\backend\\middleware\\validate.js","statementMap":{"0":{"start":{"line":1,"column":29},"end":{"line":1,"column":57}},"1":{"start":{"line":3,"column":17},"end":{"line":9,"column":1}},"2":{"start":{"line":4,"column":19},"end":{"line":4,"column":40}},"3":{"start":{"line":5,"column":4},"end":{"line":7,"column":5}},"4":{"start":{"line":6,"column":8},"end":{"line":6,"column":64}},"5":{"start":{"line":8,"column":4},"end":{"line":8,"column":11}},"6":{"start":{"line":11,"column":0},"end":{"line":11,"column":26}}},"fnMap":{"0":{"name":"(anonymous_0)","decl":{"start":{"line":3,"column":17},"end":{"line":3,"column":18}},"loc":{"start":{"line":3,"column":37},"end":{"line":9,"column":1}},"line":3}},"branchMap":{"0":{"loc":{"start":{"line":5,"column":4},"end":{"line":7,"column":5}},"type":"if","locations":[{"start":{"line":5,"column":4},"end":{"line":7,"column":5}},{"start":{},"end":{}}],"line":5}},"s":{"0":0,"1":0,"2":0,"3":0,"4":0,"5":0,"6":0},"f":{"0":0},"b":{"0":[0,0]},"meta":{"lastBranch":1,"lastFunction":1,"lastStatement":7,"seen":{"s:1:29:1:57":0,"s:3:17:9:1":1,"f:3:17:3:18":0,"s:4:19:4:40":2,"b:5:4:7:5:undefined:undefined:undefined:undefined":0,"s:5:4:7:5":3,"s:6:8:6:64":4,"s:8:4:8:11":5,"s:11:0:11:26":6}}}
,"C:\\Users\\user\\OneDrive\\Desktop\\CRM\\backend\\models\\Appointment.js": {"path":"C:\\Users\\user\\OneDrive\\Desktop\\CRM\\backend\\models\\Appointment.js","statementMap":{"0":{"start":{"line":1,"column":17},"end":{"line":1,"column":36}},"1":{"start":{"line":3,"column":26},"end":{"line":70,"column":24}},"2":{"start":{"line":73,"column":28},"end":{"line":104,"column":24}},"3":{"start":{"line":106,"column":20},"end":{"line":106,"column":68}},"4":{"start":{"line":107,"column":22},"end":{"line":107,"column":74}},"5":{"start":{"line":109,"column":0},"end":{"line":109,"column":null}}},"fnMap":{},"branchMap":{},"s":{"0":0,"1":0,"2":0,"3":0,"4":0,"5":0},"f":{},"b":{},"meta":{"lastBranch":0,"lastFunction":0,"lastStatement":6,"seen":{"s:1:17:1:36":0,"s:3:26:70:24":1,"s:73:28:104:24":2,"s:106:20:106:68":3,"s:107:22:107:74":4,"s:109:0:109:Infinity":5}}}
,"C:\\Users\\user\\OneDrive\\Desktop\\CRM\\backend\\models\\Attendance.js": {"path":"C:\\Users\\user\\OneDrive\\Desktop\\CRM\\backend\\models\\Attendance.js","statementMap":{"0":{"start":{"line":1,"column":17},"end":{"line":1,"column":36}},"1":{"start":{"line":3,"column":25},"end":{"line":38,"column":24}},"2":{"start":{"line":43,"column":0},"end":{"line":43,"column":64}}},"fnMap":{},"branchMap":{},"s":{"0":0,"1":0,"2":0},"f":{},"b":{},"meta":{"lastBranch":0,"lastFunction":0,"lastStatement":3,"seen":{"s:1:17:1:36":0,"s:3:25:38:24":1,"s:43:0:43:64":2}}}
,"C:\\Users\\user\\OneDrive\\Desktop\\CRM\\backend\\models\\CallLog.js": {"path":"C:\\Users\\user\\OneDrive\\Desktop\\CRM\\backend\\models\\CallLog.js","statementMap":{"0":{"start":{"line":1,"column":17},"end":{"line":1,"column":36}},"1":{"start":{"line":3,"column":22},"end":{"line":12,"column":2}},"2":{"start":{"line":14,"column":0},"end":{"line":14,"column":null}}},"fnMap":{},"branchMap":{},"s":{"0":0,"1":0,"2":0},"f":{},"b":{},"meta":{"lastBranch":0,"lastFunction":0,"lastStatement":3,"seen":{"s:1:17:1:36":0,"s:3:22:12:2":1,"s:14:0:14:Infinity":2}}}
,"C:\\Users\\user\\OneDrive\\Desktop\\CRM\\backend\\models\\Lead.js": {"path":"C:\\Users\\user\\OneDrive\\Desktop\\CRM\\backend\\models\\Lead.js","statementMap":{"0":{"start":{"line":1,"column":17},"end":{"line":1,"column":36}},"1":{"start":{"line":3,"column":19},"end":{"line":47,"column":24}},"2":{"start":{"line":49,"column":0},"end":{"line":49,"column":52}}},"fnMap":{},"branchMap":{},"s":{"0":0,"1":0,"2":0},"f":{},"b":{},"meta":{"lastBranch":0,"lastFunction":0,"lastStatement":3,"seen":{"s:1:17:1:36":0,"s:3:19:47:24":1,"s:49:0:49:52":2}}}
,"C:\\Users\\user\\OneDrive\\Desktop\\CRM\\backend\\models\\LeadFile.js": {"path":"C:\\Users\\user\\OneDrive\\Desktop\\CRM\\backend\\models\\LeadFile.js","statementMap":{"0":{"start":{"line":1,"column":17},"end":{"line":1,"column":36}},"1":{"start":{"line":3,"column":23},"end":{"line":9,"column":2}},"2":{"start":{"line":11,"column":0},"end":{"line":11,"column":60}}},"fnMap":{},"branchMap":{},"s":{"0":0,"1":0,"2":0},"f":{},"b":{},"meta":{"lastBranch":0,"lastFunction":0,"lastStatement":3,"seen":{"s:1:17:1:36":0,"s:3:23:9:2":1,"s:11:0:11:60":2}}}
,"C:\\Users\\user\\OneDrive\\Desktop\\CRM\\backend\\models\\LocationLog.js": {"path":"C:\\Users\\user\\OneDrive\\Desktop\\CRM\\backend\\models\\LocationLog.js","statementMap":{"0":{"start":{"line":1,"column":17},"end":{"line":1,"column":36}},"1":{"start":{"line":3,"column":26},"end":{"line":24,"column":24}},"2":{"start":{"line":27,"column":0},"end":{"line":27,"column":53}},"3":{"start":{"line":29,"column":0},"end":{"line":29,"column":66}}},"fnMap":{},"branchMap":{},"s":{"0":0,"1":0,"2":0,"3":0},"f":{},"b":{},"meta":{"lastBranch":0,"lastFunction":0,"lastStatement":4,"seen":{"s:1:17:1:36":0,"s:3:26:24:24":1,"s:27:0:27:53":2,"s:29:0:29:66":3}}}
,"C:\\Users\\user\\OneDrive\\Desktop\\CRM\\backend\\models\\Message.js": {"path":"C:\\Users\\user\\OneDrive\\Desktop\\CRM\\backend\\models\\Message.js","statementMap":{"0":{"start":{"line":1,"column":17},"end":{"line":1,"column":36}},"1":{"start":{"line":3,"column":22},"end":{"line":43,"column":2}},"2":{"start":{"line":46,"column":0},"end":{"line":46,"column":64}},"3":{"start":{"line":48,"column":0},"end":{"line":48,"column":null}}},"fnMap":{},"branchMap":{},"s":{"0":0,"1":0,"2":0,"3":0},"f":{},"b":{},"meta":{"lastBranch":0,"lastFunction":0,"lastStatement":4,"seen":{"s:1:17:1:36":0,"s:3:22:43:2":1,"s:46:0:46:64":2,"s:48:0:48:Infinity":3}}}
,"C:\\Users\\user\\OneDrive\\Desktop\\CRM\\backend\\models\\Query.js": {"path":"C:\\Users\\user\\OneDrive\\Desktop\\CRM\\backend\\models\\Query.js","statementMap":{"0":{"start":{"line":1,"column":17},"end":{"line":1,"column":36}},"1":{"start":{"line":3,"column":20},"end":{"line":12,"column":24}},"2":{"start":{"line":15,"column":0},"end":{"line":15,"column":37}},"3":{"start":{"line":16,"column":0},"end":{"line":16,"column":37}},"4":{"start":{"line":18,"column":14},"end":{"line":18,"column":50}},"5":{"start":{"line":21,"column":0},"end":{"line":23,"column":71}},"6":{"start":{"line":22,"column":14},"end":{"line":22,"column":65}},"7":{"start":{"line":23,"column":16},"end":{"line":23,"column":69}},"8":{"start":{"line":25,"column":0},"end":{"line":25,"column":null}}},"fnMap":{"0":{"name":"(anonymous_0)","decl":{"start":{"line":22,"column":8},"end":{"line":22,"column":9}},"loc":{"start":{"line":22,"column":14},"end":{"line":22,"column":65}},"line":22},"1":{"name":"(anonymous_1)","decl":{"start":{"line":23,"column":9},"end":{"line":23,"column":12}},"loc":{"start":{"line":23,"column":16},"end":{"line":23,"column":69}},"line":23}},"branchMap":{},"s":{"0":0,"1":0,"2":0,"3":0,"4":0,"5":0,"6":0,"7":0,"8":0},"f":{"0":0,"1":0},"b":{},"meta":{"lastBranch":0,"lastFunction":2,"lastStatement":9,"seen":{"s:1:17:1:36":0,"s:3:20:12:24":1,"s:15:0:15:37":2,"s:16:0:16:37":3,"s:18:14:18:50":4,"s:21:0:23:71":5,"f:22:8:22:9":0,"s:22:14:22:65":6,"f:23:9:23:12":1,"s:23:16:23:69":7,"s:25:0:25:Infinity":8}}}
,"C:\\Users\\user\\OneDrive\\Desktop\\CRM\\backend\\models\\Report.js": {"path":"C:\\Users\\user\\OneDrive\\Desktop\\CRM\\backend\\models\\Report.js","statementMap":{"0":{"start":{"line":1,"column":17},"end":{"line":1,"column":36}},"1":{"start":{"line":3,"column":21},"end":{"line":18,"column":2}},"2":{"start":{"line":20,"column":0},"end":{"line":20,"column":56}}},"fnMap":{},"branchMap":{},"s":{"0":0,"1":0,"2":0},"f":{},"b":{},"meta":{"lastBranch":0,"lastFunction":0,"lastStatement":3,"seen":{"s:1:17:1:36":0,"s:3:21:18:2":1,"s:20:0:20:56":2}}}
,"C:\\Users\\user\\OneDrive\\Desktop\\CRM\\backend\\models\\Task.js": {"path":"C:\\Users\\user\\OneDrive\\Desktop\\CRM\\backend\\models\\Task.js","statementMap":{"0":{"start":{"line":1,"column":17},"end":{"line":1,"column":36}},"1":{"start":{"line":3,"column":19},"end":{"line":43,"column":2}},"2":{"start":{"line":46,"column":0},"end":{"line":46,"column":null}},"3":{"start":{"line":48,"column":0},"end":{"line":48,"column":null}}},"fnMap":{},"branchMap":{},"s":{"0":0,"1":0,"2":0,"3":0},"f":{},"b":{},"meta":{"lastBranch":0,"lastFunction":0,"lastStatement":4,"seen":{"s:1:17:1:36":0,"s:3:19:43:2":1,"s:46:0:46:Infinity":2,"s:48:0:48:Infinity":3}}}
,"C:\\Users\\user\\OneDrive\\Desktop\\CRM\\backend\\models\\User.js": {"path":"C:\\Users\\user\\OneDrive\\Desktop\\CRM\\backend\\models\\User.js","statementMap":{"0":{"start":{"line":1,"column":17},"end":{"line":1,"column":36}},"1":{"start":{"line":3,"column":19},"end":{"line":21,"column":24}},"2":{"start":{"line":23,"column":0},"end":{"line":23,"column":null}}},"fnMap":{},"branchMap":{},"s":{"0":0,"1":0,"2":0},"f":{},"b":{},"meta":{"lastBranch":0,"lastFunction":0,"lastStatement":3,"seen":{"s:1:17:1:36":0,"s:3:19:21:24":1,"s:23:0:23:Infinity":2}}}
,"C:\\Users\\user\\OneDrive\\Desktop\\CRM\\backend\\routes\\appointments.js": {"path":"C:\\Users\\user\\OneDrive\\Desktop\\CRM\\backend\\routes\\appointments.js","statementMap":{"0":{"start":{"line":1,"column":16},"end":{"line":1,"column":34}},"1":{"start":{"line":2,"column":15},"end":{"line":2,"column":31}},"2":{"start":{"line":3,"column":39},"end":{"line":3,"column":71}},"3":{"start":{"line":4,"column":12},"end":{"line":4,"column":35}},"4":{"start":{"line":5,"column":26},"end":{"line":5,"column":50}},"5":{"start":{"line":6,"column":16},"end":{"line":6,"column":34}},"6":{"start":{"line":8,"column":19},"end":{"line":8,"column":67}},"7":{"start":{"line":11,"column":20},"end":{"line":32,"column":1}},"8":{"start":{"line":12,"column":21},"end":{"line":12,"column":49}},"9":{"start":{"line":13,"column":2},"end":{"line":13,"column":null}},"10":{"start":{"line":15,"column":2},"end":{"line":18,"column":null}},"11":{"start":{"line":16,"column":4},"end":{"line":16,"column":null}},"12":{"start":{"line":17,"column":4},"end":{"line":17,"column":null}},"13":{"start":{"line":20,"column":16},"end":{"line":20,"column":40}},"14":{"start":{"line":21,"column":2},"end":{"line":21,"column":null}},"15":{"start":{"line":23,"column":2},"end":{"line":31,"column":null}},"16":{"start":{"line":24,"column":20},"end":{"line":24,"column":49}},"17":{"start":{"line":25,"column":4},"end":{"line":25,"column":null}},"18":{"start":{"line":26,"column":4},"end":{"line":26,"column":null}},"19":{"start":{"line":27,"column":4},"end":{"line":27,"column":null}},"20":{"start":{"line":29,"column":4},"end":{"line":29,"column":null}},"21":{"start":{"line":30,"column":4},"end":{"line":30,"column":null}},"22":{"start":{"line":35,"column":0},"end":{"line":61,"column":null}},"23":{"start":{"line":36,"column":2},"end":{"line":60,"column":null}},"24":{"start":{"line":37,"column":28},"end":{"line":37,"column":37}},"25":{"start":{"line":40,"column":21},"end":{"line":40,"column":36}},"26":{"start":{"line":41,"column":20},"end":{"line":41,"column":34}},"27":{"start":{"line":43,"column":4},"end":{"line":45,"column":null}},"28":{"start":{"line":44,"column":6},"end":{"line":44,"column":null}},"29":{"start":{"line":48,"column":22},"end":{"line":48,"column":56}},"30":{"start":{"line":49,"column":20},"end":{"line":49,"column":67}},"31":{"start":{"line":52,"column":18},"end":{"line":54,"column":6}},"32":{"start":{"line":56,"column":4},"end":{"line":56,"column":null}},"33":{"start":{"line":58,"column":4},"end":{"line":58,"column":null}},"34":{"start":{"line":59,"column":4},"end":{"line":59,"column":null}},"35":{"start":{"line":64,"column":0},"end":{"line":135,"column":null}},"36":{"start":{"line":65,"column":2},"end":{"line":134,"column":null}},"37":{"start":{"line":66,"column":24},"end":{"line":66,"column":48}},"38":{"start":{"line":67,"column":25},"end":{"line":67,"column":50}},"39":{"start":{"line":68,"column":26},"end":{"line":68,"column":68}},"40":{"start":{"line":69,"column":25},"end":{"line":69,"column":75}},"41":{"start":{"line":72,"column":30},"end":{"line":72,"column":72}},"42":{"start":{"line":73,"column":28},"end":{"line":73,"column":83}},"43":{"start":{"line":74,"column":31},"end":{"line":74,"column":75}},"44":{"start":{"line":75,"column":29},"end":{"line":75,"column":86}},"45":{"start":{"line":78,"column":16},"end":{"line":82,"column":5}},"46":{"start":{"line":84,"column":24},"end":{"line":88,"column":5}},"47":{"start":{"line":91,"column":4},"end":{"line":106,"column":null}},"48":{"start":{"line":92,"column":6},"end":{"line":95,"column":null}},"49":{"start":{"line":97,"column":6},"end":{"line":100,"column":null}},"50":{"start":{"line":103,"column":9},"end":{"line":106,"column":null}},"51":{"start":{"line":104,"column":6},"end":{"line":104,"column":null}},"52":{"start":{"line":105,"column":6},"end":{"line":105,"column":null}},"53":{"start":{"line":110,"column":37},"end":{"line":110,"column":66}},"54":{"start":{"line":112,"column":32},"end":{"line":116,"column":9}},"55":{"start":{"line":113,"column":28},"end":{"line":113,"column":66}},"56":{"start":{"line":114,"column":30},"end":{"line":114,"column":104}},"57":{"start":{"line":115,"column":6},"end":{"line":115,"column":null}},"58":{"start":{"line":119,"column":38},"end":{"line":119,"column":75}},"59":{"start":{"line":121,"column":33},"end":{"line":125,"column":9}},"60":{"start":{"line":122,"column":28},"end":{"line":122,"column":66}},"61":{"start":{"line":123,"column":30},"end":{"line":123,"column":104}},"62":{"start":{"line":124,"column":6},"end":{"line":124,"column":null}},"63":{"start":{"line":127,"column":4},"end":{"line":130,"column":null}},"64":{"start":{"line":132,"column":4},"end":{"line":132,"column":null}},"65":{"start":{"line":133,"column":4},"end":{"line":133,"column":null}},"66":{"start":{"line":138,"column":0},"end":{"line":214,"column":null}},"67":{"start":{"line":139,"column":2},"end":{"line":213,"column":null}},"68":{"start":{"line":140,"column":4},"end":{"line":140,"column":null}},"69":{"start":{"line":141,"column":28},"end":{"line":141,"column":36}},"70":{"start":{"line":144,"column":21},"end":{"line":144,"column":36}},"71":{"start":{"line":145,"column":20},"end":{"line":145,"column":34}},"72":{"start":{"line":147,"column":4},"end":{"line":149,"column":null}},"73":{"start":{"line":148,"column":6},"end":{"line":148,"column":null}},"74":{"start":{"line":152,"column":22},"end":{"line":152,"column":56}},"75":{"start":{"line":153,"column":20},"end":{"line":153,"column":67}},"76":{"start":{"line":156,"column":25},"end":{"line":158,"column":6}},"77":{"start":{"line":161,"column":27},"end":{"line":161,"column":46}},"78":{"start":{"line":162,"column":31},"end":{"line":162,"column":65}},"79":{"start":{"line":162,"column":56},"end":{"line":162,"column":64}},"80":{"start":{"line":165,"column":25},"end":{"line":167,"column":9}},"81":{"start":{"line":166,"column":6},"end":{"line":166,"column":null}},"82":{"start":{"line":170,"column":21},"end":{"line":174,"column":9}},"83":{"start":{"line":171,"column":28},"end":{"line":171,"column":66}},"84":{"start":{"line":172,"column":30},"end":{"line":172,"column":104}},"85":{"start":{"line":173,"column":6},"end":{"line":173,"column":null}},"86":{"start":{"line":177,"column":27},"end":{"line":179,"column":9}},"87":{"start":{"line":178,"column":6},"end":{"line":178,"column":null}},"88":{"start":{"line":182,"column":17},"end":{"line":182,"column":80}},"89":{"start":{"line":184,"column":4},"end":{"line":202,"column":null}},"90":{"start":{"line":186,"column":6},"end":{"line":186,"column":null}},"91":{"start":{"line":187,"column":6},"end":{"line":187,"column":null}},"92":{"start":{"line":188,"column":6},"end":{"line":188,"column":null}},"93":{"start":{"line":189,"column":6},"end":{"line":189,"column":null}},"94":{"start":{"line":190,"column":6},"end":{"line":190,"column":null}},"95":{"start":{"line":193,"column":6},"end":{"line":200,"column":null}},"96":{"start":{"line":201,"column":6},"end":{"line":201,"column":null}},"97":{"start":{"line":204,"column":4},"end":{"line":204,"column":null}},"98":{"start":{"line":205,"column":4},"end":{"line":209,"column":null}},"99":{"start":{"line":211,"column":4},"end":{"line":211,"column":null}},"100":{"start":{"line":212,"column":4},"end":{"line":212,"column":null}},"101":{"start":{"line":217,"column":0},"end":{"line":225,"column":null}},"102":{"start":{"line":218,"column":2},"end":{"line":224,"column":null}},"103":{"start":{"line":219,"column":20},"end":{"line":219,"column":76}},"104":{"start":{"line":220,"column":4},"end":{"line":220,"column":null}},"105":{"start":{"line":222,"column":4},"end":{"line":222,"column":null}},"106":{"start":{"line":223,"column":4},"end":{"line":223,"column":null}},"107":{"start":{"line":228,"column":0},"end":{"line":251,"column":null}},"108":{"start":{"line":229,"column":2},"end":{"line":250,"column":null}},"109":{"start":{"line":230,"column":28},"end":{"line":230,"column":38}},"110":{"start":{"line":233,"column":21},"end":{"line":233,"column":36}},"111":{"start":{"line":234,"column":20},"end":{"line":234,"column":34}},"112":{"start":{"line":236,"column":4},"end":{"line":238,"column":null}},"113":{"start":{"line":237,"column":6},"end":{"line":237,"column":null}},"114":{"start":{"line":240,"column":19},"end":{"line":240,"column":82}},"115":{"start":{"line":242,"column":4},"end":{"line":244,"column":null}},"116":{"start":{"line":243,"column":6},"end":{"line":243,"column":null}},"117":{"start":{"line":246,"column":4},"end":{"line":246,"column":null}},"118":{"start":{"line":248,"column":4},"end":{"line":248,"column":null}},"119":{"start":{"line":249,"column":4},"end":{"line":249,"column":null}},"120":{"start":{"line":254,"column":0},"end":{"line":372,"column":null}},"121":{"start":{"line":255,"column":2},"end":{"line":371,"column":null}},"122":{"start":{"line":256,"column":4},"end":{"line":256,"column":null}},"123":{"start":{"line":257,"column":28},"end":{"line":257,"column":38}},"124":{"start":{"line":260,"column":21},"end":{"line":260,"column":36}},"125":{"start":{"line":261,"column":20},"end":{"line":261,"column":34}},"126":{"start":{"line":263,"column":4},"end":{"line":265,"column":null}},"127":{"start":{"line":264,"column":6},"end":{"line":264,"column":null}},"128":{"start":{"line":268,"column":22},"end":{"line":268,"column":56}},"129":{"start":{"line":269,"column":20},"end":{"line":269,"column":67}},"130":{"start":{"line":272,"column":25},"end":{"line":274,"column":40}},"131":{"start":{"line":277,"column":19},"end":{"line":277,"column":82}},"132":{"start":{"line":280,"column":21},"end":{"line":280,"column":43}},"133":{"start":{"line":281,"column":22},"end":{"line":281,"column":61}},"134":{"start":{"line":284,"column":4},"end":{"line":284,"column":null}},"135":{"start":{"line":285,"column":4},"end":{"line":285,"column":null}},"136":{"start":{"line":286,"column":4},"end":{"line":286,"column":null}},"137":{"start":{"line":287,"column":4},"end":{"line":287,"column":null}},"138":{"start":{"line":290,"column":4},"end":{"line":304,"column":null}},"139":{"start":{"line":291,"column":6},"end":{"line":291,"column":null}},"140":{"start":{"line":292,"column":6},"end":{"line":292,"column":null}},"141":{"start":{"line":293,"column":6},"end":{"line":293,"column":null}},"142":{"start":{"line":295,"column":6},"end":{"line":295,"column":null}},"143":{"start":{"line":296,"column":6},"end":{"line":296,"column":null}},"144":{"start":{"line":297,"column":6},"end":{"line":297,"column":null}},"145":{"start":{"line":298,"column":6},"end":{"line":298,"column":null}},"146":{"start":{"line":301,"column":6},"end":{"line":303,"column":null}},"147":{"start":{"line":301,"column":19},"end":{"line":301,"column":20}},"148":{"start":{"line":302,"column":8},"end":{"line":302,"column":null}},"149":{"start":{"line":307,"column":4},"end":{"line":307,"column":null}},"150":{"start":{"line":308,"column":4},"end":{"line":308,"column":null}},"151":{"start":{"line":309,"column":4},"end":{"line":309,"column":null}},"152":{"start":{"line":312,"column":22},"end":{"line":312,"column":93}},"153":{"start":{"line":313,"column":4},"end":{"line":313,"column":null}},"154":{"start":{"line":316,"column":25},"end":{"line":316,"column":42}},"155":{"start":{"line":317,"column":4},"end":{"line":317,"column":null}},"156":{"start":{"line":318,"column":4},"end":{"line":322,"column":null}},"157":{"start":{"line":323,"column":4},"end":{"line":326,"column":null}},"158":{"start":{"line":329,"column":4},"end":{"line":341,"column":null}},"159":{"start":{"line":330,"column":21},"end":{"line":330,"column":90}},"160":{"start":{"line":331,"column":28},"end":{"line":331,"column":58}},"161":{"start":{"line":333,"column":6},"end":{"line":340,"column":null}},"162":{"start":{"line":344,"column":4},"end":{"line":347,"column":null}},"163":{"start":{"line":350,"column":4},"end":{"line":357,"column":null}},"164":{"start":{"line":360,"column":22},"end":{"line":360,"column":98}},"165":{"start":{"line":361,"column":4},"end":{"line":361,"column":null}},"166":{"start":{"line":362,"column":4},"end":{"line":362,"column":null}},"167":{"start":{"line":365,"column":4},"end":{"line":365,"column":null}},"168":{"start":{"line":366,"column":4},"end":{"line":366,"column":null}},"169":{"start":{"line":367,"column":4},"end":{"line":367,"column":null}},"170":{"start":{"line":369,"column":4},"end":{"line":369,"column":null}},"171":{"start":{"line":370,"column":4},"end":{"line":370,"column":null}},"172":{"start":{"line":375,"column":0},"end":{"line":392,"column":null}},"173":{"start":{"line":376,"column":2},"end":{"line":391,"column":null}},"174":{"start":{"line":377,"column":19},"end":{"line":377,"column":46}},"175":{"start":{"line":379,"column":25},"end":{"line":384,"column":25}},"176":{"start":{"line":386,"column":4},"end":{"line":386,"column":null}},"177":{"start":{"line":387,"column":4},"end":{"line":387,"column":null}},"178":{"start":{"line":389,"column":4},"end":{"line":389,"column":null}},"179":{"start":{"line":390,"column":4},"end":{"line":390,"column":null}},"180":{"start":{"line":395,"column":0},"end":{"line":424,"column":null}},"181":{"start":{"line":396,"column":2},"end":{"line":423,"column":null}},"182":{"start":{"line":397,"column":19},"end":{"line":397,"column":46}},"183":{"start":{"line":400,"column":4},"end":{"line":411,"column":null}},"184":{"start":{"line":401,"column":27},"end":{"line":409,"column":27}},"185":{"start":{"line":410,"column":6},"end":{"line":410,"column":null}},"186":{"start":{"line":414,"column":25},"end":{"line":419,"column":25}},"187":{"start":{"line":420,"column":4},"end":{"line":420,"column":null}},"188":{"start":{"line":422,"column":4},"end":{"line":422,"column":null}},"189":{"start":{"line":427,"column":0},"end":{"line":449,"column":null}},"190":{"start":{"line":428,"column":2},"end":{"line":448,"column":null}},"191":{"start":{"line":430,"column":26},"end":{"line":430,"column":35}},"192":{"start":{"line":433,"column":18},"end":{"line":433,"column":20}},"193":{"start":{"line":436,"column":4},"end":{"line":438,"column":null}},"194":{"start":{"line":437,"column":6},"end":{"line":437,"column":null}},"195":{"start":{"line":441,"column":25},"end":{"line":444,"column":25}},"196":{"start":{"line":445,"column":4},"end":{"line":445,"column":null}},"197":{"start":{"line":447,"column":4},"end":{"line":447,"column":null}},"198":{"start":{"line":452,"column":0},"end":{"line":467,"column":null}},"199":{"start":{"line":453,"column":2},"end":{"line":466,"column":null}},"200":{"start":{"line":455,"column":25},"end":{"line":458,"column":25}},"201":{"start":{"line":461,"column":35},"end":{"line":461,"column":114}},"202":{"start":{"line":461,"column":62},"end":{"line":461,"column":113}},"203":{"start":{"line":463,"column":4},"end":{"line":463,"column":null}},"204":{"start":{"line":465,"column":4},"end":{"line":465,"column":null}},"205":{"start":{"line":470,"column":0},"end":{"line":518,"column":null}},"206":{"start":{"line":471,"column":2},"end":{"line":517,"column":null}},"207":{"start":{"line":473,"column":19},"end":{"line":473,"column":46}},"208":{"start":{"line":474,"column":4},"end":{"line":476,"column":null}},"209":{"start":{"line":475,"column":6},"end":{"line":475,"column":null}},"210":{"start":{"line":478,"column":155},"end":{"line":478,"column":163}},"211":{"start":{"line":480,"column":4},"end":{"line":482,"column":null}},"212":{"start":{"line":481,"column":6},"end":{"line":481,"column":null}},"213":{"start":{"line":484,"column":24},"end":{"line":500,"column":6}},"214":{"start":{"line":502,"column":18},"end":{"line":502,"column":42}},"215":{"start":{"line":505,"column":4},"end":{"line":505,"column":null}},"216":{"start":{"line":506,"column":4},"end":{"line":506,"column":null}},"217":{"start":{"line":509,"column":15},"end":{"line":509,"column":30}},"218":{"start":{"line":510,"column":4},"end":{"line":512,"column":null}},"219":{"start":{"line":511,"column":6},"end":{"line":511,"column":null}},"220":{"start":{"line":514,"column":4},"end":{"line":514,"column":null}},"221":{"start":{"line":516,"column":4},"end":{"line":516,"column":null}},"222":{"start":{"line":521,"column":0},"end":{"line":568,"column":null}},"223":{"start":{"line":522,"column":2},"end":{"line":567,"column":null}},"224":{"start":{"line":523,"column":19},"end":{"line":523,"column":46}},"225":{"start":{"line":525,"column":155},"end":{"line":525,"column":163}},"226":{"start":{"line":527,"column":20},"end":{"line":541,"column":5}},"227":{"start":{"line":543,"column":20},"end":{"line":547,"column":5}},"228":{"start":{"line":549,"column":4},"end":{"line":551,"column":null}},"229":{"start":{"line":550,"column":6},"end":{"line":550,"column":null}},"230":{"start":{"line":554,"column":4},"end":{"line":554,"column":null}},"231":{"start":{"line":555,"column":4},"end":{"line":555,"column":null}},"232":{"start":{"line":558,"column":15},"end":{"line":558,"column":30}},"233":{"start":{"line":559,"column":4},"end":{"line":561,"column":null}},"234":{"start":{"line":560,"column":6},"end":{"line":560,"column":null}},"235":{"start":{"line":563,"column":4},"end":{"line":563,"column":null}},"236":{"start":{"line":565,"column":4},"end":{"line":565,"column":null}},"237":{"start":{"line":566,"column":4},"end":{"line":566,"column":null}},"238":{"start":{"line":571,"column":0},"end":{"line":596,"column":null}},"239":{"start":{"line":572,"column":2},"end":{"line":595,"column":null}},"240":{"start":{"line":573,"column":19},"end":{"line":573,"column":46}},"241":{"start":{"line":576,"column":20},"end":{"line":580,"column":5}},"242":{"start":{"line":582,"column":4},"end":{"line":584,"column":null}},"243":{"start":{"line":583,"column":6},"end":{"line":583,"column":null}},"244":{"start":{"line":587,"column":15},"end":{"line":587,"column":30}},"245":{"start":{"line":588,"column":4},"end":{"line":590,"column":null}},"246":{"start":{"line":589,"column":6},"end":{"line":589,"column":null}},"247":{"start":{"line":592,"column":4},"end":{"line":592,"column":null}},"248":{"start":{"line":594,"column":4},"end":{"line":594,"column":null}},"249":{"start":{"line":599,"column":0},"end":{"line":621,"column":null}},"250":{"start":{"line":600,"column":2},"end":{"line":620,"column":null}},"251":{"start":{"line":602,"column":4},"end":{"line":604,"column":null}},"252":{"start":{"line":603,"column":6},"end":{"line":603,"column":null}},"253":{"start":{"line":606,"column":20},"end":{"line":606,"column":70}},"254":{"start":{"line":607,"column":4},"end":{"line":609,"column":null}},"255":{"start":{"line":608,"column":6},"end":{"line":608,"column":null}},"256":{"start":{"line":612,"column":15},"end":{"line":612,"column":30}},"257":{"start":{"line":613,"column":4},"end":{"line":615,"column":null}},"258":{"start":{"line":614,"column":6},"end":{"line":614,"column":null}},"259":{"start":{"line":617,"column":4},"end":{"line":617,"column":null}},"260":{"start":{"line":619,"column":4},"end":{"line":619,"column":null}},"261":{"start":{"line":623,"column":0},"end":{"line":623,"column":null}}},"fnMap":{"0":{"name":"(anonymous_0)","decl":{"start":{"line":11,"column":20},"end":{"line":11,"column":21}},"loc":{"start":{"line":11,"column":40},"end":{"line":32,"column":1}},"line":11},"1":{"name":"(anonymous_1)","decl":{"start":{"line":35,"column":34},"end":{"line":35,"column":39}},"loc":{"start":{"line":35,"column":54},"end":{"line":61,"column":1}},"line":35},"2":{"name":"(anonymous_2)","decl":{"start":{"line":64,"column":36},"end":{"line":64,"column":41}},"loc":{"start":{"line":64,"column":56},"end":{"line":135,"column":1}},"line":64},"3":{"name":"(anonymous_3)","decl":{"start":{"line":112,"column":64},"end":{"line":112,"column":65}},"loc":{"start":{"line":112,"column":86},"end":{"line":116,"column":5}},"line":112},"4":{"name":"(anonymous_4)","decl":{"start":{"line":121,"column":66},"end":{"line":121,"column":67}},"loc":{"start":{"line":121,"column":88},"end":{"line":125,"column":5}},"line":121},"5":{"name":"(anonymous_5)","decl":{"start":{"line":138,"column":44},"end":{"line":138,"column":49}},"loc":{"start":{"line":138,"column":64},"end":{"line":214,"column":1}},"line":138},"6":{"name":"(anonymous_6)","decl":{"start":{"line":162,"column":51},"end":{"line":162,"column":52}},"loc":{"start":{"line":162,"column":56},"end":{"line":162,"column":64}},"line":162},"7":{"name":"(anonymous_7)","decl":{"start":{"line":165,"column":51},"end":{"line":165,"column":52}},"loc":{"start":{"line":165,"column":73},"end":{"line":167,"column":5}},"line":165},"8":{"name":"(anonymous_8)","decl":{"start":{"line":170,"column":47},"end":{"line":170,"column":48}},"loc":{"start":{"line":170,"column":69},"end":{"line":174,"column":5}},"line":170},"9":{"name":"(anonymous_9)","decl":{"start":{"line":177,"column":53},"end":{"line":177,"column":54}},"loc":{"start":{"line":177,"column":75},"end":{"line":179,"column":5}},"line":177},"10":{"name":"(anonymous_10)","decl":{"start":{"line":217,"column":44},"end":{"line":217,"column":49}},"loc":{"start":{"line":217,"column":64},"end":{"line":225,"column":1}},"line":217},"11":{"name":"(anonymous_11)","decl":{"start":{"line":228,"column":56},"end":{"line":228,"column":61}},"loc":{"start":{"line":228,"column":76},"end":{"line":251,"column":1}},"line":228},"12":{"name":"(anonymous_12)","decl":{"start":{"line":254,"column":65},"end":{"line":254,"column":70}},"loc":{"start":{"line":254,"column":85},"end":{"line":372,"column":1}},"line":254},"13":{"name":"(anonymous_13)","decl":{"start":{"line":329,"column":25},"end":{"line":329,"column":36}},"loc":{"start":{"line":329,"column":40},"end":{"line":341,"column":5}},"line":329},"14":{"name":"(anonymous_14)","decl":{"start":{"line":375,"column":32},"end":{"line":375,"column":37}},"loc":{"start":{"line":375,"column":52},"end":{"line":392,"column":1}},"line":375},"15":{"name":"(anonymous_15)","decl":{"start":{"line":395,"column":29},"end":{"line":395,"column":34}},"loc":{"start":{"line":395,"column":49},"end":{"line":424,"column":1}},"line":395},"16":{"name":"(anonymous_16)","decl":{"start":{"line":427,"column":32},"end":{"line":427,"column":37}},"loc":{"start":{"line":427,"column":52},"end":{"line":449,"column":1}},"line":427},"17":{"name":"(anonymous_17)","decl":{"start":{"line":452,"column":39},"end":{"line":452,"column":44}},"loc":{"start":{"line":452,"column":59},"end":{"line":467,"column":1}},"line":452},"18":{"name":"(anonymous_18)","decl":{"start":{"line":461,"column":55},"end":{"line":461,"column":58}},"loc":{"start":{"line":461,"column":62},"end":{"line":461,"column":113}},"line":461},"19":{"name":"(anonymous_19)","decl":{"start":{"line":470,"column":30},"end":{"line":470,"column":35}},"loc":{"start":{"line":470,"column":50},"end":{"line":518,"column":1}},"line":470},"20":{"name":"(anonymous_20)","decl":{"start":{"line":521,"column":32},"end":{"line":521,"column":37}},"loc":{"start":{"line":521,"column":52},"end":{"line":568,"column":1}},"line":521},"21":{"name":"(anonymous_21)","decl":{"start":{"line":571,"column":35},"end":{"line":571,"column":40}},"loc":{"start":{"line":571,"column":55},"end":{"line":596,"column":1}},"line":571},"22":{"name":"(anonymous_22)","decl":{"start":{"line":599,"column":40},"end":{"line":599,"column":45}},"loc":{"start":{"line":599,"column":60},"end":{"line":621,"column":1}},"line":599}},"branchMap":{"0":{"loc":{"start":{"line":8,"column":19},"end":{"line":8,"column":67}},"type":"binary-expr","locations":[{"start":{"line":8,"column":19},"end":{"line":8,"column":41}},{"start":{"line":8,"column":45},"end":{"line":8,"column":67}}],"line":8},"1":{"loc":{"start":{"line":15,"column":2},"end":{"line":18,"column":null}},"type":"if","locations":[{"start":{"line":15,"column":2},"end":{"line":18,"column":null}},{"start":{},"end":{}}],"line":15},"2":{"loc":{"start":{"line":21,"column":34},"end":{"line":21,"column":63}},"type":"cond-expr","locations":[{"start":{"line":21,"column":42},"end":{"line":21,"column":51}},{"start":{"line":21,"column":54},"end":{"line":21,"column":63}}],"line":21},"3":{"loc":{"start":{"line":43,"column":4},"end":{"line":45,"column":null}},"type":"if","locations":[{"start":{"line":43,"column":4},"end":{"line":45,"column":null}},{"start":{},"end":{}}],"line":43},"4":{"loc":{"start":{"line":43,"column":8},"end":{"line":43,"column":74}},"type":"binary-expr","locations":[{"start":{"line":43,"column":8},"end":{"line":43,"column":23}},{"start":{"line":43,"column":27},"end":{"line":43,"column":41}},{"start":{"line":43,"column":45},"end":{"line":43,"column":57}},{"start":{"line":43,"column":61},"end":{"line":43,"column":74}}],"line":43},"5":{"loc":{"start":{"line":68,"column":26},"end":{"line":68,"column":68}},"type":"cond-expr","locations":[{"start":{"line":68,"column":47},"end":{"line":68,"column":49}},{"start":{"line":68,"column":52},"end":{"line":68,"column":68}}],"line":68},"6":{"loc":{"start":{"line":69,"column":25},"end":{"line":69,"column":75}},"type":"cond-expr","locations":[{"start":{"line":69,"column":46},"end":{"line":69,"column":61}},{"start":{"line":69,"column":64},"end":{"line":69,"column":75}}],"line":69},"7":{"loc":{"start":{"line":91,"column":4},"end":{"line":106,"column":null}},"type":"if","locations":[{"start":{"line":91,"column":4},"end":{"line":106,"column":null}},{"start":{"line":103,"column":9},"end":{"line":106,"column":null}}],"line":91},"8":{"loc":{"start":{"line":93,"column":21},"end":{"line":93,"column":48}},"type":"binary-expr","locations":[{"start":{"line":93,"column":21},"end":{"line":93,"column":32}},{"start":{"line":93,"column":36},"end":{"line":93,"column":48}}],"line":93},"9":{"loc":{"start":{"line":94,"column":23},"end":{"line":94,"column":50}},"type":"binary-expr","locations":[{"start":{"line":94,"column":23},"end":{"line":94,"column":34}},{"start":{"line":94,"column":38},"end":{"line":94,"column":50}}],"line":94},"10":{"loc":{"start":{"line":98,"column":21},"end":{"line":98,"column":48}},"type":"binary-expr","locations":[{"start":{"line":98,"column":21},"end":{"line":98,"column":32}},{"start":{"line":98,"column":36},"end":{"line":98,"column":48}}],"line":98},"11":{"loc":{"start":{"line":99,"column":23},"end":{"line":99,"column":50}},"type":"binary-expr","locations":[{"start":{"line":99,"column":23},"end":{"line":99,"column":34}},{"start":{"line":99,"column":38},"end":{"line":99,"column":50}}],"line":99},"12":{"loc":{"start":{"line":103,"column":9},"end":{"line":106,"column":null}},"type":"if","locations":[{"start":{"line":103,"column":9},"end":{"line":106,"column":null}},{"start":{},"end":{}}],"line":103},"13":{"loc":{"start":{"line":104,"column":24},"end":{"line":104,"column":51}},"type":"binary-expr","locations":[{"start":{"line":104,"column":24},"end":{"line":104,"column":35}},{"start":{"line":104,"column":39},"end":{"line":104,"column":51}}],"line":104},"14":{"loc":{"start":{"line":105,"column":32},"end":{"line":105,"column":59}},"type":"binary-expr","locations":[{"start":{"line":105,"column":32},"end":{"line":105,"column":43}},{"start":{"line":105,"column":47},"end":{"line":105,"column":59}}],"line":105},"15":{"loc":{"start":{"line":113,"column":28},"end":{"line":113,"column":66}},"type":"binary-expr","locations":[{"start":{"line":113,"column":28},"end":{"line":113,"column":61}},{"start":{"line":113,"column":65},"end":{"line":113,"column":66}}],"line":113},"16":{"loc":{"start":{"line":114,"column":30},"end":{"line":114,"column":104}},"type":"binary-expr","locations":[{"start":{"line":114,"column":31},"end":{"line":114,"column":59}},{"start":{"line":114,"column":63},"end":{"line":114,"column":98}},{"start":{"line":114,"column":103},"end":{"line":114,"column":104}}],"line":114},"17":{"loc":{"start":{"line":122,"column":28},"end":{"line":122,"column":66}},"type":"binary-expr","locations":[{"start":{"line":122,"column":28},"end":{"line":122,"column":61}},{"start":{"line":122,"column":65},"end":{"line":122,"column":66}}],"line":122},"18":{"loc":{"start":{"line":123,"column":30},"end":{"line":123,"column":104}},"type":"binary-expr","locations":[{"start":{"line":123,"column":31},"end":{"line":123,"column":59}},{"start":{"line":123,"column":63},"end":{"line":123,"column":98}},{"start":{"line":123,"column":103},"end":{"line":123,"column":104}}],"line":123},"19":{"loc":{"start":{"line":147,"column":4},"end":{"line":149,"column":null}},"type":"if","locations":[{"start":{"line":147,"column":4},"end":{"line":149,"column":null}},{"start":{},"end":{}}],"line":147},"20":{"loc":{"start":{"line":147,"column":8},"end":{"line":147,"column":74}},"type":"binary-expr","locations":[{"start":{"line":147,"column":8},"end":{"line":147,"column":23}},{"start":{"line":147,"column":27},"end":{"line":147,"column":41}},{"start":{"line":147,"column":45},"end":{"line":147,"column":57}},{"start":{"line":147,"column":61},"end":{"line":147,"column":74}}],"line":147},"21":{"loc":{"start":{"line":166,"column":20},"end":{"line":166,"column":58}},"type":"binary-expr","locations":[{"start":{"line":166,"column":20},"end":{"line":166,"column":53}},{"start":{"line":166,"column":57},"end":{"line":166,"column":58}}],"line":166},"22":{"loc":{"start":{"line":171,"column":28},"end":{"line":171,"column":66}},"type":"binary-expr","locations":[{"start":{"line":171,"column":28},"end":{"line":171,"column":61}},{"start":{"line":171,"column":65},"end":{"line":171,"column":66}}],"line":171},"23":{"loc":{"start":{"line":172,"column":30},"end":{"line":172,"column":104}},"type":"binary-expr","locations":[{"start":{"line":172,"column":31},"end":{"line":172,"column":59}},{"start":{"line":172,"column":63},"end":{"line":172,"column":98}},{"start":{"line":172,"column":103},"end":{"line":172,"column":104}}],"line":172},"24":{"loc":{"start":{"line":178,"column":20},"end":{"line":178,"column":97}},"type":"cond-expr","locations":[{"start":{"line":178,"column":52},"end":{"line":178,"column":92}},{"start":{"line":178,"column":96},"end":{"line":178,"column":97}}],"line":178},"25":{"loc":{"start":{"line":178,"column":52},"end":{"line":178,"column":92}},"type":"binary-expr","locations":[{"start":{"line":178,"column":52},"end":{"line":178,"column":87}},{"start":{"line":178,"column":91},"end":{"line":178,"column":92}}],"line":178},"26":{"loc":{"start":{"line":184,"column":4},"end":{"line":202,"column":null}},"type":"if","locations":[{"start":{"line":184,"column":4},"end":{"line":202,"column":null}},{"start":{"line":191,"column":11},"end":{"line":202,"column":null}}],"line":184},"27":{"loc":{"start":{"line":236,"column":4},"end":{"line":238,"column":null}},"type":"if","locations":[{"start":{"line":236,"column":4},"end":{"line":238,"column":null}},{"start":{},"end":{}}],"line":236},"28":{"loc":{"start":{"line":236,"column":8},"end":{"line":236,"column":74}},"type":"binary-expr","locations":[{"start":{"line":236,"column":8},"end":{"line":236,"column":23}},{"start":{"line":236,"column":27},"end":{"line":236,"column":41}},{"start":{"line":236,"column":45},"end":{"line":236,"column":57}},{"start":{"line":236,"column":61},"end":{"line":236,"column":74}}],"line":236},"29":{"loc":{"start":{"line":242,"column":4},"end":{"line":244,"column":null}},"type":"if","locations":[{"start":{"line":242,"column":4},"end":{"line":244,"column":null}},{"start":{},"end":{}}],"line":242},"30":{"loc":{"start":{"line":263,"column":4},"end":{"line":265,"column":null}},"type":"if","locations":[{"start":{"line":263,"column":4},"end":{"line":265,"column":null}},{"start":{},"end":{}}],"line":263},"31":{"loc":{"start":{"line":263,"column":8},"end":{"line":263,"column":74}},"type":"binary-expr","locations":[{"start":{"line":263,"column":8},"end":{"line":263,"column":23}},{"start":{"line":263,"column":27},"end":{"line":263,"column":41}},{"start":{"line":263,"column":45},"end":{"line":263,"column":57}},{"start":{"line":263,"column":61},"end":{"line":263,"column":74}}],"line":263},"32":{"loc":{"start":{"line":290,"column":4},"end":{"line":304,"column":null}},"type":"if","locations":[{"start":{"line":290,"column":4},"end":{"line":304,"column":null}},{"start":{},"end":{}}],"line":290},"33":{"loc":{"start":{"line":330,"column":21},"end":{"line":330,"column":90}},"type":"cond-expr","locations":[{"start":{"line":330,"column":42},"end":{"line":330,"column":50}},{"start":{"line":330,"column":54},"end":{"line":330,"column":89}}],"line":330},"34":{"loc":{"start":{"line":330,"column":54},"end":{"line":330,"column":89}},"type":"cond-expr","locations":[{"start":{"line":330,"column":72},"end":{"line":330,"column":77}},{"start":{"line":330,"column":80},"end":{"line":330,"column":89}}],"line":330},"35":{"loc":{"start":{"line":331,"column":28},"end":{"line":331,"column":58}},"type":"binary-expr","locations":[{"start":{"line":331,"column":28},"end":{"line":331,"column":53}},{"start":{"line":331,"column":57},"end":{"line":331,"column":58}}],"line":331},"36":{"loc":{"start":{"line":336,"column":8},"end":{"line":336,"column":38}},"type":"binary-expr","locations":[{"start":{"line":336,"column":8},"end":{"line":336,"column":31}},{"start":{"line":336,"column":35},"end":{"line":336,"column":38}}],"line":336},"37":{"loc":{"start":{"line":339,"column":8},"end":{"line":339,"column":null}},"type":"cond-expr","locations":[{"start":{"line":339,"column":32},"end":{"line":339,"column":62}},{"start":{"line":339,"column":65},"end":{"line":339,"column":null}}],"line":339},"38":{"loc":{"start":{"line":377,"column":19},"end":{"line":377,"column":46}},"type":"binary-expr","locations":[{"start":{"line":377,"column":19},"end":{"line":377,"column":30}},{"start":{"line":377,"column":34},"end":{"line":377,"column":46}}],"line":377},"39":{"loc":{"start":{"line":397,"column":19},"end":{"line":397,"column":46}},"type":"binary-expr","locations":[{"start":{"line":397,"column":19},"end":{"line":397,"column":30}},{"start":{"line":397,"column":34},"end":{"line":397,"column":46}}],"line":397},"40":{"loc":{"start":{"line":400,"column":4},"end":{"line":411,"column":null}},"type":"if","locations":[{"start":{"line":400,"column":4},"end":{"line":411,"column":null}},{"start":{},"end":{}}],"line":400},"41":{"loc":{"start":{"line":436,"column":4},"end":{"line":438,"column":null}},"type":"if","locations":[{"start":{"line":436,"column":4},"end":{"line":438,"column":null}},{"start":{},"end":{}}],"line":436},"42":{"loc":{"start":{"line":461,"column":62},"end":{"line":461,"column":113}},"type":"binary-expr","locations":[{"start":{"line":461,"column":62},"end":{"line":461,"column":75}},{"start":{"line":461,"column":79},"end":{"line":461,"column":113}}],"line":461},"43":{"loc":{"start":{"line":473,"column":19},"end":{"line":473,"column":46}},"type":"binary-expr","locations":[{"start":{"line":473,"column":19},"end":{"line":473,"column":30}},{"start":{"line":473,"column":34},"end":{"line":473,"column":46}}],"line":473},"44":{"loc":{"start":{"line":474,"column":4},"end":{"line":476,"column":null}},"type":"if","locations":[{"start":{"line":474,"column":4},"end":{"line":476,"column":null}},{"start":{},"end":{}}],"line":474},"45":{"loc":{"start":{"line":480,"column":4},"end":{"line":482,"column":null}},"type":"if","locations":[{"start":{"line":480,"column":4},"end":{"line":482,"column":null}},{"start":{},"end":{}}],"line":480},"46":{"loc":{"start":{"line":480,"column":8},"end":{"line":480,"column":24}},"type":"binary-expr","locations":[{"start":{"line":480,"column":8},"end":{"line":480,"column":15}},{"start":{"line":480,"column":19},"end":{"line":480,"column":24}}],"line":480},"47":{"loc":{"start":{"line":486,"column":19},"end":{"line":486,"column":36}},"type":"binary-expr","locations":[{"start":{"line":486,"column":19},"end":{"line":486,"column":30}},{"start":{"line":486,"column":34},"end":{"line":486,"column":36}}],"line":486},"48":{"loc":{"start":{"line":488,"column":11},"end":{"line":488,"column":23}},"type":"binary-expr","locations":[{"start":{"line":488,"column":11},"end":{"line":488,"column":14}},{"start":{"line":488,"column":18},"end":{"line":488,"column":23}}],"line":488},"49":{"loc":{"start":{"line":489,"column":14},"end":{"line":489,"column":29}},"type":"binary-expr","locations":[{"start":{"line":489,"column":14},"end":{"line":489,"column":20}},{"start":{"line":489,"column":24},"end":{"line":489,"column":29}}],"line":489},"50":{"loc":{"start":{"line":490,"column":21},"end":{"line":490,"column":39}},"type":"binary-expr","locations":[{"start":{"line":490,"column":21},"end":{"line":490,"column":34}},{"start":{"line":490,"column":38},"end":{"line":490,"column":39}}],"line":490},"51":{"loc":{"start":{"line":491,"column":24},"end":{"line":491,"column":49}},"type":"binary-expr","locations":[{"start":{"line":491,"column":24},"end":{"line":491,"column":40}},{"start":{"line":491,"column":44},"end":{"line":491,"column":49}}],"line":491},"52":{"loc":{"start":{"line":492,"column":23},"end":{"line":492,"column":43}},"type":"binary-expr","locations":[{"start":{"line":492,"column":23},"end":{"line":492,"column":38}},{"start":{"line":492,"column":42},"end":{"line":492,"column":43}}],"line":492},"53":{"loc":{"start":{"line":493,"column":14},"end":{"line":493,"column":29}},"type":"binary-expr","locations":[{"start":{"line":493,"column":14},"end":{"line":493,"column":20}},{"start":{"line":493,"column":24},"end":{"line":493,"column":29}}],"line":493},"54":{"loc":{"start":{"line":494,"column":18},"end":{"line":494,"column":36}},"type":"binary-expr","locations":[{"start":{"line":494,"column":18},"end":{"line":494,"column":28}},{"start":{"line":494,"column":32},"end":{"line":494,"column":36}}],"line":494},"55":{"loc":{"start":{"line":495,"column":15},"end":{"line":495,"column":33}},"type":"binary-expr","locations":[{"start":{"line":495,"column":15},"end":{"line":495,"column":22}},{"start":{"line":495,"column":26},"end":{"line":495,"column":33}}],"line":495},"56":{"loc":{"start":{"line":496,"column":19},"end":{"line":496,"column":38}},"type":"binary-expr","locations":[{"start":{"line":496,"column":19},"end":{"line":496,"column":30}},{"start":{"line":496,"column":34},"end":{"line":496,"column":38}}],"line":496},"57":{"loc":{"start":{"line":497,"column":14},"end":{"line":497,"column":26}},"type":"binary-expr","locations":[{"start":{"line":497,"column":14},"end":{"line":497,"column":20}},{"start":{"line":497,"column":24},"end":{"line":497,"column":26}}],"line":497},"58":{"loc":{"start":{"line":510,"column":4},"end":{"line":512,"column":null}},"type":"if","locations":[{"start":{"line":510,"column":4},"end":{"line":512,"column":null}},{"start":{},"end":{}}],"line":510},"59":{"loc":{"start":{"line":516,"column":34},"end":{"line":516,"column":67}},"type":"binary-expr","locations":[{"start":{"line":516,"column":34},"end":{"line":516,"column":47}},{"start":{"line":516,"column":51},"end":{"line":516,"column":67}}],"line":516},"60":{"loc":{"start":{"line":523,"column":19},"end":{"line":523,"column":46}},"type":"binary-expr","locations":[{"start":{"line":523,"column":19},"end":{"line":523,"column":30}},{"start":{"line":523,"column":34},"end":{"line":523,"column":46}}],"line":523},"61":{"loc":{"start":{"line":529,"column":19},"end":{"line":529,"column":36}},"type":"binary-expr","locations":[{"start":{"line":529,"column":19},"end":{"line":529,"column":30}},{"start":{"line":529,"column":34},"end":{"line":529,"column":36}}],"line":529},"62":{"loc":{"start":{"line":531,"column":11},"end":{"line":531,"column":23}},"type":"binary-expr","locations":[{"start":{"line":531,"column":11},"end":{"line":531,"column":14}},{"start":{"line":531,"column":18},"end":{"line":531,"column":23}}],"line":531},"63":{"loc":{"start":{"line":532,"column":14},"end":{"line":532,"column":29}},"type":"binary-expr","locations":[{"start":{"line":532,"column":14},"end":{"line":532,"column":20}},{"start":{"line":532,"column":24},"end":{"line":532,"column":29}}],"line":532},"64":{"loc":{"start":{"line":533,"column":21},"end":{"line":533,"column":39}},"type":"binary-expr","locations":[{"start":{"line":533,"column":21},"end":{"line":533,"column":34}},{"start":{"line":533,"column":38},"end":{"line":533,"column":39}}],"line":533},"65":{"loc":{"start":{"line":534,"column":24},"end":{"line":534,"column":49}},"type":"binary-expr","locations":[{"start":{"line":534,"column":24},"end":{"line":534,"column":40}},{"start":{"line":534,"column":44},"end":{"line":534,"column":49}}],"line":534},"66":{"loc":{"start":{"line":535,"column":23},"end":{"line":535,"column":43}},"type":"binary-expr","locations":[{"start":{"line":535,"column":23},"end":{"line":535,"column":38}},{"start":{"line":535,"column":42},"end":{"line":535,"column":43}}],"line":535},"67":{"loc":{"start":{"line":536,"column":14},"end":{"line":536,"column":29}},"type":"binary-expr","locations":[{"start":{"line":536,"column":14},"end":{"line":536,"column":20}},{"start":{"line":536,"column":24},"end":{"line":536,"column":29}}],"line":536},"68":{"loc":{"start":{"line":537,"column":18},"end":{"line":537,"column":36}},"type":"binary-expr","locations":[{"start":{"line":537,"column":18},"end":{"line":537,"column":28}},{"start":{"line":537,"column":32},"end":{"line":537,"column":36}}],"line":537},"69":{"loc":{"start":{"line":538,"column":15},"end":{"line":538,"column":33}},"type":"binary-expr","locations":[{"start":{"line":538,"column":15},"end":{"line":538,"column":22}},{"start":{"line":538,"column":26},"end":{"line":538,"column":33}}],"line":538},"70":{"loc":{"start":{"line":539,"column":19},"end":{"line":539,"column":38}},"type":"binary-expr","locations":[{"start":{"line":539,"column":19},"end":{"line":539,"column":30}},{"start":{"line":539,"column":34},"end":{"line":539,"column":38}}],"line":539},"71":{"loc":{"start":{"line":540,"column":14},"end":{"line":540,"column":null}},"type":"binary-expr","locations":[{"start":{"line":540,"column":14},"end":{"line":540,"column":20}},{"start":{"line":540,"column":24},"end":{"line":540,"column":null}}],"line":540},"72":{"loc":{"start":{"line":549,"column":4},"end":{"line":551,"column":null}},"type":"if","locations":[{"start":{"line":549,"column":4},"end":{"line":551,"column":null}},{"start":{},"end":{}}],"line":549},"73":{"loc":{"start":{"line":559,"column":4},"end":{"line":561,"column":null}},"type":"if","locations":[{"start":{"line":559,"column":4},"end":{"line":561,"column":null}},{"start":{},"end":{}}],"line":559},"74":{"loc":{"start":{"line":566,"column":34},"end":{"line":566,"column":82}},"type":"binary-expr","locations":[{"start":{"line":566,"column":34},"end":{"line":566,"column":47}},{"start":{"line":566,"column":51},"end":{"line":566,"column":82}}],"line":566},"75":{"loc":{"start":{"line":573,"column":19},"end":{"line":573,"column":46}},"type":"binary-expr","locations":[{"start":{"line":573,"column":19},"end":{"line":573,"column":30}},{"start":{"line":573,"column":34},"end":{"line":573,"column":46}}],"line":573},"76":{"loc":{"start":{"line":582,"column":4},"end":{"line":584,"column":null}},"type":"if","locations":[{"start":{"line":582,"column":4},"end":{"line":584,"column":null}},{"start":{},"end":{}}],"line":582},"77":{"loc":{"start":{"line":588,"column":4},"end":{"line":590,"column":null}},"type":"if","locations":[{"start":{"line":588,"column":4},"end":{"line":590,"column":null}},{"start":{},"end":{}}],"line":588},"78":{"loc":{"start":{"line":594,"column":34},"end":{"line":594,"column":79}},"type":"binary-expr","locations":[{"start":{"line":594,"column":34},"end":{"line":594,"column":47}},{"start":{"line":594,"column":51},"end":{"line":594,"column":79}}],"line":594},"79":{"loc":{"start":{"line":602,"column":4},"end":{"line":604,"column":null}},"type":"if","locations":[{"start":{"line":602,"column":4},"end":{"line":604,"column":null}},{"start":{},"end":{}}],"line":602},"80":{"loc":{"start":{"line":607,"column":4},"end":{"line":609,"column":null}},"type":"if","locations":[{"start":{"line":607,"column":4},"end":{"line":609,"column":null}},{"start":{},"end":{}}],"line":607},"81":{"loc":{"start":{"line":613,"column":4},"end":{"line":615,"column":null}},"type":"if","locations":[{"start":{"line":613,"column":4},"end":{"line":615,"column":null}},{"start":{},"end":{}}],"line":613},"82":{"loc":{"start":{"line":619,"column":34},"end":{"line":619,"column":69}},"type":"binary-expr","locations":[{"start":{"line":619,"column":34},"end":{"line":619,"column":47}},{"start":{"line":619,"column":51},"end":{"line":619,"column":69}}],"line":619}},"s":{"0":0,"1":0,"2":0,"3":0,"4":0,"5":0,"6":0,"7":0,"8":0,"9":0,"10":0,"11":0,"12":0,"13":0,"14":0,"15":0,"16":0,"17":0,"18":0,"19":0,"20":0,"21":0,"22":0,"23":0,"24":0,"25":0,"26":0,"27":0,"28":0,"29":0,"30":0,"31":0,"32":0,"33":0,"34":0,"35":0,"36":0,"37":0,"38":0,"39":0,"40":0,"41":0,"42":0,"43":0,"44":0,"45":0,"46":0,"47":0,"48":0,"49":0,"50":0,"51":0,"52":0,"53":0,"54":0,"55":0,"56":0,"57":0,"58":0,"59":0,"60":0,"61":0,"62":0,"63":0,"64":0,"65":0,"66":0,"67":0,"68":0,"69":0,"70":0,"71":0,"72":0,"73":0,"74":0,"75":0,"76":0,"77":0,"78":0,"79":0,"80":0,"81":0,"82":0,"83":0,"84":0,"85":0,"86":0,"87":0,"88":0,"89":0,"90":0,"91":0,"92":0,"93":0,"94":0,"95":0,"96":0,"97":0,"98":0,"99":0,"100":0,"101":0,"102":0,"103":0,"104":0,"105":0,"106":0,"107":0,"108":0,"109":0,"110":0,"111":0,"112":0,"113":0,"114":0,"115":0,"116":0,"117":0,"118":0,"119":0,"120":0,"121":0,"122":0,"123":0,"124":0,"125":0,"126":0,"127":0,"128":0,"129":0,"130":0,"131":0,"132":0,"133":0,"134":0,"135":0,"136":0,"137":0,"138":0,"139":0,"140":0,"141":0,"142":0,"143":0,"144":0,"145":0,"146":0,"147":0,"148":0,"149":0,"150":0,"151":0,"152":0,"153":0,"154":0,"155":0,"156":0,"157":0,"158":0,"159":0,"160":0,"161":0,"162":0,"163":0,"164":0,"165":0,"166":0,"167":0,"168":0,"169":0,"170":0,"171":0,"172":0,"173":0,"174":0,"175":0,"176":0,"177":0,"178":0,"179":0,"180":0,"181":0,"182":0,"183":0,"184":0,"185":0,"186":0,"187":0,"188":0,"189":0,"190":0,"191":0,"192":0,"193":0,"194":0,"195":0,"196":0,"197":0,"198":0,"199":0,"200":0,"201":0,"202":0,"203":0,"204":0,"205":0,"206":0,"207":0,"208":0,"209":0,"210":0,"211":0,"212":0,"213":0,"214":0,"215":0,"216":0,"217":0,"218":0,"219":0,"220":0,"221":0,"222":0,"223":0,"224":0,"225":0,"226":0,"227":0,"228":0,"229":0,"230":0,"231":0,"232":0,"233":0,"234":0,"235":0,"236":0,"237":0,"238":0,"239":0,"240":0,"241":0,"242":0,"243":0,"244":0,"245":0,"246":0,"247":0,"248":0,"249":0,"250":0,"251":0,"252":0,"253":0,"254":0,"255":0,"256":0,"257":0,"258":0,"259":0,"260":0,"261":0},"f":{"0":0,"1":0,"2":0,"3":0,"4":0,"5":0,"6":0,"7":0,"8":0,"9":0,"10":0,"11":0,"12":0,"13":0,"14":0,"15":0,"16":0,"17":0,"18":0,"19":0,"20":0,"21":0,"22":0},"b":{"0":[0,0],"1":[0,0],"2":[0,0],"3":[0,0],"4":[0,0,0,0],"5":[0,0],"6":[0,0],"7":[0,0],"8":[0,0],"9":[0,0],"10":[0,0],"11":[0,0],"12":[0,0],"13":[0,0],"14":[0,0],"15":[0,0],"16":[0,0,0],"17":[0,0],"18":[0,0,0],"19":[0,0],"20":[0,0,0,0],"21":[0,0],"22":[0,0],"23":[0,0,0],"24":[0,0],"25":[0,0],"26":[0,0],"27":[0,0],"28":[0,0,0,0],"29":[0,0],"30":[0,0],"31":[0,0,0,0],"32":[0,0],"33":[0,0],"34":[0,0],"35":[0,0],"36":[0,0],"37":[0,0],"38":[0,0],"39":[0,0],"40":[0,0],"41":[0,0],"42":[0,0],"43":[0,0],"44":[0,0],"45":[0,0],"46":[0,0],"47":[0,0],"48":[0,0],"49":[0,0],"50":[0,0],"51":[0,0],"52":[0,0],"53":[0,0],"54":[0,0],"55":[0,0],"56":[0,0],"57":[0,0],"58":[0,0],"59":[0,0],"60":[0,0],"61":[0,0],"62":[0,0],"63":[0,0],"64":[0,0],"65":[0,0],"66":[0,0],"67":[0,0],"68":[0,0],"69":[0,0],"70":[0,0],"71":[0,0],"72":[0,0],"73":[0,0],"74":[0,0],"75":[0,0],"76":[0,0],"77":[0,0],"78":[0,0],"79":[0,0],"80":[0,0],"81":[0,0],"82":[0,0]},"meta":{"lastBranch":83,"lastFunction":23,"lastStatement":262,"seen":{"s:1:16:1:34":0,"s:2:15:2:31":1,"s:3:39:3:71":2,"s:4:12:4:35":3,"s:5:26:5:50":4,"s:6:16:6:34":5,"s:8:19:8:67":6,"b:8:19:8:41:8:45:8:67":0,"s:11:20:32:1":7,"f:11:20:11:21":0,"s:12:21:12:49":8,"s:13:2:13:Infinity":9,"b:15:2:18:Infinity:undefined:undefined:undefined:undefined":1,"s:15:2:18:Infinity":10,"s:16:4:16:Infinity":11,"s:17:4:17:Infinity":12,"s:20:16:20:40":13,"s:21:2:21:Infinity":14,"b:21:42:21:51:21:54:21:63":2,"s:23:2:31:Infinity":15,"s:24:20:24:49":16,"s:25:4:25:Infinity":17,"s:26:4:26:Infinity":18,"s:27:4:27:Infinity":19,"s:29:4:29:Infinity":20,"s:30:4:30:Infinity":21,"s:35:0:61:Infinity":22,"f:35:34:35:39":1,"s:36:2:60:Infinity":23,"s:37:28:37:37":24,"s:40:21:40:36":25,"s:41:20:41:34":26,"b:43:4:45:Infinity:undefined:undefined:undefined:undefined":3,"s:43:4:45:Infinity":27,"b:43:8:43:23:43:27:43:41:43:45:43:57:43:61:43:74":4,"s:44:6:44:Infinity":28,"s:48:22:48:56":29,"s:49:20:49:67":30,"s:52:18:54:6":31,"s:56:4:56:Infinity":32,"s:58:4:58:Infinity":33,"s:59:4:59:Infinity":34,"s:64:0:135:Infinity":35,"f:64:36:64:41":2,"s:65:2:134:Infinity":36,"s:66:24:66:48":37,"s:67:25:67:50":38,"s:68:26:68:68":39,"b:68:47:68:49:68:52:68:68":5,"s:69:25:69:75":40,"b:69:46:69:61:69:64:69:75":6,"s:72:30:72:72":41,"s:73:28:73:83":42,"s:74:31:74:75":43,"s:75:29:75:86":44,"s:78:16:82:5":45,"s:84:24:88:5":46,"b:91:4:106:Infinity:103:9:106:Infinity":7,"s:91:4:106:Infinity":47,"s:92:6:95:Infinity":48,"b:93:21:93:32:93:36:93:48":8,"b:94:23:94:34:94:38:94:50":9,"s:97:6:100:Infinity":49,"b:98:21:98:32:98:36:98:48":10,"b:99:23:99:34:99:38:99:50":11,"b:103:9:106:Infinity:undefined:undefined:undefined:undefined":12,"s:103:9:106:Infinity":50,"s:104:6:104:Infinity":51,"b:104:24:104:35:104:39:104:51":13,"s:105:6:105:Infinity":52,"b:105:32:105:43:105:47:105:59":14,"s:110:37:110:66":53,"s:112:32:116:9":54,"f:112:64:112:65":3,"s:113:28:113:66":55,"b:113:28:113:61:113:65:113:66":15,"s:114:30:114:104":56,"b:114:31:114:59:114:63:114:98:114:103:114:104":16,"s:115:6:115:Infinity":57,"s:119:38:119:75":58,"s:121:33:125:9":59,"f:121:66:121:67":4,"s:122:28:122:66":60,"b:122:28:122:61:122:65:122:66":17,"s:123:30:123:104":61,"b:123:31:123:59:123:63:123:98:123:103:123:104":18,"s:124:6:124:Infinity":62,"s:127:4:130:Infinity":63,"s:132:4:132:Infinity":64,"s:133:4:133:Infinity":65,"s:138:0:214:Infinity":66,"f:138:44:138:49":5,"s:139:2:213:Infinity":67,"s:140:4:140:Infinity":68,"s:141:28:141:36":69,"s:144:21:144:36":70,"s:145:20:145:34":71,"b:147:4:149:Infinity:undefined:undefined:undefined:undefined":19,"s:147:4:149:Infinity":72,"b:147:8:147:23:147:27:147:41:147:45:147:57:147:61:147:74":20,"s:148:6:148:Infinity":73,"s:152:22:152:56":74,"s:153:20:153:67":75,"s:156:25:158:6":76,"s:161:27:161:46":77,"s:162:31:162:65":78,"f:162:51:162:52":6,"s:162:56:162:64":79,"s:165:25:167:9":80,"f:165:51:165:52":7,"s:166:6:166:Infinity":81,"b:166:20:166:53:166:57:166:58":21,"s:170:21:174:9":82,"f:170:47:170:48":8,"s:171:28:171:66":83,"b:171:28:171:61:171:65:171:66":22,"s:172:30:172:104":84,"b:172:31:172:59:172:63:172:98:172:103:172:104":23,"s:173:6:173:Infinity":85,"s:177:27:179:9":86,"f:177:53:177:54":9,"s:178:6:178:Infinity":87,"b:178:52:178:92:178:96:178:97":24,"b:178:52:178:87:178:91:178:92":25,"s:182:17:182:80":88,"b:184:4:202:Infinity:191:11:202:Infinity":26,"s:184:4:202:Infinity":89,"s:186:6:186:Infinity":90,"s:187:6:187:Infinity":91,"s:188:6:188:Infinity":92,"s:189:6:189:Infinity":93,"s:190:6:190:Infinity":94,"s:193:6:200:Infinity":95,"s:201:6:201:Infinity":96,"s:204:4:204:Infinity":97,"s:205:4:209:Infinity":98,"s:211:4:211:Infinity":99,"s:212:4:212:Infinity":100,"s:217:0:225:Infinity":101,"f:217:44:217:49":10,"s:218:2:224:Infinity":102,"s:219:20:219:76":103,"s:220:4:220:Infinity":104,"s:222:4:222:Infinity":105,"s:223:4:223:Infinity":106,"s:228:0:251:Infinity":107,"f:228:56:228:61":11,"s:229:2:250:Infinity":108,"s:230:28:230:38":109,"s:233:21:233:36":110,"s:234:20:234:34":111,"b:236:4:238:Infinity:undefined:undefined:undefined:undefined":27,"s:236:4:238:Infinity":112,"b:236:8:236:23:236:27:236:41:236:45:236:57:236:61:236:74":28,"s:237:6:237:Infinity":113,"s:240:19:240:82":114,"b:242:4:244:Infinity:undefined:undefined:undefined:undefined":29,"s:242:4:244:Infinity":115,"s:243:6:243:Infinity":116,"s:246:4:246:Infinity":117,"s:248:4:248:Infinity":118,"s:249:4:249:Infinity":119,"s:254:0:372:Infinity":120,"f:254:65:254:70":12,"s:255:2:371:Infinity":121,"s:256:4:256:Infinity":122,"s:257:28:257:38":123,"s:260:21:260:36":124,"s:261:20:261:34":125,"b:263:4:265:Infinity:undefined:undefined:undefined:undefined":30,"s:263:4:265:Infinity":126,"b:263:8:263:23:263:27:263:41:263:45:263:57:263:61:263:74":31,"s:264:6:264:Infinity":127,"s:268:22:268:56":128,"s:269:20:269:67":129,"s:272:25:274:40":130,"s:277:19:277:82":131,"s:280:21:280:43":132,"s:281:22:281:61":133,"s:284:4:284:Infinity":134,"s:285:4:285:Infinity":135,"s:286:4:286:Infinity":136,"s:287:4:287:Infinity":137,"b:290:4:304:Infinity:undefined:undefined:undefined:undefined":32,"s:290:4:304:Infinity":138,"s:291:6:291:Infinity":139,"s:292:6:292:Infinity":140,"s:293:6:293:Infinity":141,"s:295:6:295:Infinity":142,"s:296:6:296:Infinity":143,"s:297:6:297:Infinity":144,"s:298:6:298:Infinity":145,"s:301:6:303:Infinity":146,"s:301:19:301:20":147,"s:302:8:302:Infinity":148,"s:307:4:307:Infinity":149,"s:308:4:308:Infinity":150,"s:309:4:309:Infinity":151,"s:312:22:312:93":152,"s:313:4:313:Infinity":153,"s:316:25:316:42":154,"s:317:4:317:Infinity":155,"s:318:4:322:Infinity":156,"s:323:4:326:Infinity":157,"s:329:4:341:Infinity":158,"f:329:25:329:36":13,"s:330:21:330:90":159,"b:330:42:330:50:330:54:330:89":33,"b:330:72:330:77:330:80:330:89":34,"s:331:28:331:58":160,"b:331:28:331:53:331:57:331:58":35,"s:333:6:340:Infinity":161,"b:336:8:336:31:336:35:336:38":36,"b:339:32:339:62:339:65:339:Infinity":37,"s:344:4:347:Infinity":162,"s:350:4:357:Infinity":163,"s:360:22:360:98":164,"s:361:4:361:Infinity":165,"s:362:4:362:Infinity":166,"s:365:4:365:Infinity":167,"s:366:4:366:Infinity":168,"s:367:4:367:Infinity":169,"s:369:4:369:Infinity":170,"s:370:4:370:Infinity":171,"s:375:0:392:Infinity":172,"f:375:32:375:37":14,"s:376:2:391:Infinity":173,"s:377:19:377:46":174,"b:377:19:377:30:377:34:377:46":38,"s:379:25:384:25":175,"s:386:4:386:Infinity":176,"s:387:4:387:Infinity":177,"s:389:4:389:Infinity":178,"s:390:4:390:Infinity":179,"s:395:0:424:Infinity":180,"f:395:29:395:34":15,"s:396:2:423:Infinity":181,"s:397:19:397:46":182,"b:397:19:397:30:397:34:397:46":39,"b:400:4:411:Infinity:undefined:undefined:undefined:undefined":40,"s:400:4:411:Infinity":183,"s:401:27:409:27":184,"s:410:6:410:Infinity":185,"s:414:25:419:25":186,"s:420:4:420:Infinity":187,"s:422:4:422:Infinity":188,"s:427:0:449:Infinity":189,"f:427:32:427:37":16,"s:428:2:448:Infinity":190,"s:430:26:430:35":191,"s:433:18:433:20":192,"b:436:4:438:Infinity:undefined:undefined:undefined:undefined":41,"s:436:4:438:Infinity":193,"s:437:6:437:Infinity":194,"s:441:25:444:25":195,"s:445:4:445:Infinity":196,"s:447:4:447:Infinity":197,"s:452:0:467:Infinity":198,"f:452:39:452:44":17,"s:453:2:466:Infinity":199,"s:455:25:458:25":200,"s:461:35:461:114":201,"f:461:55:461:58":18,"s:461:62:461:113":202,"b:461:62:461:75:461:79:461:113":42,"s:463:4:463:Infinity":203,"s:465:4:465:Infinity":204,"s:470:0:518:Infinity":205,"f:470:30:470:35":19,"s:471:2:517:Infinity":206,"s:473:19:473:46":207,"b:473:19:473:30:473:34:473:46":43,"b:474:4:476:Infinity:undefined:undefined:undefined:undefined":44,"s:474:4:476:Infinity":208,"s:475:6:475:Infinity":209,"s:478:155:478:163":210,"b:480:4:482:Infinity:undefined:undefined:undefined:undefined":45,"s:480:4:482:Infinity":211,"b:480:8:480:15:480:19:480:24":46,"s:481:6:481:Infinity":212,"s:484:24:500:6":213,"b:486:19:486:30:486:34:486:36":47,"b:488:11:488:14:488:18:488:23":48,"b:489:14:489:20:489:24:489:29":49,"b:490:21:490:34:490:38:490:39":50,"b:491:24:491:40:491:44:491:49":51,"b:492:23:492:38:492:42:492:43":52,"b:493:14:493:20:493:24:493:29":53,"b:494:18:494:28:494:32:494:36":54,"b:495:15:495:22:495:26:495:33":55,"b:496:19:496:30:496:34:496:38":56,"b:497:14:497:20:497:24:497:26":57,"s:502:18:502:42":214,"s:505:4:505:Infinity":215,"s:506:4:506:Infinity":216,"s:509:15:509:30":217,"b:510:4:512:Infinity:undefined:undefined:undefined:undefined":58
[...]
ations":[{"start":{"line":141,"column":51},"end":{"line":141,"column":64}},{"start":{"line":141,"column":67},"end":{"line":141,"column":76}}],"line":141},"8":{"loc":{"start":{"line":142,"column":32},"end":{"line":142,"column":77}},"type":"cond-expr","locations":[{"start":{"line":142,"column":52},"end":{"line":142,"column":65}},{"start":{"line":142,"column":68},"end":{"line":142,"column":77}}],"line":142},"9":{"loc":{"start":{"line":191,"column":2},"end":{"line":194,"column":3}},"type":"if","locations":[{"start":{"line":191,"column":2},"end":{"line":194,"column":3}},{"start":{},"end":{}}],"line":191},"10":{"loc":{"start":{"line":191,"column":6},"end":{"line":191,"column":60}},"type":"binary-expr","locations":[{"start":{"line":191,"column":6},"end":{"line":191,"column":26}},{"start":{"line":191,"column":30},"end":{"line":191,"column":60}}],"line":191},"11":{"loc":{"start":{"line":229,"column":4},"end":{"line":250,"column":5}},"type":"if","locations":[{"start":{"line":229,"column":4},"end":{"line":250,"column":5}},{"start":{"line":244,"column":11},"end":{"line":250,"column":5}}],"line":229},"12":{"loc":{"start":{"line":231,"column":6},"end":{"line":237,"column":7}},"type":"if","locations":[{"start":{"line":231,"column":6},"end":{"line":237,"column":7}},{"start":{},"end":{}}],"line":231},"13":{"loc":{"start":{"line":233,"column":10},"end":{"line":235,"column":11}},"type":"if","locations":[{"start":{"line":233,"column":10},"end":{"line":235,"column":11}},{"start":{},"end":{}}],"line":233}},"s":{"0":0,"1":0,"2":0,"3":0,"4":0,"5":0,"6":0,"7":0,"8":0,"9":0,"10":0,"11":0,"12":0,"13":0,"14":0,"15":0,"16":0,"17":0,"18":0,"19":0,"20":0,"21":0,"22":0,"23":0,"24":0,"25":0,"26":0,"27":0,"28":0,"29":0,"30":0,"31":0,"32":0,"33":0,"34":0,"35":0,"36":0,"37":0,"38":0,"39":0,"40":0,"41":0,"42":0,"43":0,"44":0,"45":0,"46":0,"47":0,"48":0,"49":0,"50":0,"51":0,"52":0,"53":0,"54":0,"55":0,"56":0,"57":0,"58":0,"59":0,"60":0,"61":0,"62":0,"63":0,"64":0,"65":0,"66":0,"67":0,"68":0,"69":0,"70":0,"71":0,"72":0,"73":0,"74":0},"f":{"0":0,"1":0,"2":0,"3":0,"4":0,"5":0,"6":0,"7":0,"8":0,"9":0,"10":0,"11":0,"12":0,"13":0,"14":0,"15":0,"16":0},"b":{"0":[0,0],"1":[0,0],"2":[0,0],"3":[0,0],"4":[0,0],"5":[0,0],"6":[0,0],"7":[0,0],"8":[0,0],"9":[0,0],"10":[0,0],"11":[0,0],"12":[0,0],"13":[0,0]},"meta":{"lastBranch":14,"lastFunction":17,"lastStatement":75,"seen":{"s:2:17:2:41":0,"s:3:11:3:24":1,"s:5:19:10:1":2,"f:15:9:15:18":0,"s:16:2:16:35":3,"f:22:9:22:26":1,"s:23:2:31:5":4,"f:23:21:23:22":2,"s:24:4:30:7":5,"f:24:45:24:46":3,"b:25:6:29:7:27:13:29:7":0,"s:25:6:29:7":6,"s:26:8:26:22":7,"s:28:8:28:31":8,"f:37:15:37:30":4,"b:38:2:40:3:undefined:undefined:undefined:undefined":1,"s:38:2:40:3":9,"s:39:4:39:43":10,"s:42:2:60:3":11,"s:44:27:46:5":12,"s:49:28:51:5":13,"s:53:4:56:6":14,"f:54:50:54:54":5,"s:54:58:54:69":15,"f:55:52:55:56":6,"s:55:60:55:71":16,"s:58:4:58:57":17,"s:59:4:59:43":18,"f:66:15:66:31":7,"b:67:2:70:3:undefined:undefined:undefined:undefined":2,"s:67:2:70:3":19,"s:68:4:68:67":20,"s:69:4:69:17":21,"s:72:2:90:3":22,"s:73:20:73:43":23,"s:74:24:74:78":24,"s:76:26:78:5":25,"f:76:75:76:81":8,"s:77:6:77:87":26,"f:77:23:77:30":9,"s:77:34:77:86":27,"b:80:4:86:5:83:11:86:5":3,"s:80:4:86:5":28,"s:81:6:81:44":29,"s:82:6:82:18":30,"s:84:6:84:44":31,"s:85:6:85:19":32,"s:88:4:88:58":33,"s:89:4:89:17":34,"f:96:15:96:35":10,"b:97:2:99:3:undefined:undefined:undefined:undefined":4,"s:97:2:99:3":35,"s:98:4:98:68":36,"s:101:2:121:3":37,"s:103:20:110:5":38,"s:112:19:112:51":39,"s:114:4:117:6":40,"b:116:54:116:78:116:81:116:106":5,"s:119:4:119:66":41,"s:120:4:120:74":42,"f:127:15:127:31":11,"s:128:2:128:49":43,"s:130:2:182:3":44,"s:132:28:132:52":45,"b:134:4:175:5:156:11:175:5":6,"s:134:4:175:5":46,"s:136:24:136:52":47,"s:138:6:143:8":48,"b:141:51:141:64:141:67:141:76":7,"b:142:52:142:65:142:68:142:77":8,"s:145:6:155:8":49,"s:157:6:162:8":50,"s:164:6:174:8":51,"s:177:4:177:55":52,"s:178:4:181:6":53,"f:188:9:188:26":12,"s:189:2:189:72":54,"b:191:2:194:3:undefined:undefined:undefined:undefined":9,"s:191:2:194:3":55,"b:191:6:191:26:191:30:191:60":10,"s:192:4:192:82":56,"s:193:4:193:66":57,"s:198:2:198:72":58,"f:204:9:204:28":13,"s:205:2:205:74":59,"s:206:2:206:66":60,"f:212:9:212:18":14,"s:213:2:217:4":61,"f:223:15:223:25":15,"s:224:2:224:48":62,"s:226:2:257:3":63,"s:227:28:227:52":64,"b:229:4:250:5:244:11:250:5":11,"s:229:4:250:5":65,"b:231:6:237:7:undefined:undefined:undefined:undefined":12,"s:231:6:237:7":66,"s:232:8:236:11":67,"f:232:35:232:36":16,"b:233:10:235:11:undefined:undefined:undefined:undefined":13,"s:233:10:235:11":68,"s:234:12:234:71":69,"s:239:6:243:8":70,"s:245:6:249:8":71,"s:252:4:252:54":72,"s:253:4:256:6":73,"s:260:0:268:2":74}}}
,"C:\\Users\\user\\OneDrive\\Desktop\\CRM\\backend\\services\\usbHeadsetBridge.js": {"path":"C:\\Users\\user\\OneDrive\\Desktop\\CRM\\backend\\services\\usbHeadsetBridge.js","statementMap":{"0":{"start":{"line":8,"column":2},"end":{"line":12,"column":null}},"1":{"start":{"line":20,"column":2},"end":{"line":29,"column":null}},"2":{"start":{"line":37,"column":2},"end":{"line":42,"column":null}},"3":{"start":{"line":45,"column":0},"end":{"line":49,"column":null}}},"fnMap":{"0":{"name":"getStatus","decl":{"start":{"line":7,"column":9},"end":{"line":7,"column":18}},"loc":{"start":{"line":7,"column":21},"end":{"line":13,"column":null}},"line":7},"1":{"name":"startAudioBridge","decl":{"start":{"line":19,"column":15},"end":{"line":19,"column":31}},"loc":{"start":{"line":19,"column":34},"end":{"line":30,"column":null}},"line":19},"2":{"name":"testAudio","decl":{"start":{"line":36,"column":15},"end":{"line":36,"column":24}},"loc":{"start":{"line":36,"column":27},"end":{"line":43,"column":null}},"line":36}},"branchMap":{},"s":{"0":0,"1":0,"2":0,"3":0},"f":{"0":0,"1":0,"2":0},"b":{},"meta":{"lastBranch":0,"lastFunction":3,"lastStatement":4,"seen":{"f:7:9:7:18":0,"s:8:2:12:Infinity":0,"f:19:15:19:31":1,"s:20:2:29:Infinity":1,"f:36:15:36:24":2,"s:37:2:42:Infinity":2,"s:45:0:49:Infinity":3}}}
,"C:\\Users\\user\\OneDrive\\Desktop\\CRM\\backend\\services\\whatsapp.js": {"path":"C:\\Users\\user\\OneDrive\\Desktop\\CRM\\backend\\services\\whatsapp.js","statementMap":{"0":{"start":{"line":10,"column":2},"end":{"line":57,"column":null}},"1":{"start":{"line":12,"column":4},"end":{"line":14,"column":null}},"2":{"start":{"line":13,"column":6},"end":{"line":13,"column":null}},"3":{"start":{"line":17,"column":4},"end":{"line":19,"column":null}},"4":{"start":{"line":18,"column":6},"end":{"line":18,"column":null}},"5":{"start":{"line":21,"column":4},"end":{"line":21,"column":null}},"6":{"start":{"line":24,"column":4},"end":{"line":52,"column":null}},"7":{"start":{"line":26,"column":23},"end":{"line":38,"column":8}},"8":{"start":{"line":40,"column":19},"end":{"line":40,"column":40}},"9":{"start":{"line":42,"column":6},"end":{"line":45,"column":null}},"10":{"start":{"line":43,"column":8},"end":{"line":43,"column":null}},"11":{"start":{"line":44,"column":8},"end":{"line":44,"column":null}},"12":{"start":{"line":47,"column":6},"end":{"line":47,"column":null}},"13":{"start":{"line":50,"column":6},"end":{"line":50,"column":null}},"14":{"start":{"line":51,"column":6},"end":{"line":51,"column":null}},"15":{"start":{"line":55,"column":4},"end":{"line":55,"column":null}},"16":{"start":{"line":56,"column":4},"end":{"line":56,"column":null}},"17":{"start":{"line":60,"column":0},"end":{"line":62,"column":null}}},"fnMap":{"0":{"name":"sendWhatsAppMessage","decl":{"start":{"line":9,"column":15},"end":{"line":9,"column":34}},"loc":{"start":{"line":9,"column":57},"end":{"line":58,"column":null}},"line":9}},"branchMap":{"0":{"loc":{"start":{"line":12,"column":4},"end":{"line":14,"column":null}},"type":"if","locations":[{"start":{"line":12,"column":4},"end":{"line":14,"column":null}},{"start":{},"end":{}}],"line":12},"1":{"loc":{"start":{"line":12,"column":8},"end":{"line":12,"column":32}},"type":"binary-expr","locations":[{"start":{"line":12,"column":8},"end":{"line":12,"column":20}},{"start":{"line":12,"column":24},"end":{"line":12,"column":32}}],"line":12},"2":{"loc":{"start":{"line":17,"column":4},"end":{"line":19,"column":null}},"type":"if","locations":[{"start":{"line":17,"column":4},"end":{"line":19,"column":null}},{"start":{},"end":{}}],"line":17},"3":{"loc":{"start":{"line":24,"column":4},"end":{"line":52,"column":null}},"type":"if","locations":[{"start":{"line":24,"column":4},"end":{"line":52,"column":null}},{"start":{"line":48,"column":11},"end":{"line":52,"column":null}}],"line":24},"4":{"loc":{"start":{"line":42,"column":6},"end":{"line":45,"column":null}},"type":"if","locations":[{"start":{"line":42,"column":6},"end":{"line":45,"column":null}},{"start":{},"end":{}}],"line":42},"5":{"loc":{"start":{"line":44,"column":47},"end":{"line":44,"column":85}},"type":"binary-expr","locations":[{"start":{"line":44,"column":47},"end":{"line":44,"column":66}},{"start":{"line":44,"column":70},"end":{"line":44,"column":85}}],"line":44}},"s":{"0":0,"1":0,"2":0,"3":0,"4":0,"5":0,"6":0,"7":0,"8":0,"9":0,"10":0,"11":0,"12":0,"13":0,"14":0,"15":0,"16":0,"17":0},"f":{"0":0},"b":{"0":[0,0],"1":[0,0],"2":[0,0],"3":[0,0],"4":[0,0],"5":[0,0]},"meta":{"lastBranch":6,"lastFunction":1,"lastStatement":18,"seen":{"f:9:15:9:34":0,"s:10:2:57:Infinity":0,"b:12:4:14:Infinity:undefined:undefined:undefined:undefined":0,"s:12:4:14:Infinity":1,"b:12:8:12:20:12:24:12:32":1,"s:13:6:13:Infinity":2,"b:17:4:19:Infinity:undefined:undefined:undefined:undefined":2,"s:17:4:19:Infinity":3,"s:18:6:18:Infinity":4,"s:21:4:21:Infinity":5,"b:24:4:52:Infinity:48:11:52:Infinity":3,"s:24:4:52:Infinity":6,"s:26:23:38:8":7,"s:40:19:40:40":8,"b:42:6:45:Infinity:undefined:undefined:undefined:undefined":4,"s:42:6:45:Infinity":9,"s:43:8:43:Infinity":10,"s:44:8:44:Infinity":11,"b:44:47:44:66:44:70:44:85":5,"s:47:6:47:Infinity":12,"s:50:6:50:Infinity":13,"s:51:6:51:Infinity":14,"s:55:4:55:Infinity":15,"s:56:4:56:Infinity":16,"s:60:0:62:Infinity":17}}}
,"C:\\Users\\user\\OneDrive\\Desktop\\CRM\\backend\\services\\workingHuaweiAudio.js": {"path":"C:\\Users\\user\\OneDrive\\Desktop\\CRM\\backend\\services\\workingHuaweiAudio.js","statementMap":{"0":{"start":{"line":2,"column":17},"end":{"line":2,"column":41}},"1":{"start":{"line":4,"column":18},"end":{"line":8,"column":1}},"2":{"start":{"line":14,"column":2},"end":{"line":33,"column":5}},"3":{"start":{"line":16,"column":21},"end":{"line":20,"column":5}},"4":{"start":{"line":22,"column":20},"end":{"line":22,"column":21}},"5":{"start":{"line":23,"column":4},"end":{"line":32,"column":7}},"6":{"start":{"line":24,"column":6},"end":{"line":31,"column":9}},"7":{"start":{"line":25,"column":8},"end":{"line":25,"column":55}},"8":{"start":{"line":25,"column":20},"end":{"line":25,"column":55}},"9":{"start":{"line":26,"column":8},"end":{"line":26,"column":20}},"10":{"start":{"line":27,"column":8},"end":{"line":30,"column":9}},"11":{"start":{"line":28,"column":10},"end":{"line":28,"column":50}},"12":{"start":{"line":29,"column":10},"end":{"line":29,"column":24}},"13":{"start":{"line":40,"column":2},"end":{"line":52,"column":5}},"14":{"start":{"line":41,"column":4},"end":{"line":51,"column":7}},"15":{"start":{"line":42,"column":6},"end":{"line":50,"column":7}},"16":{"start":{"line":43,"column":8},"end":{"line":43,"column":63}},"17":{"start":{"line":44,"column":8},"end":{"line":44,"column":42}},"18":{"start":{"line":45,"column":8},"end":{"line":45,"column":22}},"19":{"start":{"line":47,"column":8},"end":{"line":47,"column":56}},"20":{"start":{"line":48,"column":8},"end":{"line":48,"column":43}},"21":{"start":{"line":49,"column":8},"end":{"line":49,"column":23}},"22":{"start":{"line":59,"column":2},"end":{"line":69,"column":5}},"23":{"start":{"line":60,"column":4},"end":{"line":68,"column":7}},"24":{"start":{"line":61,"column":6},"end":{"line":67,"column":7}},"25":{"start":{"line":62,"column":8},"end":{"line":62,"column":75}},"26":{"start":{"line":63,"column":8},"end":{"line":63,"column":22}},"27":{"start":{"line":65,"column":8},"end":{"line":65,"column":54}},"28":{"start":{"line":66,"column":8},"end":{"line":66,"column":23}},"29":{"start":{"line":76,"column":2},"end":{"line":117,"column":3}},"30":{"start":{"line":77,"column":4},"end":{"line":77,"column":78}},"31":{"start":{"line":80,"column":26},"end":{"line":80,"column":53}},"32":{"start":{"line":83,"column":4},"end":{"line":83,"column":25}},"33":{"start":{"line":86,"column":4},"end":{"line":86,"column":28}},"34":{"start":{"line":88,"column":4},"end":{"line":88,"column":30}},"35":{"start":{"line":89,"column":4},"end":{"line":89,"column":33}},"36":{"start":{"line":91,"column":4},"end":{"line":91,"column":59}},"37":{"start":{"line":92,"column":4},"end":{"line":92,"column":75}},"38":{"start":{"line":93,"column":4},"end":{"line":93,"column":64}},"39":{"start":{"line":95,"column":4},"end":{"line":109,"column":6}},"40":{"start":{"line":112,"column":4},"end":{"line":112,"column":64}},"41":{"start":{"line":113,"column":4},"end":{"line":116,"column":6}},"42":{"start":{"line":124,"column":2},"end":{"line":138,"column":3}},"43":{"start":{"line":125,"column":4},"end":{"line":125,"column":68}},"44":{"start":{"line":126,"column":4},"end":{"line":126,"column":31}},"45":{"start":{"line":128,"column":4},"end":{"line":131,"column":6}},"46":{"start":{"line":133,"column":4},"end":{"line":133,"column":66}},"47":{"start":{"line":134,"column":4},"end":{"line":137,"column":6}},"48":{"start":{"line":145,"column":2},"end":{"line":149,"column":4}},"49":{"start":{"line":156,"column":2},"end":{"line":183,"column":3}},"50":{"start":{"line":157,"column":4},"end":{"line":157,"column":59}},"51":{"start":{"line":159,"column":26},"end":{"line":159,"column":53}},"52":{"start":{"line":161,"column":4},"end":{"line":175,"column":6}},"53":{"start":{"line":178,"column":4},"end":{"line":178,"column":57}},"54":{"start":{"line":179,"column":4},"end":{"line":182,"column":6}},"55":{"start":{"line":186,"column":0},"end":{"line":191,"column":2}}},"fnMap":{"0":{"name":"setMaxVolume","decl":{"start":{"line":13,"column":15},"end":{"line":13,"column":27}},"loc":{"start":{"line":13,"column":30},"end":{"line":34,"column":1}},"line":13},"1":{"name":"(anonymous_1)","decl":{"start":{"line":14,"column":21},"end":{"line":14,"column":22}},"loc":{"start":{"line":14,"column":34},"end":{"line":33,"column":3}},"line":14},"2":{"name":"(anonymous_2)","decl":{"start":{"line":23,"column":21},"end":{"line":23,"column":24}},"loc":{"start":{"line":23,"column":28},"end":{"line":32,"column":5}},"line":23},"3":{"name":"(anonymous_3)","decl":{"start":{"line":24,"column":16},"end":{"line":24,"column":17}},"loc":{"start":{"line":24,"column":27},"end":{"line":31,"column":7}},"line":24},"4":{"name":"checkUSBAudioDevice","decl":{"start":{"line":39,"column":15},"end":{"line":39,"column":34}},"loc":{"start":{"line":39,"column":37},"end":{"line":53,"column":1}},"line":39},"5":{"name":"(anonymous_5)","decl":{"start":{"line":40,"column":21},"end":{"line":40,"column":22}},"loc":{"start":{"line":40,"column":34},"end":{"line":52,"column":3}},"line":40},"6":{"name":"(anonymous_6)","decl":{"start":{"line":41,"column":120},"end":{"line":41,"column":121}},"loc":{"start":{"line":41,"column":147},"end":{"line":51,"column":5}},"line":41},"7":{"name":"openVolumeMixer","decl":{"start":{"line":58,"column":15},"end":{"line":58,"column":30}},"loc":{"start":{"line":58,"column":33},"end":{"line":70,"column":1}},"line":58},"8":{"name":"(anonymous_8)","decl":{"start":{"line":59,"column":21},"end":{"line":59,"column":22}},"loc":{"start":{"line":59,"column":34},"end":{"line":69,"column":3}},"line":59},"9":{"name":"(anonymous_9)","decl":{"start":{"line":60,"column":19},"end":{"line":60,"column":20}},"loc":{"start":{"line":60,"column":30},"end":{"line":68,"column":5}},"line":60},"10":{"name":"activateCallAudio","decl":{"start":{"line":75,"column":15},"end":{"line":75,"column":32}},"loc":{"start":{"line":75,"column":46},"end":{"line":118,"column":1}},"line":75},"11":{"name":"deactivateCallAudio","decl":{"start":{"line":123,"column":9},"end":{"line":123,"column":28}},"loc":{"start":{"line":123,"column":42},"end":{"line":139,"column":1}},"line":123},"12":{"name":"getStatus","decl":{"start":{"line":144,"column":9},"end":{"line":144,"column":18}},"loc":{"start":{"line":144,"column":21},"end":{"line":150,"column":1}},"line":144},"13":{"name":"testBridge","decl":{"start":{"line":155,"column":15},"end":{"line":155,"column":25}},"loc":{"start":{"line":155,"column":28},"end":{"line":184,"column":1}},"line":155}},"branchMap":{"0":{"loc":{"start":{"line":25,"column":8},"end":{"line":25,"column":55}},"type":"if","locations":[{"start":{"line":25,"column":8},"end":{"line":25,"column":55}},{"start":{},"end":{}}],"line":25},"1":{"loc":{"start":{"line":27,"column":8},"end":{"line":30,"column":9}},"type":"if","locations":[{"start":{"line":27,"column":8},"end":{"line":30,"column":9}},{"start":{},"end":{}}],"line":27},"2":{"loc":{"start":{"line":42,"column":6},"end":{"line":50,"column":7}},"type":"if","locations":[{"start":{"line":42,"column":6},"end":{"line":50,"column":7}},{"start":{"line":46,"column":13},"end":{"line":50,"column":7}}],"line":42},"3":{"loc":{"start":{"line":42,"column":10},"end":{"line":42,"column":55}},"type":"binary-expr","locations":[{"start":{"line":42,"column":10},"end":{"line":42,"column":16}},{"start":{"line":42,"column":20},"end":{"line":42,"column":55}}],"line":42},"4":{"loc":{"start":{"line":61,"column":6},"end":{"line":67,"column":7}},"type":"if","locations":[{"start":{"line":61,"column":6},"end":{"line":67,"column":7}},{"start":{"line":64,"column":13},"end":{"line":67,"column":7}}],"line":61},"5":{"loc":{"start":{"line":164,"column":15},"end":{"line":166,"column":44}},"type":"cond-expr","locations":[{"start":{"line":165,"column":10},"end":{"line":165,"column":62}},{"start":{"line":166,"column":10},"end":{"line":166,"column":44}}],"line":164}},"s":{"0":0,"1":0,"2":0,"3":0,"4":0,"5":0,"6":0,"7":0,"8":0,"9":0,"10":0,"11":0,"12":0,"13":0,"14":0,"15":0,"16":0,"17":0,"18":0,"19":0,"20":0,"21":0,"22":0,"23":0,"24":0,"25":0,"26":0,"27":0,"28":0,"29":0,"30":0,"31":0,"32":0,"33":0,"34":0,"35":0,"36":0,"37":0,"38":0,"39":0,"40":0,"41":0,"42":0,"43":0,"44":0,"45":0,"46":0,"47":0,"48":0,"49":0,"50":0,"51":0,"52":0,"53":0,"54":0,"55":0},"f":{"0":0,"1":0,"2":0,"3":0,"4":0,"5":0,"6":0,"7":0,"8":0,"9":0,"10":0,"11":0,"12":0,"13":0},"b":{"0":[0,0],"1":[0,0],"2":[0,0],"3":[0,0],"4":[0,0],"5":[0,0]},"meta":{"lastBranch":6,"lastFunction":14,"lastStatement":56,"seen":{"s:2:17:2:41":0,"s:4:18:8:1":1,"f:13:15:13:27":0,"s:14:2:33:5":2,"f:14:21:14:22":1,"s:16:21:20:5":3,"s:22:20:22:21":4,"s:23:4:32:7":5,"f:23:21:23:24":2,"s:24:6:31:9":6,"f:24:16:24:17":3,"b:25:8:25:55:undefined:undefined:undefined:undefined":0,"s:25:8:25:55":7,"s:25:20:25:55":8,"s:26:8:26:20":9,"b:27:8:30:9:undefined:undefined:undefined:undefined":1,"s:27:8:30:9":10,"s:28:10:28:50":11,"s:29:10:29:24":12,"f:39:15:39:34":4,"s:40:2:52:5":13,"f:40:21:40:22":5,"s:41:4:51:7":14,"f:41:120:41:121":6,"b:42:6:50:7:46:13:50:7":2,"s:42:6:50:7":15,"b:42:10:42:16:42:20:42:55":3,"s:43:8:43:63":16,"s:44:8:44:42":17,"s:45:8:45:22":18,"s:47:8:47:56":19,"s:48:8:48:43":20,"s:49:8:49:23":21,"f:58:15:58:30":7,"s:59:2:69:5":22,"f:59:21:59:22":8,"s:60:4:68:7":23,"f:60:19:60:20":9,"b:61:6:67:7:64:13:67:7":4,"s:61:6:67:7":24,"s:62:8:62:75":25,"s:63:8:63:22":26,"s:65:8:65:54":27,"s:66:8:66:23":28,"f:75:15:75:32":10,"s:76:2:117:3":29,"s:77:4:77:78":30,"s:80:26:80:53":31,"s:83:4:83:25":32,"s:86:4:86:28":33,"s:88:4:88:30":34,"s:89:4:89:33":35,"s:91:4:91:59":36,"s:92:4:92:75":37,"s:93:4:93:64":38,"s:95:4:109:6":39,"s:112:4:112:64":40,"s:113:4:116:6":41,"f:123:9:123:28":11,"s:124:2:138:3":42,"s:125:4:125:68":43,"s:126:4:126:31":44,"s:128:4:131:6":45,"s:133:4:133:66":46,"s:134:4:137:6":47,"f:144:9:144:18":12,"s:145:2:149:4":48,"f:155:15:155:25":13,"s:156:2:183:3":49,"s:157:4:157:59":50,"s:159:26:159:53":51,"s:161:4:175:6":52,"b:165:10:165:62:166:10:166:44":5,"s:178:4:178:57":53,"s:179:4:182:6":54,"s:186:0:191:2":55}}}
}
