TN:
SF:login\Auth.js
FN:26,(anonymous_0)
FNF:1
FNH:0
FNDA:0,(anonymous_0)
DA:1,0
DA:2,0
DA:3,0
DA:4,0
DA:5,0
DA:6,0
DA:7,0
DA:10,0
DA:11,0
DA:12,0
DA:15,0
DA:16,0
DA:17,0
DA:19,0
DA:22,0
DA:27,0
DA:29,0
DA:31,0
DA:32,0
DA:35,0
DA:37,0
DA:39,0
DA:42,0
DA:44,0
DA:45,0
DA:46,0
DA:50,0
DA:61,0
DA:72,0
DA:73,0
DA:75,0
DA:78,0
DA:80,0
DA:81,0
DA:82,0
DA:85,0
DA:99,0
DA:100,0
DA:104,0
LF:39
LH:0
BRDA:10,0,0,0
BRDA:10,0,1,0
BRDA:37,1,0,0
BRDA:37,1,1,0
BRDA:37,2,0,0
BRDA:37,2,1,0
BRDA:44,3,0,0
BRDA:44,3,1,0
BRDA:80,4,0,0
BRDA:80,4,1,0
BRF:10
BRH:0
end_of_record
TN:
SF:middleware\auth.js
FN:4,(anonymous_0)
FNF:1
FNH:0
FNDA:0,(anonymous_0)
DA:1,0
DA:2,0
DA:4,0
DA:5,0
DA:7,0
DA:9,0
DA:10,0
DA:14,0
DA:15,0
DA:17,0
DA:20,0
DA:22,0
DA:23,0
DA:27,0
DA:28,0
DA:30,0
DA:31,0
DA:32,0
DA:34,0
DA:35,0
DA:36,0
DA:39,0
DA:40,0
DA:44,0
LF:24
LH:0
BRDA:9,0,0,0
BRDA:9,0,1,0
BRDA:14,1,0,0
BRDA:14,1,1,0
BRDA:20,2,0,0
BRDA:20,2,1,0
BRDA:22,3,0,0
BRDA:22,3,1,0
BRDA:30,4,0,0
BRDA:30,4,1,0
BRDA:34,5,0,0
BRDA:34,5,1,0
BRF:12
BRH:0
end_of_record
TN:
SF:middleware\errorHandler.js
FN:1,(anonymous_0)
FNF:1
FNH:0
FNDA:0,(anonymous_0)
DA:1,0
DA:2,0
DA:3,0
DA:5,0
DA:7,0
DA:13,0
LF:6
LH:0
BRDA:5,0,0,0
BRDA:5,0,1,0
BRDA:9,1,0,0
BRDA:9,1,1,0
BRF:4
BRH:0
end_of_record
TN:
SF:middleware\security.js
FN:5,(anonymous_0)
FN:18,(anonymous_1)
FN:44,(anonymous_2)
FNF:3
FNH:0
FNDA:0,(anonymous_0)
FNDA:0,(anonymous_1)
FNDA:0,(anonymous_2)
DA:1,0
DA:2,0
DA:5,0
DA:6,0
DA:18,0
DA:20,0
DA:21,0
DA:22,0
DA:27,0
DA:28,0
DA:29,0
DA:34,0
DA:35,0
DA:36,0
DA:40,0
DA:44,0
DA:45,0
DA:46,0
DA:47,0
DA:48,0
DA:49,0
DA:52,0
LF:22
LH:0
BRDA:10,0,0,0
BRDA:10,0,1,0
BRDA:21,1,0,0
BRDA:21,1,1,0
BRDA:28,2,0,0
BRDA:28,2,1,0
BRDA:35,3,0,0
BRDA:35,3,1,0
BRF:8
BRH:0
end_of_record
TN:
SF:middleware\validate.js
FN:3,(anonymous_0)
FNF:1
FNH:0
FNDA:0,(anonymous_0)
DA:1,0
DA:3,0
DA:4,0
DA:5,0
DA:6,0
DA:8,0
DA:11,0
LF:7
LH:0
BRDA:5,0,0,0
BRDA:5,0,1,0
BRF:2
BRH:0
end_of_record
TN:
SF:models\Appointment.js
FNF:0
FNH:0
DA:1,0
DA:3,0
DA:73,0
DA:106,0
DA:107,0
DA:109,0
LF:6
LH:0
BRF:0
BRH:0
end_of_record
TN:
SF:models\Attendance.js
FNF:0
FNH:0
DA:1,0
DA:3,0
DA:43,0
LF:3
LH:0
BRF:0
BRH:0
end_of_record
TN:
SF:models\CallLog.js
FNF:0
FNH:0
DA:1,0
DA:3,0
DA:14,0
LF:3
LH:0
BRF:0
BRH:0
end_of_record
TN:
SF:models\Lead.js
FNF:0
FNH:0
DA:1,0
DA:3,0
DA:49,0
LF:3
LH:0
BRF:0
BRH:0
end_of_record
TN:
SF:models\LeadFile.js
FNF:0
FNH:0
DA:1,0
DA:3,0
DA:11,0
LF:3
LH:0
BRF:0
BRH:0
end_of_record
TN:
SF:models\LocationLog.js
FNF:0
FNH:0
DA:1,0
DA:3,0
DA:27,0
DA:29,0
LF:4
LH:0
BRF:0
BRH:0
end_of_record
TN:
SF:models\Message.js
FNF:0
FNH:0
DA:1,0
DA:3,0
DA:46,0
DA:48,0
LF:4
LH:0
BRF:0
BRH:0
end_of_record
TN:
SF:models\Query.js
FN:22,(anonymous_0)
FN:23,(anonymous_1)
FNF:2
FNH:0
FNDA:0,(anonymous_0)
FNDA:0,(anonymous_1)
DA:1,0
DA:3,0
DA:15,0
DA:16,0
DA:18,0
DA:21,0
DA:22,0
DA:23,0
DA:25,0
LF:9
LH:0
BRF:0
BRH:0
end_of_record
TN:
SF:models\Report.js
FNF:0
FNH:0
DA:1,0
DA:3,0
DA:20,0
LF:3
LH:0
BRF:0
BRH:0
end_of_record
TN:
SF:models\Task.js
FNF:0
FNH:0
DA:1,0
DA:3,0
DA:46,0
DA:48,0
LF:4
LH:0
BRF:0
BRH:0
end_of_record
TN:
SF:models\User.js
FNF:0
FNH:0
DA:1,0
DA:3,0
DA:23,0
LF:3
LH:0
BRF:0
BRH:0
end_of_record
TN:
SF:routes\appointments.js
FN:11,(anonymous_0)
FN:35,(anonymous_1)
FN:64,(anonymous_2)
FN:112,(anonymous_3)
FN:121,(anonymous_4)
FN:138,(anonymous_5)
FN:162,(anonymous_6)
FN:165,(anonymous_7)
FN:170,(anonymous_8)
FN:177,(anonymous_9)
FN:217,(anonymous_10)
FN:228,(anonymous_11)
FN:254,(anonymous_12)
FN:329,(anonymous_13)
FN:375,(anonymous_14)
FN:395,(anonymous_15)
FN:427,(anonymous_16)
FN:452,(anonymous_17)
FN:461,(anonymous_18)
FN:470,(anonymous_19)
FN:521,(anonymous_20)
FN:571,(anonymous_21)
FN:599,(anonymous_22)
FNF:23
FNH:0
FNDA:0,(anonymous_0)
FNDA:0,(anonymous_1)
FNDA:0,(anonymous_2)
FNDA:0,(anonymous_3)
FNDA:0,(anonymous_4)
FNDA:0,(anonymous_5)
FNDA:0,(anonymous_6)
FNDA:0,(anonymous_7)
FNDA:0,(anonymous_8)
FNDA:0,(anonymous_9)
FNDA:0,(anonymous_10)
FNDA:0,(anonymous_11)
FNDA:0,(anonymous_12)
FNDA:0,(anonymous_13)
FNDA:0,(anonymous_14)
FNDA:0,(anonymous_15)
FNDA:0,(anonymous_16)
FNDA:0,(anonymous_17)
FNDA:0,(anonymous_18)
FNDA:0,(anonymous_19)
FNDA:0,(anonymous_20)
FNDA:0,(anonymous_21)
FNDA:0,(anonymous_22)
DA:1,0
DA:2,0
DA:3,0
DA:4,0
DA:5,0
DA:6,0
DA:8,0
DA:11,0
DA:12,0
DA:13,0
DA:15,0
DA:16,0
DA:17,0
DA:20,0
DA:21,0
DA:23,0
DA:24,0
DA:25,0
DA:26,0
DA:27,0
DA:29,0
DA:30,0
DA:35,0
DA:36,0
DA:37,0
DA:40,0
DA:41,0
DA:43,0
DA:44,0
DA:48,0
DA:49,0
DA:52,0
DA:56,0
DA:58,0
DA:59,0
DA:64,0
DA:65,0
DA:66,0
DA:67,0
DA:68,0
DA:69,0
DA:72,0
DA:73,0
DA:74,0
DA:75,0
DA:78,0
DA:84,0
DA:91,0
DA:92,0
DA:97,0
DA:103,0
DA:104,0
DA:105,0
DA:110,0
DA:112,0
DA:113,0
DA:114,0
DA:115,0
DA:119,0
DA:121,0
DA:122,0
DA:123,0
DA:124,0
DA:127,0
DA:132,0
DA:133,0
DA:138,0
DA:139,0
DA:140,0
DA:141,0
DA:144,0
DA:145,0
DA:147,0
DA:148,0
DA:152,0
DA:153,0
DA:156,0
DA:161,0
DA:162,0
DA:165,0
DA:166,0
DA:170,0
DA:171,0
DA:172,0
DA:173,0
DA:177,0
DA:178,0
DA:182,0
DA:184,0
DA:186,0
DA:187,0
DA:188,0
DA:189,0
DA:190,0
DA:193,0
DA:201,0
DA:204,0
DA:205,0
DA:211,0
DA:212,0
DA:217,0
DA:218,0
DA:219,0
DA:220,0
DA:222,0
DA:223,0
DA:228,0
DA:229,0
DA:230,0
DA:233,0
DA:234,0
DA:236,0
DA:237,0
DA:240,0
DA:242,0
DA:243,0
DA:246,0
DA:248,0
DA:249,0
DA:254,0
DA:255,0
DA:256,0
DA:257,0
DA:260,0
DA:261,0
DA:263,0
DA:264,0
DA:268,0
DA:269,0
DA:272,0
DA:277,0
DA:280,0
DA:281,0
DA:284,0
DA:285,0
DA:286,0
DA:287,0
DA:290,0
DA:291,0
DA:292,0
DA:293,0
DA:295,0
DA:296,0
DA:297,0
DA:298,0
DA:301,0
DA:302,0
DA:307,0
DA:308,0
DA:309,0
DA:312,0
DA:313,0
DA:316,0
DA:317,0
DA:318,0
DA:323,0
DA:329,0
DA:330,0
DA:331,0
DA:333,0
DA:344,0
DA:350,0
DA:360,0
DA:361,0
DA:362,0
DA:365,0
DA:366,0
DA:367,0
DA:369,0
DA:370,0
DA:375,0
DA:376,0
DA:377,0
DA:379,0
DA:386,0
DA:387,0
DA:389,0
DA:390,0
DA:395,0
DA:396,0
DA:397,0
DA:400,0
DA:401,0
DA:410,0
DA:414,0
DA:420,0
DA:422,0
DA:427,0
DA:428,0
DA:430,0
DA:433,0
DA:436,0
DA:437,0
DA:441,0
DA:445,0
DA:447,0
DA:452,0
DA:453,0
DA:455,0
DA:461,0
DA:463,0
DA:465,0
DA:470,0
DA:471,0
DA:473,0
DA:474,0
DA:475,0
DA:478,0
DA:480,0
DA:481,0
DA:484,0
DA:502,0
DA:505,0
DA:506,0
DA:509,0
DA:510,0
DA:511,0
DA:514,0
DA:516,0
DA:521,0
DA:522,0
DA:523,0
DA:525,0
DA:527,0
DA:543,0
DA:549,0
DA:550,0
DA:554,0
DA:555,0
DA:558,0
DA:559,0
DA:560,0
DA:563,0
DA:565,0
DA:566,0
DA:571,0
DA:572,0
DA:573,0
DA:576,0
DA:582,0
DA:583,0
DA:587,0
DA:588,0
DA:589,0
DA:592,0
DA:594,0
DA:599,0
DA:600,0
DA:602,0
DA:603,0
DA:606,0
DA:607,0
DA:608,0
DA:612,0
DA:613,0
DA:614,0
DA:617,0
DA:619,0
DA:623,0
LF:259
LH:0
BRDA:8,0,0,0
BRDA:8,0,1,0
BRDA:15,1,0,0
BRDA:15,1,1,0
BRDA:21,2,0,0
BRDA:21,2,1,0
BRDA:43,3,0,0
BRDA:43,3,1,0
BRDA:43,4,0,0
BRDA:43,4,1,0
BRDA:43,4,2,0
BRDA:43,4,3,0
BRDA:68,5,0,0
BRDA:68,5,1,0
BRDA:69,6,0,0
BRDA:69,6,1,0
BRDA:91,7,0,0
BRDA:91,7,1,0
BRDA:93,8,0,0
BRDA:93,8,1,0
BRDA:94,9,0,0
BRDA:94,9,1,0
BRDA:98,10,0,0
BRDA:98,10,1,0
BRDA:99,11,0,0
BRDA:99,11,1,0
BRDA:103,12,0,0
BRDA:103,12,1,0
BRDA:104,13,0,0
BRDA:104,13,1,0
BRDA:105,14,0,0
BRDA:105,14,1,0
BRDA:113,15,0,0
BRDA:113,15,1,0
BRDA:114,16,0,0
BRDA:114,16,1,0
BRDA:114,16,2,0
BRDA:122,17,0,0
BRDA:122,17,1,0
BRDA:123,18,0,0
BRDA:123,18,1,0
BRDA:123,18,2,0
BRDA:147,19,0,0
BRDA:147,19,1,0
BRDA:147,20,0,0
BRDA:147,20,1,0
BRDA:147,20,2,0
BRDA:147,20,3,0
BRDA:166,21,0,0
BRDA:166,21,1,0
BRDA:171,22,0,0
BRDA:171,22,1,0
BRDA:172,23,0,0
BRDA:172,23,1,0
BRDA:172,23,2,0
BRDA:178,24,0,0
BRDA:178,24,1,0
BRDA:178,25,0,0
BRDA:178,25,1,0
BRDA:184,26,0,0
BRDA:184,26,1,0
BRDA:236,27,0,0
BRDA:236,27,1,0
BRDA:236,28,0,0
BRDA:236,28,1,0
BRDA:236,28,2,0
BRDA:236,28,3,0
BRDA:242,29,0,0
BRDA:242,29,1,0
BRDA:263,30,0,0
BRDA:263,30,1,0
BRDA:263,31,0,0
BRDA:263,31,1,0
BRDA:263,31,2,0
BRDA:263,31,3,0
BRDA:290,32,0,0
BRDA:290,32,1,0
BRDA:330,33,0,0
BRDA:330,33,1,0
BRDA:330,34,0,0
BRDA:330,34,1,0
BRDA:331,35,0,0
BRDA:331,35,1,0
BRDA:336,36,0,0
BRDA:336,36,1,0
BRDA:339,37,0,0
BRDA:339,37,1,0
BRDA:377,38,0,0
BRDA:377,38,1,0
BRDA:397,39,0,0
BRDA:397,39,1,0
BRDA:400,40,0,0
BRDA:400,40,1,0
BRDA:436,41,0,0
BRDA:436,41,1,0
BRDA:461,42,0,0
BRDA:461,42,1,0
BRDA:473,43,0,0
BRDA:473,43,1,0
BRDA:474,44,0,0
BRDA:474,44,1,0
BRDA:480,45,0,0
BRDA:480,45,1,0
BRDA:480,46,0,0
BRDA:480,46,1,0
BRDA:486,47,0,0
BRDA:486,47,1,0
BRDA:488,48,0,0
BRDA:488,48,1,0
BRDA:489,49,0,0
BRDA:489,49,1,0
BRDA:490,50,0,0
BRDA:490,50,1,0
BRDA:491,51,0,0
BRDA:491,51,1,0
BRDA:492,52,0,0
BRDA:492,52,1,0
BRDA:493,53,0,0
BRDA:493,53,1,0
BRDA:494,54,0,0
BRDA:494,54,1,0
BRDA:495,55,0,0
BRDA:495,55,1,0
BRDA:496,56,0,0
BRDA:496,56,1,0
BRDA:497,57,0,0
BRDA:497,57,1,0
BRDA:510,58,0,0
BRDA:510,58,1,0
BRDA:516,59,0,0
BRDA:516,59,1,0
BRDA:523,60,0,0
BRDA:523,60,1,0
BRDA:529,61,0,0
BRDA:529,61,1,0
BRDA:531,62,0,0
BRDA:531,62,1,0
BRDA:532,63,0,0
BRDA:532,63,1,0
BRDA:533,64,0,0
BRDA:533,64,1,0
BRDA:534,65,0,0
BRDA:534,65,1,0
BRDA:535,66,0,0
BRDA:535,66,1,0
BRDA:536,67,0,0
BRDA:536,67,1,0
BRDA:537,68,0,0
BRDA:537,68,1,0
BRDA:538,69,0,0
BRDA:538,69,1,0
BRDA:539,70,0,0
BRDA:539,70,1,0
BRDA:540,71,0,0
BRDA:540,71,1,0
BRDA:549,72,0,0
BRDA:549,72,1,0
BRDA:559,73,0,0
BRDA:559,73,1,0
BRDA:566,74,0,0
BRDA:566,74,1,0
BRDA:573,75,0,0
BRDA:573,75,1,0
BRDA:582,76,0,0
BRDA:582,76,1,0
BRDA:588,77,0,0
BRDA:588,77,1,0
BRDA:594,78,0,0
BRDA:594,78,1,0
BRDA:602,79,0,0
BRDA:602,79,1,0
BRDA:607,80,0,0
BRDA:607,80,1,0
BRDA:613,81,0,0
BRDA:613,81,1,0
BRDA:619,82,0,0
BRDA:619,82,1,0
BRF:177
BRH:0
end_of_record
TN:
SF:routes\attendance.js
FN:10,requireAdminOrLeader
FN:19,(anonymous_1)
FN:39,(anonymous_2)
FN:66,(anonymous_3)
FN:159,(anonymous_4)
FN:183,(anonymous_5)
FN:191,(anonymous_6)
FN:218,(anonymous_7)
FN:244,(anonymous_8)
FN:250,(anonymous_9)
FN:275,(anonymous_10)
FN:304,(anonymous_11)
FN:314,(anonymous_12)
FN:315,(anonymous_13)
FN:318,(anonymous_14)
FN:328,(anonymous_15)
FNF:16
FNH:0
FNDA:0,requireAdminOrLeader
FNDA:0,(anonymous_1)
FNDA:0,(anonymous_2)
FNDA:0,(anonymous_3)
FNDA:0,(anonymous_4)
FNDA:0,(anonymous_5)
FNDA:0,(anonymous_6)
FNDA:0,(anonymous_7)
FNDA:0,(anonymous_8)
FNDA:0,(anonymous_9)
FNDA:0,(anonymous_10)
FNDA:0,(anonymous_11)
FNDA:0,(anonymous_12)
FNDA:0,(anonymous_13)
FNDA:0,(anonymous_14)
FNDA:0,(anonymous_15)
DA:1,0
DA:2,0
DA:3,0
DA:4,0
DA:5,0
DA:6,0
DA:7,0
DA:11,0
DA:12,0
DA:13,0
DA:15,0
DA:19,0
DA:20,0
DA:22,0
DA:23,0
DA:24,0
DA:25,0
DA:29,0
DA:31,0
DA:33,0
DA:34,0
DA:39,0
DA:40,0
DA:42,0
DA:43,0
DA:44,0
DA:45,0
DA:48,0
DA:51,0
DA:52,0
DA:53,0
DA:58,0
DA:60,0
DA:61,0
DA:66,0
DA:67,0
DA:68,0
DA:71,0
DA:72,0
DA:76,0
DA:77,0
DA:82,0
DA:83,0
DA:84,0
DA:85,0
DA:88,0
DA:89,0
DA:94,0
DA:96,0
DA:98,0
DA:99,0
DA:103,0
DA:104,0
DA:108,0
DA:113,0
DA:114,0
DA:124,0
DA:125,0
DA:126,0
DA:128,0
DA:129,0
DA:131,0
DA:135,0
DA:138,0
DA:139,0
DA:147,0
DA:153,0
DA:154,0
DA:159,0
DA:160,0
DA:161,0
DA:162,0
DA:163,0
DA:166,0
DA:167,0
DA:168,0
DA:170,0
DA:171,0
DA:175,0
DA:183,0
DA:184,0
DA:187,0
DA:191,0
DA:192,0
DA:193,0
DA:195,0
DA:210,0
DA:212,0
DA:213,0
DA:218,0
DA:219,0
DA:220,0
DA:221,0
DA:222,0
DA:224,0
DA:225,0
DA:229,0
DA:230,0
DA:237,0
DA:244,0
DA:245,0
DA:246,0
DA:250,0
DA:251,0
DA:252,0
DA:254,0
DA:267,0
DA:269,0
DA:270,0
DA:275,0
DA:276,0
DA:277,0
DA:278,0
DA:279,0
DA:281,0
DA:282,0
DA:285,0
DA:288,0
DA:292,0
DA:293,0
DA:296,0
DA:297,0
DA:298,0
DA:299,0
DA:300,0
DA:303,0
DA:304,0
DA:305,0
DA:306,0
DA:307,0
DA:308,0
DA:310,0
DA:311,0
DA:314,0
DA:315,0
DA:316,0
DA:318,0
DA:319,0
DA:320,0
DA:323,0
DA:324,0
DA:325,0
DA:326,0
DA:328,0
DA:329,0
DA:330,0
DA:333,0
DA:334,0
DA:335,0
DA:336,0
DA:338,0
DA:339,0
DA:340,0
DA:343,0
DA:344,0
DA:345,0
DA:348,0
DA:350,0
DA:352,0
DA:354,0
DA:355,0
DA:356,0
DA:357,0
DA:358,0
DA:359,0
DA:360,0
DA:361,0
DA:363,0
DA:368,0
DA:369,0
DA:371,0
DA:374,0
DA:375,0
DA:379,0
DA:380,0
DA:381,0
DA:384,0
DA:386,0
DA:387,0
DA:388,0
DA:390,0
DA:391,0
DA:393,0
DA:394,0
DA:398,0
LF:185
LH:0
BRDA:12,0,0,0
BRDA:12,0,1,0
BRDA:12,1,0,0
BRDA:12,1,1,0
BRDA:12,1,2,0
BRDA:24,2,0,0
BRDA:24,2,1,0
BRDA:34,3,0,0
BRDA:34,3,1,0
BRDA:44,4,0,0
BRDA:44,4,1,0
BRDA:61,5,0,0
BRDA:61,5,1,0
BRDA:71,6,0,0
BRDA:71,6,1,0
BRDA:71,7,0,0
BRDA:71,7,1,0
BRDA:71,7,2,0
BRDA:71,7,3,0
BRDA:76,8,0,0
BRDA:76,8,1,0
BRDA:82,9,0,0
BRDA:82,9,1,0
BRDA:84,10,0,0
BRDA:84,10,1,0
BRDA:88,11,0,0
BRDA:88,11,1,0
BRDA:98,12,0,0
BRDA:98,12,1,0
BRDA:113,13,0,0
BRDA:113,13,1,0
BRDA:119,14,0,0
BRDA:119,14,1,0
BRDA:119,15,0,0
BRDA:119,15,1,0
BRDA:119,16,0,0
BRDA:119,16,1,0
BRDA:125,17,0,0
BRDA:125,17,1,0
BRDA:128,18,0,0
BRDA:128,18,1,0
BRDA:128,19,0,0
BRDA:128,19,1,0
BRDA:138,20,0,0
BRDA:138,20,1,0
BRDA:162,21,0,0
BRDA:162,21,1,0
BRDA:162,22,0,0
BRDA:162,22,1,0
BRDA:170,23,0,0
BRDA:170,23,1,0
BRDA:170,24,0,0
BRDA:170,24,1,0
BRDA:192,25,0,0
BRDA:192,25,1,0
BRDA:193,26,0,0
BRDA:193,26,1,0
BRDA:196,27,0,0
BRDA:196,27,1,0
BRDA:197,28,0,0
BRDA:197,28,1,0
BRDA:224,29,0,0
BRDA:224,29,1,0
BRDA:224,30,0,0
BRDA:224,30,1,0
BRDA:224,30,2,0
BRDA:224,30,3,0
BRDA:251,31,0,0
BRDA:251,31,1,0
BRDA:252,32,0,0
BRDA:252,32,1,0
BRDA:255,33,0,0
BRDA:255,33,1,0
BRDA:256,34,0,0
BRDA:256,34,1,0
BRDA:308,35,0,0
BRDA:308,35,1,0
BRDA:323,36,0,0
BRDA:323,36,1,0
BRDA:338,37,0,0
BRDA:338,37,1,0
BRDA:343,38,0,0
BRDA:343,38,1,0
BRDA:354,39,0,0
BRDA:354,39,1,0
BRDA:355,40,0,0
BRDA:355,40,1,0
BRDA:357,41,0,0
BRDA:357,41,1,0
BRDA:359,42,0,0
BRDA:359,42,1,0
BRDA:361,43,0,0
BRDA:361,43,1,0
BRDA:368,44,0,0
BRDA:368,44,1,0
BRDA:368,45,0,0
BRDA:368,45,1,0
BRF:97
BRH:0
end_of_record
TN:
SF:routes\calls.js
FN:15,(anonymous_0)
FN:27,(anonymous_1)
FN:46,(anonymous_2)
FN:66,(anonymous_3)
FN:89,(anonymous_4)
FN:104,(anonymous_5)
FN:143,(anonymous_6)
FN:161,(anonymous_7)
FN:167,(anonymous_8)
FN:170,(anonymous_9)
FN:189,(anonymous_10)
FN:213,(anonymous_11)
FN:224,(anonymous_12)
FN:236,(anonymous_13)
FN:247,(anonymous_14)
FN:260,(anonymous_15)
FN:271,(anonymous_16)
FN:282,(anonymous_17)
FN:299,(anonymous_18)
FN:310,(anonymous_19)
FN:321,(anonymous_20)
FN:332,(anonymous_21)
FN:343,(anonymous_22)
FN:354,(anonymous_23)
FNF:24
FNH:0
FNDA:0,(anonymous_0)
FNDA:0,(anonymous_1)
FNDA:0,(anonymous_2)
FNDA:0,(anonymous_3)
FNDA:0,(anonymous_4)
FNDA:0,(anonymous_5)
FNDA:0,(anonymous_6)
FNDA:0,(anonymous_7)
FNDA:0,(anonymous_8)
FNDA:0,(anonymous_9)
FNDA:0,(anonymous_10)
FNDA:0,(anonymous_11)
FNDA:0,(anonymous_12)
FNDA:0,(anonymous_13)
FNDA:0,(anonymous_14)
FNDA:0,(anonymous_15)
FNDA:0,(anonymous_16)
FNDA:0,(anonymous_17)
FNDA:0,(anonymous_18)
FNDA:0,(anonymous_19)
FNDA:0,(anonymous_20)
FNDA:0,(anonymous_21)
FNDA:0,(anonymous_22)
FNDA:0,(anonymous_23)
DA:1,0
DA:2,0
DA:3,0
DA:4,0
DA:5,0
DA:6,0
DA:7,0
DA:8,0
DA:9,0
DA:10,0
DA:11,0
DA:12,0
DA:15,0
DA:16,0
DA:17,0
DA:18,0
DA:20,0
DA:21,0
DA:23,0
DA:27,0
DA:28,0
DA:29,0
DA:30,0
DA:37,0
DA:38,0
DA:40,0
DA:41,0
DA:46,0
DA:47,0
DA:48,0
DA:50,0
DA:51,0
DA:53,0
DA:55,0
DA:56,0
DA:58,0
DA:60,0
DA:61,0
DA:66,0
DA:67,0
DA:68,0
DA:69,0
DA:70,0
DA:71,0
DA:73,0
DA:78,0
DA:79,0
DA:81,0
DA:83,0
DA:84,0
DA:89,0
DA:90,0
DA:91,0
DA:92,0
DA:93,0
DA:94,0
DA:96,0
DA:98,0
DA:99,0
DA:104,0
DA:105,0
DA:106,0
DA:109,0
DA:110,0
DA:114,0
DA:115,0
DA:119,0
DA:122,0
DA:133,0
DA:135,0
DA:137,0
DA:138,0
DA:143,0
DA:144,0
DA:145,0
DA:147,0
DA:148,0
DA:151,0
DA:153,0
DA:155,0
DA:156,0
DA:161,0
DA:162,0
DA:163,0
DA:167,0
DA:168,0
DA:169,0
DA:170,0
DA:177,0
DA:183,0
DA:184,0
DA:189,0
DA:190,0
DA:194,0
DA:205,0
DA:206,0
DA:213,0
DA:214,0
DA:215,0
DA:216,0
DA:218,0
DA:219,0
DA:224,0
DA:225,0
DA:227,0
DA:228,0
DA:230,0
DA:231,0
DA:236,0
DA:237,0
DA:238,0
DA:239,0
DA:241,0
DA:242,0
DA:247,0
DA:248,0
DA:249,0
DA:250,0
DA:252,0
DA:253,0
DA:260,0
DA:261,0
DA:262,0
DA:263,0
DA:265,0
DA:266,0
DA:271,0
DA:272,0
DA:273,0
DA:274,0
DA:276,0
DA:277,0
DA:282,0
DA:283,0
DA:284,0
DA:285,0
DA:293,0
DA:294,0
DA:299,0
DA:300,0
DA:301,0
DA:302,0
DA:304,0
DA:305,0
DA:310,0
DA:311,0
DA:312,0
DA:313,0
DA:315,0
DA:316,0
DA:321,0
DA:322,0
DA:323,0
DA:324,0
DA:326,0
DA:327,0
DA:332,0
DA:333,0
DA:334,0
DA:335,0
DA:337,0
DA:338,0
DA:343,0
DA:344,0
DA:345,0
DA:346,0
DA:348,0
DA:349,0
DA:354,0
DA:355,0
DA:356,0
DA:357,0
DA:362,0
DA:363,0
DA:367,0
LF:175
LH:0
BRDA:17,0,0,0
BRDA:17,0,1,0
BRDA:17,1,0,0
BRDA:17,1,1,0
BRDA:17,1,2,0
BRDA:20,2,0,0
BRDA:20,2,1,0
BRDA:50,3,0,0
BRDA:50,3,1,0
BRDA:55,4,0,0
BRDA:55,4,1,0
BRDA:70,5,0,0
BRDA:70,5,1,0
BRDA:70,6,0,0
BRDA:70,6,1,0
BRDA:70,6,2,0
BRDA:78,7,0,0
BRDA:78,7,1,0
BRDA:93,8,0,0
BRDA:93,8,1,0
BRDA:109,9,0,0
BRDA:109,9,1,0
BRDA:109,10,0,0
BRDA:109,10,1,0
BRDA:109,10,2,0
BRDA:114,11,0,0
BRDA:114,11,1,0
BRDA:147,12,0,0
BRDA:147,12,1,0
BRDA:172,13,0,0
BRDA:172,13,1,0
BRDA:227,14,0,0
BRDA:227,14,1,0
BRF:33
BRH:0
end_of_record
TN:
SF:routes\leads.js
FN:11,(anonymous_0)
FN:14,(anonymous_1)
FN:22,(anonymous_2)
FN:33,(anonymous_3)
FN:43,(anonymous_4)
FN:54,(anonymous_5)
FN:65,(anonymous_6)
FN:84,(anonymous_7)
FN:94,(anonymous_8)
FNF:9
FNH:0
FNDA:0,(anonymous_0)
FNDA:0,(anonymous_1)
FNDA:0,(anonymous_2)
FNDA:0,(anonymous_3)
FNDA:0,(anonymous_4)
FNDA:0,(anonymous_5)
FNDA:0,(anonymous_6)
FNDA:0,(anonymous_7)
FNDA:0,(anonymous_8)
DA:1,0
DA:2,0
DA:3,0
DA:4,0
DA:5,0
DA:6,0
DA:7,0
DA:10,0
DA:12,0
DA:15,0
DA:16,0
DA:19,0
DA:22,0
DA:23,0
DA:24,0
DA:25,0
DA:26,0
DA:28,0
DA:33,0
DA:34,0
DA:35,0
DA:36,0
DA:38,0
DA:43,0
DA:44,0
DA:45,0
DA:46,0
DA:47,0
DA:49,0
DA:54,0
DA:55,0
DA:56,0
DA:57,0
DA:58,0
DA:60,0
DA:65,0
DA:66,0
DA:67,0
DA:68,0
DA:69,0
DA:70,0
DA:76,0
DA:77,0
DA:79,0
DA:84,0
DA:85,0
DA:86,0
DA:87,0
DA:89,0
DA:94,0
DA:95,0
DA:96,0
DA:97,0
DA:98,0
DA:99,0
DA:101,0
DA:105,0
LF:57
LH:0
BRDA:46,0,0,0
BRDA:46,0,1,0
BRDA:57,1,0,0
BRDA:57,1,1,0
BRDA:68,2,0,0
BRDA:68,2,1,0
BRDA:69,3,0,0
BRDA:69,3,1,0
BRDA:97,4,0,0
BRDA:97,4,1,0
BRF:10
BRH:0
end_of_record
TN:
SF:routes\messages.js
FN:14,(anonymous_0)
FN:21,(anonymous_1)
FN:32,(anonymous_2)
FN:56,(anonymous_3)
FN:72,(anonymous_4)
FN:100,(anonymous_5)
FN:150,(anonymous_6)
FN:212,(anonymous_7)
FN:231,(anonymous_8)
FNF:9
FNH:0
FNDA:0,(anonymous_0)
FNDA:0,(anonymous_1)
FNDA:0,(anonymous_2)
FNDA:0,(anonymous_3)
FNDA:0,(anonymous_4)
FNDA:0,(anonymous_5)
FNDA:0,(anonymous_6)
FNDA:0,(anonymous_7)
FNDA:0,(anonymous_8)
DA:1,0
DA:2,0
DA:3,0
DA:4,0
DA:5,0
DA:6,0
DA:8,0
DA:10,0
DA:13,0
DA:15,0
DA:16,0
DA:17,0
DA:19,0
DA:22,0
DA:26,0
DA:32,0
DA:33,0
DA:34,0
DA:35,0
DA:38,0
DA:39,0
DA:40,0
DA:44,0
DA:56,0
DA:64,0
DA:66,0
DA:67,0
DA:72,0
DA:73,0
DA:74,0
DA:75,0
DA:77,0
DA:78,0
DA:79,0
DA:82,0
DA:92,0
DA:94,0
DA:95,0
DA:100,0
DA:101,0
DA:102,0
DA:103,0
DA:106,0
DA:107,0
DA:108,0
DA:112,0
DA:113,0
DA:117,0
DA:124,0
DA:127,0
DA:128,0
DA:131,0
DA:132,0
DA:133,0
DA:142,0
DA:144,0
DA:145,0
DA:150,0
DA:151,0
DA:152,0
DA:153,0
DA:154,0
DA:157,0
DA:158,0
DA:159,0
DA:163,0
DA:164,0
DA:168,0
DA:175,0
DA:179,0
DA:180,0
DA:181,0
DA:182,0
DA:186,0
DA:188,0
DA:191,0
DA:192,0
DA:195,0
DA:196,0
DA:198,0
DA:201,0
DA:204,0
DA:206,0
DA:207,0
DA:212,0
DA:213,0
DA:214,0
DA:215,0
DA:218,0
DA:223,0
DA:225,0
DA:226,0
DA:231,0
DA:232,0
DA:234,0
DA:235,0
DA:236,0
DA:237,0
DA:240,0
DA:242,0
DA:244,0
DA:245,0
DA:246,0
DA:249,0
DA:250,0
DA:252,0
DA:257,0
DA:259,0
DA:261,0
DA:262,0
DA:263,0
DA:264,0
DA:265,0
DA:273,0
LF:114
LH:0
BRDA:16,0,0,0
BRDA:16,0,1,0
BRDA:35,1,0,0
BRDA:35,1,1,0
BRDA:39,2,0,0
BRDA:39,2,1,0
BRDA:75,3,0,0
BRDA:75,3,1,0
BRDA:78,4,0,0
BRDA:78,4,1,0
BRDA:103,5,0,0
BRDA:103,5,1,0
BRDA:107,6,0,0
BRDA:107,6,1,0
BRDA:112,7,0,0
BRDA:112,7,1,0
BRDA:112,8,0,0
BRDA:112,8,1,0
BRDA:132,9,0,0
BRDA:132,9,1,0
BRDA:152,10,0,0
BRDA:153,11,0,0
BRDA:153,11,1,0
BRDA:158,12,0,0
BRDA:158,12,1,0
BRDA:163,13,0,0
BRDA:163,13,1,0
BRDA:163,14,0,0
BRDA:163,14,1,0
BRDA:163,14,2,0
BRDA:171,15,0,0
BRDA:171,15,1,0
BRDA:171,16,0,0
BRDA:171,16,1,0
BRDA:172,17,0,0
BRDA:172,17,1,0
BRDA:172,18,0,0
BRDA:172,18,1,0
BRDA:175,19,0,0
BRDA:175,19,1,0
BRDA:196,20,0,0
BRDA:196,20,1,0
BRDA:215,21,0,0
BRDA:215,21,1,0
BRDA:240,22,0,0
BRDA:240,22,1,0
BRDA:244,23,0,0
BRDA:244,23,1,0
BRF:48
BRH:0
end_of_record
TN:
SF:routes\proxy.js
FN:8,(anonymous_0)
FN:67,(anonymous_1)
FNF:2
FNH:0
FNDA:0,(anonymous_0)
FNDA:0,(anonymous_1)
DA:1,0
DA:2,0
DA:3,0
DA:4,0
DA:5,0
DA:8,0
DA:9,0
DA:10,0
DA:11,0
DA:15,0
DA:16,0
DA:17,0
DA:18,0
DA:21,0
DA:23,0
DA:24,0
DA:26,0
DA:38,0
DA:39,0
DA:40,0
DA:46,0
DA:47,0
DA:50,0
DA:51,0
DA:54,0
DA:56,0
DA:59,0
DA:67,0
DA:68,0
DA:69,0
DA:71,0
DA:72,0
DA:76,0
DA:78,0
DA:79,0
DA:81,0
DA:84,0
DA:85,0
DA:89,0
LF:39
LH:0
BRDA:10,0,0,0
BRDA:10,0,1,0
BRDA:10,1,0,0
BRDA:10,1,1,0
BRDA:17,2,0,0
BRDA:17,2,1,0
BRDA:17,3,0,0
BRDA:17,3,1,0
BRDA:17,3,2,0
BRDA:17,3,3,0
BRDA:17,3,4,0
BRDA:17,3,5,0
BRDA:38,4,0,0
BRDA:38,4,1,0
BRDA:47,5,0,0
BRDA:47,5,1,0
BRDA:50,6,0,0
BRDA:50,6,1,0
BRDA:71,7,0,0
BRDA:71,7,1,0
BRDA:71,8,0,0
BRDA:71,8,1,0
BRDA:78,9,0,0
BRDA:78,9,1,0
BRF:24
BRH:0
end_of_record
TN:
SF:routes\queries.js
FN:7,(anonymous_0)
FN:21,(anonymous_1)
FN:37,(anonymous_2)
FN:58,(anonymous_3)
FN:79,(anonymous_4)
FN:99,(anonymous_5)
FN:120,(anonymous_6)
FNF:7
FNH:0
FNDA:0,(anonymous_0)
FNDA:0,(anonymous_1)
FNDA:0,(anonymous_2)
FNDA:0,(anonymous_3)
FNDA:0,(anonymous_4)
FNDA:0,(anonymous_5)
FNDA:0,(anonymous_6)
DA:1,0
DA:2,0
DA:3,0
DA:4,0
DA:7,0
DA:8,0
DA:9,0
DA:13,0
DA:15,0
DA:16,0
DA:21,0
DA:22,0
DA:23,0
DA:27,0
DA:28,0
DA:29,0
DA:31,0
DA:32,0
DA:37,0
DA:38,0
DA:39,0
DA:40,0
DA:46,0
DA:47,0
DA:50,0
DA:52,0
DA:53,0
DA:58,0
DA:59,0
DA:60,0
DA:61,0
DA:67,0
DA:68,0
DA:71,0
DA:73,0
DA:74,0
DA:79,0
DA:80,0
DA:81,0
DA:87,0
DA:88,0
DA:91,0
DA:93,0
DA:94,0
DA:99,0
DA:100,0
DA:101,0
DA:102,0
DA:108,0
DA:109,0
DA:112,0
DA:114,0
DA:115,0
DA:120,0
DA:121,0
DA:122,0
DA:123,0
DA:124,0
DA:126,0
DA:128,0
DA:129,0
DA:133,0
LF:62
LH:0
BRDA:46,0,0,0
BRDA:46,0,1,0
BRDA:67,1,0,0
BRDA:67,1,1,0
BRDA:87,2,0,0
BRDA:87,2,1,0
BRDA:108,3,0,0
BRDA:108,3,1,0
BRDA:123,4,0,0
BRDA:123,4,1,0
BRF:10
BRH:0
end_of_record
TN:
SF:routes\reports.js
FN:10,(anonymous_0)
FN:31,(anonymous_1)
FN:69,(anonymous_2)
FN:100,(anonymous_3)
FNF:4
FNH:0
FNDA:0,(anonymous_0)
FNDA:0,(anonymous_1)
FNDA:0,(anonymous_2)
FNDA:0,(anonymous_3)
DA:1,0
DA:2,0
DA:3,0
DA:4,0
DA:5,0
DA:10,0
DA:11,0
DA:12,0
DA:15,0
DA:17,0
DA:20,0
DA:23,0
DA:25,0
DA:26,0
DA:31,0
DA:32,0
DA:33,0
DA:34,0
DA:35,0
DA:37,0
DA:38,0
DA:39,0
DA:42,0
DA:43,0
DA:44,0
DA:45,0
DA:46,0
DA:50,0
DA:60,0
DA:61,0
DA:63,0
DA:64,0
DA:69,0
DA:70,0
DA:71,0
DA:73,0
DA:74,0
DA:78,0
DA:79,0
DA:80,0
DA:82,0
DA:83,0
DA:86,0
DA:92,0
DA:94,0
DA:95,0
DA:100,0
DA:101,0
DA:102,0
DA:103,0
DA:105,0
DA:106,0
DA:107,0
DA:109,0
DA:110,0
DA:113,0
DA:114,0
DA:116,0
DA:117,0
DA:121,0
LF:60
LH:0
BRDA:15,0,0,0
BRDA:15,0,1,0
BRDA:15,1,0,0
BRDA:15,1,1,0
BRDA:15,1,2,0
BRDA:35,2,0,0
BRDA:35,2,1,0
BRDA:35,2,2,0
BRDA:39,3,0,0
BRDA:39,3,1,0
BRDA:42,4,0,0
BRDA:42,4,1,0
BRDA:42,5,0,0
BRDA:42,5,1,0
BRDA:45,6,0,0
BRDA:45,6,1,0
BRDA:52,7,0,0
BRDA:52,7,1,0
BRDA:56,8,0,0
BRDA:56,8,1,0
BRDA:57,9,0,0
BRDA:57,9,1,0
BRDA:74,10,0,0
BRDA:74,10,1,0
BRDA:80,11,0,0
BRDA:80,11,1,0
BRDA:80,11,2,0
BRDA:82,12,0,0
BRDA:82,12,1,0
BRDA:82,13,0,0
BRDA:82,13,1,0
BRDA:103,14,0,0
BRDA:103,14,1,0
BRDA:107,15,0,0
BRDA:107,15,1,0
BRDA:107,15,2,0
BRDA:109,16,0,0
BRDA:109,16,1,0
BRDA:109,17,0,0
BRDA:109,17,1,0
BRF:40
BRH:0
end_of_record
TN:
SF:routes\tasks.js
FN:7,(anonymous_0)
FN:52,(anonymous_1)
FN:80,(anonymous_2)
FN:83,(anonymous_3)
FN:99,(anonymous_4)
FN:117,(anonymous_5)
FN:167,(anonymous_6)
FN:187,(anonymous_7)
FNF:8
FNH:0
FNDA:0,(anonymous_0)
FNDA:0,(anonymous_1)
FNDA:0,(anonymous_2)
FNDA:0,(anonymous_3)
FNDA:0,(anonymous_4)
FNDA:0,(anonymous_5)
FNDA:0,(anonymous_6)
FNDA:0,(anonymous_7)
DA:1,0
DA:2,0
DA:3,0
DA:4,0
DA:7,0
DA:8,0
DA:10,0
DA:11,0
DA:14,0
DA:19,0
DA:21,0
DA:29,0
DA:30,0
DA:38,0
DA:39,0
DA:40,0
DA:41,0
DA:44,0
DA:46,0
DA:47,0
DA:52,0
DA:53,0
DA:54,0
DA:57,0
DA:61,0
DA:64,0
DA:72,0
DA:74,0
DA:75,0
DA:80,0
DA:81,0
DA:82,0
DA:83,0
DA:84,0
DA:86,0
DA:88,0
DA:90,0
DA:92,0
DA:96,0
DA:99,0
DA:100,0
DA:101,0
DA:105,0
DA:107,0
DA:109,0
DA:112,0
DA:113,0
DA:114,0
DA:117,0
DA:118,0
DA:120,0
DA:128,0
DA:131,0
DA:138,0
DA:139,0
DA:140,0
DA:141,0
DA:145,0
DA:146,0
DA:153,0
DA:154,0
DA:155,0
DA:156,0
DA:159,0
DA:161,0
DA:162,0
DA:167,0
DA:168,0
DA:170,0
DA:171,0
DA:174,0
DA:177,0
DA:179,0
DA:181,0
DA:182,0
DA:187,0
DA:188,0
DA:189,0
DA:192,0
DA:193,0
DA:199,0
DA:201,0
DA:203,0
DA:208,0
DA:210,0
DA:217,0
DA:219,0
DA:220,0
DA:224,0
LF:89
LH:0
BRDA:10,0,0,0
BRDA:10,0,1,0
BRDA:10,1,0,0
BRDA:10,1,1,0
BRDA:10,1,2,0
BRDA:29,2,0,0
BRDA:29,2,1,0
BRDA:29,3,0,0
BRDA:29,3,1,0
BRDA:57,4,0,0
BRDA:57,4,1,0
BRDA:57,5,0,0
BRDA:57,5,1,0
BRDA:57,5,2,0
BRDA:84,6,0,0
BRDA:84,6,1,0
BRDA:88,7,0,0
BRDA:88,7,1,0
BRDA:88,7,2,0
BRDA:92,8,0,0
BRDA:92,8,1,0
BRDA:100,9,0,0
BRDA:100,9,1,0
BRDA:107,10,0,0
BRDA:107,10,1,0
BRDA:112,11,0,0
BRDA:112,11,1,0
BRDA:128,12,0,0
BRDA:128,12,1,0
BRDA:128,13,0,0
BRDA:128,13,1,0
BRDA:128,13,2,0
BRDA:145,14,0,0
BRDA:145,14,1,0
BRDA:145,15,0,0
BRDA:145,15,1,0
BRDA:170,16,0,0
BRDA:170,16,1,0
BRDA:170,17,0,0
BRDA:170,17,1,0
BRDA:170,17,2,0
BRDA:177,18,0,0
BRDA:177,18,1,0
BRDA:192,19,0,0
BRDA:192,19,1,0
BRDA:192,20,0,0
BRDA:192,20,1,0
BRDA:192,20,2,0
BRDA:201,21,0,0
BRDA:201,21,1,0
BRF:50
BRH:0
end_of_record
TN:
SF:routes\userRoutes.js
FN:10,requireAdminOrLeader
FN:19,getDateWithoutTime
FN:30,(anonymous_2)
FN:69,(anonymous_3)
FN:76,(anonymous_4)
FN:95,(anonymous_5)
FN:134,(anonymous_6)
FN:169,(anonymous_7)
FN:215,(anonymous_8)
FN:232,(anonymous_9)
FN:244,(anonymous_10)
FN:263,(anonymous_11)
FN:294,(anonymous_12)
FNF:13
FNH:0
FNDA:0,requireAdminOrLeader
FNDA:0,getDateWithoutTime
FNDA:0,(anonymous_2)
FNDA:0,(anonymous_3)
FNDA:0,(anonymous_4)
FNDA:0,(anonymous_5)
FNDA:0,(anonymous_6)
FNDA:0,(anonymous_7)
FNDA:0,(anonymous_8)
FNDA:0,(anonymous_9)
FNDA:0,(anonymous_10)
FNDA:0,(anonymous_11)
FNDA:0,(anonymous_12)
DA:1,0
DA:2,0
DA:3,0
DA:4,0
DA:5,0
DA:6,0
DA:7,0
DA:11,0
DA:12,0
DA:13,0
DA:15,0
DA:20,0
DA:21,0
DA:22,0
DA:25,0
DA:30,0
DA:31,0
DA:34,0
DA:39,0
DA:40,0
DA:41,0
DA:42,0
DA:46,0
DA:64,0
DA:65,0
DA:68,0
DA:69,0
DA:70,0
DA:71,0
DA:76,0
DA:77,0
DA:78,0
DA:85,0
DA:87,0
DA:88,0
DA:95,0
DA:96,0
DA:97,0
DA:98,0
DA:99,0
DA:102,0
DA:103,0
DA:104,0
DA:107,0
DA:108,0
DA:117,0
DA:119,0
DA:120,0
DA:121,0
DA:122,0
DA:124,0
DA:126,0
DA:127,0
DA:134,0
DA:135,0
DA:136,0
DA:137,0
DA:138,0
DA:141,0
DA:143,0
DA:144,0
DA:145,0
DA:149,0
DA:150,0
DA:152,0
DA:157,0
DA:159,0
DA:161,0
DA:162,0
DA:169,0
DA:170,0
DA:171,0
DA:172,0
DA:173,0
DA:176,0
DA:177,0
DA:184,0
DA:203,0
DA:205,0
DA:207,0
DA:208,0
DA:215,0
DA:216,0
DA:217,0
DA:220,0
DA:221,0
DA:224,0
DA:226,0
DA:227,0
DA:232,0
DA:233,0
DA:234,0
DA:235,0
DA:237,0
DA:244,0
DA:245,0
DA:247,0
DA:248,0
DA:249,0
DA:253,0
DA:255,0
DA:257,0
DA:258,0
DA:263,0
DA:264,0
DA:265,0
DA:266,0
DA:267,0
DA:268,0
DA:269,0
DA:271,0
DA:272,0
DA:273,0
DA:274,0
DA:275,0
DA:279,0
DA:280,0
DA:282,0
DA:284,0
DA:286,0
DA:287,0
DA:294,0
DA:295,0
DA:296,0
DA:297,0
DA:299,0
DA:300,0
DA:303,0
DA:306,0
DA:307,0
DA:308,0
DA:309,0
DA:310,0
DA:313,0
DA:314,0
DA:315,0
DA:316,0
DA:319,0
DA:324,0
DA:326,0
DA:327,0
DA:331,0
LF:142
LH:0
BRDA:12,0,0,0
BRDA:12,0,1,0
BRDA:12,1,0,0
BRDA:12,1,1,0
BRDA:70,2,0,0
BRDA:70,2,1,0
BRDA:77,3,0,0
BRDA:77,3,1,0
BRDA:98,4,0,0
BRDA:98,4,1,0
BRDA:98,5,0,0
BRDA:98,5,1,0
BRDA:98,5,2,0
BRDA:103,6,0,0
BRDA:103,6,1,0
BRDA:110,7,0,0
BRDA:110,7,1,0
BRDA:112,8,0,0
BRDA:112,8,1,0
BRDA:137,9,0,0
BRDA:137,9,1,0
BRDA:143,10,0,0
BRDA:143,10,1,0
BRDA:157,11,0,0
BRDA:157,11,1,0
BRDA:172,12,0,0
BRDA:172,12,1,0
BRDA:176,13,0,0
BRDA:176,13,1,0
BRDA:203,14,0,0
BRDA:203,14,1,0
BRDA:220,15,0,0
BRDA:220,15,1,0
BRDA:248,16,0,0
BRDA:248,16,1,0
BRDA:248,17,0,0
BRDA:248,17,1,0
BRDA:248,17,2,0
BRDA:266,18,0,0
BRDA:266,18,1,0
BRDA:266,19,0,0
BRDA:266,19,1,0
BRDA:267,20,0,0
BRDA:267,20,1,0
BRDA:273,21,0,0
BRDA:273,21,1,0
BRDA:299,22,0,0
BRDA:299,22,1,0
BRDA:306,23,0,0
BRDA:306,23,1,0
BRF:50
BRH:0
end_of_record
TN:
SF:routes\users.js
FN:9,(anonymous_0)
FN:26,(anonymous_1)
FN:47,(anonymous_2)
FNF:3
FNH:0
FNDA:0,(anonymous_0)
FNDA:0,(anonymous_1)
FNDA:0,(anonymous_2)
DA:1,0
DA:2,0
DA:3,0
DA:4,0
DA:9,0
DA:10,0
DA:13,0
DA:16,0
DA:18,0
DA:19,0
DA:26,0
DA:27,0
DA:29,0
DA:30,0
DA:31,0
DA:35,0
DA:37,0
DA:39,0
DA:40,0
DA:47,0
DA:48,0
DA:49,0
DA:52,0
DA:53,0
DA:56,0
DA:58,0
DA:59,0
DA:63,0
LF:28
LH:0
BRDA:30,0,0,0
BRDA:30,0,1,0
BRDA:30,1,0,0
BRDA:30,1,1,0
BRDA:30,1,2,0
BRDA:52,2,0,0
BRDA:52,2,1,0
BRF:7
BRH:0
end_of_record
TN:
SF:services\attendanceService.js
FN:3,(anonymous_0)
FN:16,(anonymous_1)
FN:69,(anonymous_2)
FNF:3
FNH:0
FNDA:0,(anonymous_0)
FNDA:0,(anonymous_1)
FNDA:0,(anonymous_2)
DA:1,0
DA:3,0
DA:4,0
DA:5,0
DA:6,0
DA:17,0
DA:20,0
DA:28,0
DA:30,0
DA:40,0
DA:41,0
DA:44,0
DA:45,0
DA:46,0
DA:49,0
DA:52,0
DA:53,0
DA:54,0
DA:55,0
DA:58,0
DA:59,0
DA:60,0
DA:70,0
DA:71,0
DA:72,0
DA:74,0
DA:76,0
DA:84,0
DA:85,0
DA:88,0
DA:89,0
DA:90,0
DA:91,0
DA:93,0
DA:96,0
DA:100,0
LF:36
LH:0
BRDA:16,0,0,0
BRDA:28,1,0,0
BRDA:28,1,1,0
BRDA:40,2,0,0
BRDA:40,2,1,0
BRDA:69,3,0,0
BRDA:84,4,0,0
BRDA:84,4,1,0
BRDA:88,5,0,0
BRDA:88,5,1,0
BRF:10
BRH:0
end_of_record
TN:
SF:services\audioBridge.js
FN:7,getStatus
FN:19,startAudioBridge
FNF:2
FNH:0
FNDA:0,getStatus
FNDA:0,startAudioBridge
DA:8,0
DA:20,0
DA:26,0
LF:3
LH:0
BRF:0
BRH:0
end_of_record
TN:
SF:services\calls.js
FN:10,sleep
FN:11,(anonymous_1)
FN:14,writeWithDelay
FN:15,(anonymous_3)
FN:16,(anonymous_4)
FN:20,preDialVoiceSetup
FN:39,makeCall
FN:82,(anonymous_7)
FN:84,(anonymous_8)
FN:91,(anonymous_9)
FN:118,hangupCall
FN:124,(anonymous_11)
FN:125,(anonymous_12)
FN:129,(anonymous_13)
FN:146,checkModemStatus
FNF:15
FNH:0
FNDA:0,sleep
FNDA:0,(anonymous_1)
FNDA:0,writeWithDelay
FNDA:0,(anonymous_3)
FNDA:0,(anonymous_4)
FNDA:0,preDialVoiceSetup
FNDA:0,makeCall
FNDA:0,(anonymous_7)
FNDA:0,(anonymous_8)
FNDA:0,(anonymous_9)
FNDA:0,hangupCall
FNDA:0,(anonymous_11)
FNDA:0,(anonymous_12)
FNDA:0,(anonymous_13)
FNDA:0,checkModemStatus
DA:2,0
DA:3,0
DA:4,0
DA:5,0
DA:6,0
DA:8,0
DA:11,0
DA:15,0
DA:16,0
DA:21,0
DA:29,0
DA:30,0
DA:32,0
DA:41,0
DA:42,0
DA:45,0
DA:46,0
DA:47,0
DA:51,0
DA:52,0
DA:53,0
DA:57,0
DA:59,0
DA:60,0
DA:65,0
DA:68,0
DA:69,0
DA:70,0
DA:72,0
DA:73,0
DA:76,0
DA:77,0
DA:79,0
DA:82,0
DA:84,0
DA:85,0
DA:87,0
DA:88,0
DA:91,0
DA:92,0
DA:93,0
DA:101,0
DA:102,0
DA:104,0
DA:108,0
DA:109,0
DA:119,0
DA:120,0
DA:121,0
DA:124,0
DA:125,0
DA:126,0
DA:129,0
DA:130,0
DA:133,0
DA:134,0
DA:136,0
DA:137,0
DA:147,0
DA:148,0
DA:154,0
LF:61
LH:0
BRDA:14,0,0,0
BRDA:41,1,0,0
BRDA:41,1,1,0
BRDA:46,2,0,0
BRDA:46,2,1,0
BRDA:46,3,0,0
BRDA:46,3,1,0
BRDA:52,4,0,0
BRDA:52,4,1,0
BRDA:59,5,0,0
BRDA:59,5,1,0
BRDA:85,6,0,0
BRDA:85,6,1,0
BRDA:120,7,0,0
BRDA:120,7,1,0
BRDA:120,8,0,0
BRDA:120,8,1,0
BRDA:126,9,0,0
BRDA:126,9,1,0
BRDA:130,10,0,0
BRDA:130,10,1,0
BRDA:134,11,0,0
BRDA:134,11,1,0
BRDA:136,12,0,0
BRDA:136,12,1,0
BRF:25
BRH:0
end_of_record
TN:
SF:services\cronService.js
FN:6,(anonymous_0)
FN:10,(anonymous_1)
FN:17,(anonymous_2)
FN:22,(anonymous_3)
FN:48,(anonymous_4)
FN:49,(anonymous_5)
FN:71,(anonymous_6)
FNF:7
FNH:0
FNDA:0,(anonymous_0)
FNDA:0,(anonymous_1)
FNDA:0,(anonymous_2)
FNDA:0,(anonymous_3)
FNDA:0,(anonymous_4)
FNDA:0,(anonymous_5)
FNDA:0,(anonymous_6)
DA:1,0
DA:2,0
DA:3,0
DA:7,0
DA:11,0
DA:14,0
DA:17,0
DA:18,0
DA:23,0
DA:24,0
DA:25,0
DA:29,0
DA:30,0
DA:33,0
DA:37,0
DA:38,0
DA:40,0
DA:46,0
DA:48,0
DA:49,0
DA:50,0
DA:51,0
DA:55,0
DA:56,0
DA:58,0
DA:59,0
DA:61,0
DA:67,0
DA:70,0
DA:71,0
DA:72,0
DA:75,0
DA:76,0
DA:77,0
DA:78,0
DA:81,0
DA:82,0
DA:85,0
DA:86,0
DA:87,0
DA:91,0
DA:92,0
DA:95,0
DA:103,0
DA:108,0
LF:45
LH:0
BRDA:29,0,0,0
BRDA:29,0,1,0
BRDA:29,1,0,0
BRDA:29,1,1,0
BRDA:50,2,0,0
BRDA:50,2,1,0
BRDA:55,3,0,0
BRDA:55,3,1,0
BRDA:70,4,0,0
BRDA:70,4,1,0
BRDA:72,5,0,0
BRDA:72,5,1,0
BRDA:75,6,0,0
BRDA:75,6,1,0
BRDA:81,7,0,0
BRDA:81,7,1,0
BRDA:95,8,0,0
BRDA:95,8,1,0
BRF:18
BRH:0
end_of_record
TN:
SF:services\huaweiAudioBridge.js
FN:15,isWindows
FN:22,executePowerShell
FN:23,(anonymous_2)
FN:24,(anonymous_3)
FN:37,getAudioDevices
FN:54,findHuaweiAudioDevice
FN:76,findUSBHeadset
FN:98,setDefaultAudioDevice
FN:126,activateCallAudio
FN:162,deactivateCallAudio
FN:183,getStatus
FN:194,testBridge
FNF:12
FNH:0
FNDA:0,isWindows
FNDA:0,executePowerShell
FNDA:0,(anonymous_2)
FNDA:0,(anonymous_3)
FNDA:0,getAudioDevices
FNDA:0,findHuaweiAudioDevice
FNDA:0,findUSBHeadset
FNDA:0,setDefaultAudioDevice
FNDA:0,activateCallAudio
FNDA:0,deactivateCallAudio
FNDA:0,getStatus
FNDA:0,testBridge
DA:2,0
DA:3,0
DA:5,0
DA:16,0
DA:23,0
DA:24,0
DA:25,0
DA:26,0
DA:28,0
DA:38,0
DA:39,0
DA:42,0
DA:43,0
DA:44,0
DA:46,0
DA:47,0
DA:55,0
DA:57,0
DA:60,0
DA:61,0
DA:62,0
DA:63,0
DA:64,0
DA:66,0
DA:68,0
DA:69,0
DA:77,0
DA:78,0
DA:81,0
DA:82,0
DA:83,0
DA:84,0
DA:85,0
DA:86,0
DA:88,0
DA:90,0
DA:91,0
DA:99,0
DA:101,0
DA:114,0
DA:115,0
DA:116,0
DA:118,0
DA:119,0
DA:127,0
DA:128,0
DA:131,0
DA:132,0
DA:134,0
DA:135,0
DA:139,0
DA:141,0
DA:143,0
DA:151,0
DA:152,0
DA:163,0
DA:164,0
DA:165,0
DA:167,0
DA:172,0
DA:173,0
DA:184,0
DA:195,0
DA:196,0
DA:198,0
DA:199,0
DA:201,0
DA:209,0
DA:210,0
DA:217,0
LF:70
LH:0
BRDA:25,0,0,0
BRDA:25,0,1,0
BRDA:61,1,0,0
BRDA:61,1,1,0
BRDA:61,2,0,0
BRDA:61,2,1,0
BRDA:82,3,0,0
BRDA:82,3,1,0
BRDA:82,4,0,0
BRDA:82,4,1,0
BRDA:82,4,2,0
BRDA:134,5,0,0
BRDA:134,5,1,0
BRDA:205,6,0,0
BRDA:205,6,1,0
BRF:15
BRH:0
end_of_record
TN:
SF:services\huaweiE173Audio.js
FN:15,getAllAudioDevices
FN:16,(anonymous_1)
FN:18,(anonymous_2)
FN:31,findHuaweiE173AudioDevice
FN:32,(anonymous_4)
FN:35,(anonymous_5)
FN:56,findUSBHeadsetDevice
FN:57,(anonymous_7)
FN:59,(anonymous_8)
FN:79,setDefaultCommunicationDevice
FN:80,(anonymous_10)
FN:96,(anonymous_11)
FN:111,enableStereoMix
FN:112,(anonymous_13)
FN:116,(anonymous_14)
FN:131,openVolumeMixer
FN:132,(anonymous_16)
FN:133,(anonymous_17)
FN:149,activateCallAudio
FN:207,deactivateCallAudio
FN:229,getStatus
FN:242,testBridge
FNF:22
FNH:0
FNDA:0,getAllAudioDevices
FNDA:0,(anonymous_1)
FNDA:0,(anonymous_2)
FNDA:0,findHuaweiE173AudioDevice
FNDA:0,(anonymous_4)
FNDA:0,(anonymous_5)
FNDA:0,findUSBHeadsetDevice
FNDA:0,(anonymous_7)
FNDA:0,(anonymous_8)
FNDA:0,setDefaultCommunicationDevice
FNDA:0,(anonymous_10)
FNDA:0,(anonymous_11)
FNDA:0,enableStereoMix
FNDA:0,(anonymous_13)
FNDA:0,(anonymous_14)
FNDA:0,openVolumeMixer
FNDA:0,(anonymous_16)
FNDA:0,(anonymous_17)
FNDA:0,activateCallAudio
FNDA:0,deactivateCallAudio
FNDA:0,getStatus
FNDA:0,testBridge
DA:2,0
DA:4,0
DA:16,0
DA:17,0
DA:18,0
DA:19,0
DA:20,0
DA:22,0
DA:32,0
DA:34,0
DA:35,0
DA:36,0
DA:37,0
DA:39,0
DA:40,0
DA:41,0
DA:42,0
DA:43,0
DA:45,0
DA:46,0
DA:57,0
DA:58,0
DA:59,0
DA:60,0
DA:61,0
DA:63,0
DA:64,0
DA:65,0
DA:66,0
DA:68,0
DA:69,0
DA:80,0
DA:82,0
DA:96,0
DA:97,0
DA:98,0
DA:99,0
DA:101,0
DA:102,0
DA:112,0
DA:113,0
DA:116,0
DA:117,0
DA:118,0
DA:119,0
DA:121,0
DA:122,0
DA:132,0
DA:133,0
DA:134,0
DA:135,0
DA:136,0
DA:137,0
DA:139,0
DA:140,0
DA:150,0
DA:151,0
DA:154,0
DA:157,0
DA:160,0
DA:163,0
DA:166,0
DA:167,0
DA:170,0
DA:172,0
DA:173,0
DA:175,0
DA:176,0
DA:178,0
DA:196,0
DA:197,0
DA:208,0
DA:209,0
DA:210,0
DA:211,0
DA:213,0
DA:218,0
DA:219,0
DA:230,0
DA:243,0
DA:244,0
DA:246,0
DA:247,0
DA:248,0
DA:250,0
DA:268,0
DA:269,0
DA:276,0
LF:88
LH:0
BRDA:19,0,0,0
BRDA:19,0,1,0
BRDA:36,1,0,0
BRDA:36,1,1,0
BRDA:40,2,0,0
BRDA:40,2,1,0
BRDA:40,3,0,0
BRDA:40,3,1,0
BRDA:40,3,2,0
BRDA:40,3,3,0
BRDA:60,4,0,0
BRDA:60,4,1,0
BRDA:63,5,0,0
BRDA:63,5,1,0
BRDA:63,6,0,0
BRDA:63,6,1,0
BRDA:63,6,2,0
BRDA:97,7,0,0
BRDA:97,7,1,0
BRDA:117,8,0,0
BRDA:117,8,1,0
BRDA:117,9,0,0
BRDA:117,9,1,0
BRDA:134,10,0,0
BRDA:134,10,1,0
BRDA:255,11,0,0
BRDA:255,11,1,0
BRF:27
BRH:0
end_of_record
TN:
SF:services\mobilePartnerManager.js
FN:4,(anonymous_0)
FN:12,(anonymous_1)
FN:13,(anonymous_2)
FN:17,(anonymous_3)
FN:26,(anonymous_4)
FN:35,(anonymous_5)
FN:36,(anonymous_6)
FN:37,(anonymous_7)
FN:47,(anonymous_8)
FN:63,(anonymous_9)
FN:64,(anonymous_10)
FN:65,(anonymous_11)
FNF:12
FNH:0
FNDA:0,(anonymous_0)
FNDA:0,(anonymous_1)
FNDA:0,(anonymous_2)
FNDA:0,(anonymous_3)
FNDA:0,(anonymous_4)
FNDA:0,(anonymous_5)
FNDA:0,(anonymous_6)
FNDA:0,(anonymous_7)
FNDA:0,(anonymous_8)
FNDA:0,(anonymous_9)
FNDA:0,(anonymous_10)
FNDA:0,(anonymous_11)
DA:1,0
DA:5,0
DA:6,0
DA:13,0
DA:14,0
DA:17,0
DA:18,0
DA:19,0
DA:20,0
DA:22,0
DA:23,0
DA:26,0
DA:36,0
DA:37,0
DA:38,0
DA:39,0
DA:48,0
DA:50,0
DA:51,0
DA:52,0
DA:54,0
DA:57,0
DA:64,0
DA:65,0
DA:66,0
DA:67,0
DA:69,0
DA:70,0
DA:77,0
LF:29
LH:0
BRDA:18,0,0,0
BRDA:18,0,1,0
BRDA:50,1,0,0
BRDA:50,1,1,0
BRDA:66,2,0,0
BRDA:66,2,1,0
BRF:6
BRH:0
end_of_record
TN:
SF:services\modem.js
FN:24,emitStatus
FN:35,tryConnectToPort
FN:36,(anonymous_2)
FN:39,(anonymous_3)
FN:53,findAvailablePort
FN:59,(anonymous_5)
FN:67,(anonymous_6)
FN:68,(anonymous_7)
FN:77,(anonymous_8)
FN:80,(anonymous_9)
FN:87,(anonymous_10)
FN:92,(anonymous_11)
FN:96,(anonymous_12)
FN:140,connectHuaweiE173
FN:154,(anonymous_14)
FN:167,(anonymous_15)
FN:186,(anonymous_16)
FN:205,(anonymous_17)
FN:206,(anonymous_18)
FN:207,(anonymous_19)
FN:220,handleSerialData
FN:324,handlePortClose
FN:335,handlePortError
FN:345,scheduleReconnect
FN:347,(anonymous_24)
FN:353,getModemStatus
FN:360,getActivePort
FNF:27
FNH:0
FNDA:0,emitStatus
FNDA:0,tryConnectToPort
FNDA:0,(anonymous_2)
FNDA:0,(anonymous_3)
FNDA:0,findAvailablePort
FNDA:0,(anonymous_5)
FNDA:0,(anonymous_6)
FNDA:0,(anonymous_7)
FNDA:0,(anonymous_8)
FNDA:0,(anonymous_9)
FNDA:0,(anonymous_10)
FNDA:0,(anonymous_11)
FNDA:0,(anonymous_12)
FNDA:0,connectHuaweiE173
FNDA:0,(anonymous_14)
FNDA:0,(anonymous_15)
FNDA:0,(anonymous_16)
FNDA:0,(anonymous_17)
FNDA:0,(anonymous_18)
FNDA:0,(anonymous_19)
FNDA:0,handleSerialData
FNDA:0,handlePortClose
FNDA:0,handlePortError
FNDA:0,scheduleReconnect
FNDA:0,(anonymous_24)
FNDA:0,getModemStatus
FNDA:0,getActivePort
DA:2,0
DA:3,0
DA:5,0
DA:16,0
DA:17,0
DA:18,0
DA:19,0
DA:25,0
DA:26,0
DA:36,0
DA:37,0
DA:38,0
DA:39,0
DA:40,0
DA:41,0
DA:42,0
DA:45,0
DA:54,0
DA:56,0
DA:57,0
DA:58,0
DA:59,0
DA:60,0
DA:61,0
DA:64,0
DA:67,0
DA:68,0
DA:70,0
DA:71,0
DA:73,0
DA:76,0
DA:77,0
DA:78,0
DA:79,0
DA:80,0
DA:84,0
DA:87,0
DA:88,0
DA:90,0
DA:92,0
DA:93,0
DA:96,0
DA:97,0
DA:98,0
DA:100,0
DA:101,0
DA:102,0
DA:103,0
DA:105,0
DA:108,0
DA:110,0
DA:111,0
DA:112,0
DA:117,0
DA:122,0
DA:123,0
DA:124,0
DA:125,0
DA:126,0
DA:127,0
DA:129,0
DA:132,0
DA:133,0
DA:141,0
DA:143,0
DA:144,0
DA:145,0
DA:146,0
DA:147,0
DA:148,0
DA:151,0
DA:152,0
DA:154,0
DA:155,0
DA:156,0
DA:157,0
DA:158,0
DA:159,0
DA:162,0
DA:163,0
DA:164,0
DA:167,0
DA:168,0
DA:169,0
DA:172,0
DA:185,0
DA:186,0
DA:187,0
DA:188,0
DA:189,0
DA:190,0
DA:191,0
DA:192,0
DA:194,0
DA:195,0
DA:196,0
DA:200,0
DA:205,0
DA:206,0
DA:207,0
DA:209,0
DA:210,0
DA:211,0
DA:212,0
DA:221,0
DA:224,0
DA:225,0
DA:226,0
DA:227,0
DA:228,0
DA:233,0
DA:234,0
DA:239,0
DA:240,0
DA:241,0
DA:242,0
DA:244,0
DA:245,0
DA:246,0
DA:250,0
DA:251,0
DA:252,0
DA:253,0
DA:254,0
DA:256,0
DA:257,0
DA:258,0
DA:262,0
DA:264,0
DA:268,0
DA:269,0
DA:271,0
DA:272,0
DA:276,0
DA:277,0
DA:278,0
DA:282,0
DA:283,0
DA:284,0
DA:288,0
DA:289,0
DA:290,0
DA:294,0
DA:295,0
DA:296,0
DA:300,0
DA:301,0
DA:302,0
DA:306,0
DA:307,0
DA:308,0
DA:312,0
DA:313,0
DA:314,0
DA:316,0
DA:317,0
DA:325,0
DA:326,0
DA:327,0
DA:328,0
DA:336,0
DA:337,0
DA:338,0
DA:339,0
DA:346,0
DA:347,0
DA:354,0
DA:361,0
DA:364,0
LF:169
LH:0
BRDA:11,0,0,0
BRDA:11,0,1,0
BRDA:25,1,0,0
BRDA:25,1,1,0
BRDA:40,2,0,0
BRDA:40,2,1,0
BRDA:61,3,0,0
BRDA:61,3,1,0
BRDA:61,4,0,0
BRDA:61,4,1,0
BRDA:79,5,0,0
BRDA:79,5,1,0
BRDA:79,6,0,0
BRDA:79,6,1,0
BRDA:88,7,0,0
BRDA:88,7,1,0
BRDA:97,8,0,0
BRDA:97,8,1,0
BRDA:98,9,0,0
BRDA:98,9,1,0
BRDA:100,10,0,0
BRDA:100,10,1,0
BRDA:101,11,0,0
BRDA:101,11,1,0
BRDA:108,12,0,0
BRDA:108,12,1,0
BRDA:110,13,0,0
BRDA:110,13,1,0
BRDA:110,14,0,0
BRDA:110,14,1,0
BRDA:110,14,2,0
BRDA:125,15,0,0
BRDA:125,15,1,0
BRDA:145,16,0,0
BRDA:145,16,1,0
BRDA:155,17,0,0
BRDA:155,17,1,0
BRDA:168,18,0,0
BRDA:168,18,1,0
BRDA:168,19,0,0
BRDA:168,19,1,0
BRDA:187,20,0,0
BRDA:187,20,1,0
BRDA:187,21,0,0
BRDA:187,21,1,0
BRDA:187,21,2,0
BRDA:192,22,0,0
BRDA:192,22,1,0
BRDA:224,23,0,0
BRDA:224,23,1,0
BRDA:225,24,0,0
BRDA:225,24,1,0
BRDA:233,25,0,0
BRDA:233,25,1,0
BRDA:239,26,0,0
BRDA:239,26,1,0
BRDA:244,27,0,0
BRDA:244,27,1,0
BRDA:246,28,0,0
BRDA:246,28,1,0
BRDA:250,29,0,0
BRDA:250,29,1,0
BRDA:254,30,0,0
BRDA:254,30,1,0
BRDA:256,31,0,0
BRDA:256,31,1,0
BRDA:258,32,0,0
BRDA:258,32,1,0
BRDA:262,33,0,0
BRDA:262,33,1,0
BRDA:262,34,0,0
BRDA:262,34,1,0
BRDA:262,34,2,0
BRDA:262,34,3,0
BRDA:262,34,4,0
BRDA:262,34,5,0
BRDA:268,35,0,0
BRDA:268,35,1,0
BRDA:269,36,0,0
BRDA:269,36,1,0
BRDA:271,37,0,0
BRDA:271,37,1,0
BRDA:272,38,0,0
BRDA:272,38,1,0
BRDA:276,39,0,0
BRDA:276,39,1,0
BRDA:276,40,0,0
BRDA:276,40,1,0
BRDA:276,40,2,0
BRDA:278,41,0,0
BRDA:278,41,1,0
BRDA:282,42,0,0
BRDA:282,42,1,0
BRDA:282,43,0,0
BRDA:282,43,1,0
BRDA:282,43,2,0
BRDA:284,44,0,0
BRDA:284,44,1,0
BRDA:288,45,0,0
BRDA:288,45,1,0
BRDA:290,46,0,0
BRDA:290,46,1,0
BRDA:294,47,0,0
BRDA:294,47,1,0
BRDA:294,48,0,0
BRDA:294,48,1,0
BRDA:296,49,0,0
BRDA:296,49,1,0
BRDA:300,50,0,0
BRDA:300,50,1,0
BRDA:300,51,0,0
BRDA:300,51,1,0
BRDA:302,52,0,0
BRDA:302,52,1,0
BRDA:306,53,0,0
BRDA:306,53,1,0
BRDA:306,54,0,0
BRDA:306,54,1,0
BRDA:306,54,2,0
BRDA:306,54,3,0
BRDA:308,55,0,0
BRDA:308,55,1,0
BRDA:312,56,0,0
BRDA:312,56,1,0
BRDA:314,57,0,0
BRDA:314,57,1,0
BRDA:316,58,0,0
BRDA:316,58,1,0
BRDA:317,59,0,0
BRDA:317,59,1,0
BRF:130
BRH:0
end_of_record
TN:
SF:services\session.js
FN:11,updateUserStatus
FN:51,handleTimeout
FN:68,recordLocationUpdate
FN:83,recordUserConnection
FN:100,recordUserDisconnection
FNF:5
FNH:0
FNDA:0,updateUserStatus
FNDA:0,handleTimeout
FNDA:0,recordLocationUpdate
FNDA:0,recordUserConnection
FNDA:0,recordUserDisconnection
DA:2,0
DA:5,0
DA:8,0
DA:12,0
DA:14,0
DA:16,0
DA:18,0
DA:19,0
DA:21,0
DA:22,0
DA:26,0
DA:27,0
DA:29,0
DA:32,0
DA:33,0
DA:34,0
DA:38,0
DA:41,0
DA:42,0
DA:43,0
DA:47,0
DA:52,0
DA:55,0
DA:56,0
DA:60,0
DA:61,0
DA:62,0
DA:69,0
DA:70,0
DA:71,0
DA:74,0
DA:75,0
DA:76,0
DA:79,0
DA:84,0
DA:85,0
DA:86,0
DA:89,0
DA:93,0
DA:96,0
DA:101,0
DA:102,0
DA:103,0
DA:106,0
DA:107,0
DA:110,0
DA:113,0
LF:47
LH:0
BRDA:16,0,0,0
BRDA:16,0,1,0
BRDA:19,1,0,0
BRDA:19,1,1,0
BRDA:27,2,0,0
BRDA:27,2,1,0
BRDA:33,3,0,0
BRDA:33,3,1,0
BRDA:42,4,0,0
BRDA:42,4,1,0
BRDA:61,5,0,0
BRDA:61,5,1,0
BRDA:69,6,0,0
BRDA:69,6,1,0
BRDA:84,7,0,0
BRDA:84,7,1,0
BRDA:84,8,0,0
BRDA:84,8,1,0
BRDA:101,9,0,0
BRDA:101,9,1,0
BRF:20
BRH:0
end_of_record
TN:
SF:services\sim800.js
FN:20,emitStatus
FN:27,tryConnectToPort
FN:28,(anonymous_2)
FN:31,(anonymous_3)
FN:45,findAvailablePort
FN:63,connectSIM800
FN:77,(anonymous_6)
FN:107,handleSerialData
FN:155,handlePortClose
FN:165,handlePortError
FN:175,scheduleReconnect
FN:177,(anonymous_11)
FN:183,makeCall
FN:195,hangUp
FN:207,getModemStatus
FN:214,getActivePort
FNF:16
FNH:0
FNDA:0,emitStatus
FNDA:0,tryConnectToPort
FNDA:0,(anonymous_2)
FNDA:0,(anonymous_3)
FNDA:0,findAvailablePort
FNDA:0,connectSIM800
FNDA:0,(anonymous_6)
FNDA:0,handleSerialData
FNDA:0,handlePortClose
FNDA:0,handlePortError
FNDA:0,scheduleReconnect
FNDA:0,(anonymous_11)
FNDA:0,makeCall
FNDA:0,hangUp
FNDA:0,getModemStatus
FNDA:0,getActivePort
DA:2,0
DA:3,0
DA:4,0
DA:6,0
DA:12,0
DA:13,0
DA:14,0
DA:15,0
DA:21,0
DA:28,0
DA:29,0
DA:30,0
DA:31,0
DA:32,0
DA:33,0
DA:34,0
DA:37,0
DA:46,0
DA:47,0
DA:48,0
DA:49,0
DA:50,0
DA:51,0
DA:53,0
DA:56,0
DA:57,0
DA:64,0
DA:66,0
DA:67,0
DA:68,0
DA:69,0
DA:70,0
DA:71,0
DA:74,0
DA:75,0
DA:77,0
DA:78,0
DA:79,0
DA:80,0
DA:81,0
DA:82,0
DA:85,0
DA:86,0
DA:87,0
DA:90,0
DA:93,0
DA:94,0
DA:95,0
DA:97,0
DA:98,0
DA:99,0
DA:100,0
DA:108,0
DA:110,0
DA:111,0
DA:112,0
DA:113,0
DA:114,0
DA:115,0
DA:119,0
DA:120,0
DA:122,0
DA:123,0
DA:124,0
DA:128,0
DA:129,0
DA:130,0
DA:132,0
DA:133,0
DA:134,0
DA:138,0
DA:139,0
DA:141,0
DA:142,0
DA:144,0
DA:145,0
DA:147,0
DA:148,0
DA:156,0
DA:157,0
DA:158,0
DA:159,0
DA:166,0
DA:167,0
DA:168,0
DA:169,0
DA:176,0
DA:177,0
DA:184,0
DA:185,0
DA:186,0
DA:188,0
DA:189,0
DA:196,0
DA:197,0
DA:198,0
DA:200,0
DA:201,0
DA:208,0
DA:215,0
DA:218,0
LF:101
LH:0
BRDA:7,0,0,0
BRDA:7,0,1,0
BRDA:21,1,0,0
BRDA:21,1,1,0
BRDA:32,2,0,0
BRDA:32,2,1,0
BRDA:49,3,0,0
BRDA:49,3,1,0
BRDA:68,4,0,0
BRDA:68,4,1,0
BRDA:78,5,0,0
BRDA:78,5,1,0
BRDA:110,6,0,0
BRDA:110,6,1,0
BRDA:113,7,0,0
BRDA:113,7,1,0
BRDA:119,8,0,0
BRDA:119,8,1,0
BRDA:122,9,0,0
BRDA:122,9,1,0
BRDA:124,10,0,0
BRDA:124,10,1,0
BRDA:128,11,0,0
BRDA:128,11,1,0
BRDA:130,12,0,0
BRDA:130,12,1,0
BRDA:132,13,0,0
BRDA:132,13,1,0
BRDA:134,14,0,0
BRDA:134,14,1,0
BRDA:138,15,0,0
BRDA:138,15,1,0
BRDA:138,16,0,0
BRDA:138,16,1,0
BRDA:139,17,0,0
BRDA:139,17,1,0
BRDA:141,18,0,0
BRDA:141,18,1,0
BRDA:142,19,0,0
BRDA:142,19,1,0
BRDA:144,20,0,0
BRDA:144,20,1,0
BRDA:144,21,0,0
BRDA:144,21,1,0
BRDA:145,22,0,0
BRDA:145,22,1,0
BRDA:147,23,0,0
BRDA:147,23,1,0
BRDA:148,24,0,0
BRDA:148,24,1,0
BRDA:184,25,0,0
BRDA:184,25,1,0
BRDA:184,26,0,0
BRDA:184,26,1,0
BRDA:196,27,0,0
BRDA:196,27,1,0
BRDA:196,28,0,0
BRDA:196,28,1,0
BRF:58
BRH:0
end_of_record
TN:
SF:services\simpleHuaweiAudio.js
FN:13,setMaxVolume
FN:16,(anonymous_1)
FN:17,(anonymous_2)
FN:20,(anonymous_3)
FN:44,checkUSBHeadset
FN:46,(anonymous_5)
FN:47,(anonymous_6)
FN:68,activateCallAudio
FN:108,deactivateCallAudio
FN:129,getStatus
FN:140,testBridge
FNF:11
FNH:0
FNDA:0,setMaxVolume
FNDA:0,(anonymous_1)
FNDA:0,(anonymous_2)
FNDA:0,(anonymous_3)
FNDA:0,checkUSBHeadset
FNDA:0,(anonymous_5)
FNDA:0,(anonymous_6)
FNDA:0,activateCallAudio
FNDA:0,deactivateCallAudio
FNDA:0,getStatus
FNDA:0,testBridge
DA:2,0
DA:4,0
DA:14,0
DA:16,0
DA:17,0
DA:18,0
DA:20,0
DA:21,0
DA:22,0
DA:24,0
DA:26,0
DA:29,0
DA:30,0
DA:34,0
DA:36,0
DA:37,0
DA:45,0
DA:46,0
DA:47,0
DA:48,0
DA:49,0
DA:50,0
DA:51,0
DA:53,0
DA:54,0
DA:55,0
DA:60,0
DA:61,0
DA:69,0
DA:70,0
DA:73,0
DA:76,0
DA:78,0
DA:79,0
DA:81,0
DA:82,0
DA:84,0
DA:97,0
DA:98,0
DA:109,0
DA:110,0
DA:111,0
DA:113,0
DA:118,0
DA:119,0
DA:130,0
DA:141,0
DA:142,0
DA:144,0
DA:146,0
DA:161,0
DA:162,0
DA:169,0
LF:53
LH:0
BRDA:18,0,0,0
BRDA:18,0,1,0
BRDA:21,1,0,0
BRDA:21,1,1,0
BRDA:48,2,0,0
BRDA:48,2,1,0
BRDA:48,3,0,0
BRDA:48,3,1,0
BRDA:48,3,2,0
BRDA:149,4,0,0
BRDA:149,4,1,0
BRF:11
BRH:0
end_of_record
TN:
SF:services\simpleUSBHeadsetBridge.js
FN:14,activateCallAudio
FN:25,deactivateCallAudio
FN:35,startBridge
FN:57,getStatus
FN:68,testBridge
FN:81,testRingtone
FNF:6
FNH:0
FNDA:0,activateCallAudio
FNDA:0,deactivateCallAudio
FNDA:0,startBridge
FNDA:0,getStatus
FNDA:0,testBridge
FNDA:0,testRingtone
DA:3,0
DA:15,0
DA:17,0
DA:26,0
DA:28,0
DA:37,0
DA:39,0
DA:45,0
DA:58,0
DA:69,0
DA:71,0
DA:82,0
DA:86,0
LF:13
LH:0
BRDA:48,0,0,0
BRDA:48,0,1,0
BRDA:49,1,0,0
BRDA:49,1,1,0
BRDA:74,2,0,0
BRDA:74,2,1,0
BRF:6
BRH:0
end_of_record
TN:
SF:services\twilioCalls.js
FN:27,(anonymous_0)
FNF:1
FNH:0
FNDA:0,(anonymous_0)
DA:1,0
DA:5,0
DA:6,0
DA:7,0
DA:11,0
DA:12,0
DA:13,0
DA:14,0
DA:16,0
DA:19,0
DA:27,0
DA:28,0
DA:29,0
DA:35,0
DA:37,0
DA:38,0
DA:44,0
DA:45,0
DA:47,0
DA:48,0
DA:52,0
LF:21
LH:0
BRDA:12,0,0,0
BRDA:12,0,1,0
BRDA:12,1,0,0
BRDA:12,1,1,0
BRDA:28,2,0,0
BRDA:28,2,1,0
BRDA:35,3,0,0
BRDA:35,3,1,0
BRF:8
BRH:0
end_of_record
TN:
SF:services\usbAudioBridge.js
FN:15,isWindows
FN:22,executePowerShell
FN:23,(anonymous_2)
FN:24,(anonymous_3)
FN:37,getAudioDevices
FN:54,(anonymous_5)
FN:55,(anonymous_6)
FN:66,detectUSBHeadset
FN:76,(anonymous_8)
FN:77,(anonymous_9)
FN:96,setUSBHeadsetDefault
FN:127,startAudioBridge
FN:188,activateCallAudio
FN:204,deactivateCallAudio
FN:212,getStatus
FN:223,testBridge
FN:232,(anonymous_16)
FNF:17
FNH:0
FNDA:0,isWindows
FNDA:0,executePowerShell
FNDA:0,(anonymous_2)
FNDA:0,(anonymous_3)
FNDA:0,getAudioDevices
FNDA:0,(anonymous_5)
FNDA:0,(anonymous_6)
FNDA:0,detectUSBHeadset
FNDA:0,(anonymous_8)
FNDA:0,(anonymous_9)
FNDA:0,setUSBHeadsetDefault
FNDA:0,startAudioBridge
FNDA:0,activateCallAudio
FNDA:0,deactivateCallAudio
FNDA:0,getStatus
FNDA:0,testBridge
FNDA:0,(anonymous_16)
DA:2,0
DA:3,0
DA:5,0
DA:16,0
DA:23,0
DA:24,0
DA:25,0
DA:26,0
DA:28,0
DA:38,0
DA:39,0
DA:42,0
DA:44,0
DA:49,0
DA:53,0
DA:54,0
DA:55,0
DA:58,0
DA:59,0
DA:67,0
DA:68,0
DA:69,0
DA:72,0
DA:73,0
DA:74,0
DA:76,0
DA:77,0
DA:80,0
DA:81,0
DA:82,0
DA:84,0
DA:85,0
DA:88,0
DA:89,0
DA:97,0
DA:98,0
DA:101,0
DA:103,0
DA:112,0
DA:114,0
DA:119,0
DA:120,0
DA:128,0
DA:130,0
DA:132,0
DA:134,0
DA:136,0
DA:138,0
DA:145,0
DA:157,0
DA:164,0
DA:177,0
DA:178,0
DA:189,0
DA:191,0
DA:192,0
DA:193,0
DA:198,0
DA:205,0
DA:206,0
DA:213,0
DA:224,0
DA:226,0
DA:227,0
DA:229,0
DA:231,0
DA:232,0
DA:233,0
DA:234,0
DA:239,0
DA:245,0
DA:252,0
DA:253,0
DA:260,0
LF:74
LH:0
BRDA:25,0,0,0
BRDA:25,0,1,0
BRDA:38,1,0,0
BRDA:38,1,1,0
BRDA:67,2,0,0
BRDA:67,2,1,0
BRDA:80,3,0,0
BRDA:80,3,1,0
BRDA:97,4,0,0
BRDA:97,4,1,0
BRDA:116,5,0,0
BRDA:116,5,1,0
BRDA:134,6,0,0
BRDA:134,6,1,0
BRDA:141,7,0,0
BRDA:141,7,1,0
BRDA:142,8,0,0
BRDA:142,8,1,0
BRDA:191,9,0,0
BRDA:191,9,1,0
BRDA:191,10,0,0
BRDA:191,10,1,0
BRDA:229,11,0,0
BRDA:229,11,1,0
BRDA:231,12,0,0
BRDA:231,12,1,0
BRDA:233,13,0,0
BRDA:233,13,1,0
BRF:28
BRH:0
end_of_record
TN:
SF:services\usbHeadsetBridge.js
FN:7,getStatus
FN:19,startAudioBridge
FN:36,testAudio
FNF:3
FNH:0
FNDA:0,getStatus
FNDA:0,startAudioBridge
FNDA:0,testAudio
DA:8,0
DA:20,0
DA:37,0
DA:45,0
LF:4
LH:0
BRF:0
BRH:0
end_of_record
TN:
SF:services\whatsapp.js
FN:9,sendWhatsAppMessage
FNF:1
FNH:0
FNDA:0,sendWhatsAppMessage
DA:10,0
DA:12,0
DA:13,0
DA:17,0
DA:18,0
DA:21,0
DA:24,0
DA:26,0
DA:40,0
DA:42,0
DA:43,0
DA:44,0
DA:47,0
DA:50,0
DA:51,0
DA:55,0
DA:56,0
DA:60,0
LF:18
LH:0
BRDA:12,0,0,0
BRDA:12,0,1,0
BRDA:12,1,0,0
BRDA:12,1,1,0
BRDA:17,2,0,0
BRDA:17,2,1,0
BRDA:24,3,0,0
BRDA:24,3,1,0
BRDA:42,4,0,0
BRDA:42,4,1,0
BRDA:44,5,0,0
BRDA:44,5,1,0
BRF:12
BRH:0
end_of_record
TN:
SF:services\workingHuaweiAudio.js
FN:13,setMaxVolume
FN:14,(anonymous_1)
FN:23,(anonymous_2)
FN:24,(anonymous_3)
FN:39,checkUSBAudioDevice
FN:40,(anonymous_5)
FN:41,(anonymous_6)
FN:58,openVolumeMixer
FN:59,(anonymous_8)
FN:60,(anonymous_9)
FN:75,activateCallAudio
FN:123,deactivateCallAudio
FN:144,getStatus
FN:155,testBridge
FNF:14
FNH:0
FNDA:0,setMaxVolume
FNDA:0,(anonymous_1)
FNDA:0,(anonymous_2)
FNDA:0,(anonymous_3)
FNDA:0,checkUSBAudioDevice
FNDA:0,(anonymous_5)
FNDA:0,(anonymous_6)
FNDA:0,openVolumeMixer
FNDA:0,(anonymous_8)
FNDA:0,(anonymous_9)
FNDA:0,activateCallAudio
FNDA:0,deactivateCallAudio
FNDA:0,getStatus
FNDA:0,testBridge
DA:2,0
DA:4,0
DA:14,0
DA:16,0
DA:22,0
DA:23,0
DA:24,0
DA:25,0
DA:26,0
DA:27,0
DA:28,0
DA:29,0
DA:40,0
DA:41,0
DA:42,0
DA:43,0
DA:44,0
DA:45,0
DA:47,0
DA:48,0
DA:49,0
DA:59,0
DA:60,0
DA:61,0
DA:62,0
DA:63,0
DA:65,0
DA:66,0
DA:76,0
DA:77,0
DA:80,0
DA:83,0
DA:86,0
DA:88,0
DA:89,0
DA:91,0
DA:92,0
DA:93,0
DA:95,0
DA:112,0
DA:113,0
DA:124,0
DA:125,0
DA:126,0
DA:128,0
DA:133,0
DA:134,0
DA:145,0
DA:156,0
DA:157,0
DA:159,0
DA:161,0
DA:178,0
DA:179,0
DA:186,0
LF:55
LH:0
BRDA:25,0,0,0
BRDA:25,0,1,0
BRDA:27,1,0,0
BRDA:27,1,1,0
BRDA:42,2,0,0
BRDA:42,2,1,0
BRDA:42,3,0,0
BRDA:42,3,1,0
BRDA:61,4,0,0
BRDA:61,4,1,0
BRDA:164,5,0,0
BRDA:164,5,1,0
BRF:12
BRH:0
end_of_record
